"S2Click #129 Console [Jenkins]Skip to contentJenkinslog inDashboardS2Click#129Back to ProjectStatusChangesConsole OutputView as plain textView Build InformationPrevious BuildNext BuildConsole Outputユーザーtakezoeが実行Updating https://www.seasar.org/svn/sandbox/s2click/trunk/s2clickAU        test/org/seasar/s2click/filter/MockFilterChain.javaU         test/org/seasar/s2click/filter/UrlPatternFilterTest.javaAU        test/org/seasar/s2click/filter/S2ClickEncodingFilterTest.javaU         test/org/seasar/s2click/filter/AllTests.javaU         test/org/seasar/s2click/S2ClickPageTest.javaU         test/org/seasar/s2click/example/page/JsonPageTest.javaAt revision 600[ant] $ ant -file build.xml cleanBuildfile: build.xmlclean:   [delete] Deleting directory /home/services/hudson/jobs/S2Click/workspace/s2click/ant/bin   [delete] Deleting directory /home/services/hudson/jobs/S2Click/workspace/s2click/ant/test   [delete] Deleting directory /home/services/hudson/jobs/S2Click/workspace/s2click/ant/docs   [delete] Deleting directory /home/services/hudson/jobs/S2Click/workspace/s2click/ant/s2click   [delete] Deleting directory /home/services/hudson/jobs/S2Click/workspace/s2click/ant/s2click-1.0.3   [delete] Deleting: /home/services/hudson/jobs/S2Click/workspace/s2click/ant/s2click-1.0.3.zipBUILD SUCCESSFULTotal time: 1 second[ant] $ ant -file build.xml releaseBuildfile: build.xmlclean:javadoc:    [mkdir] Created dir: /home/services/hudson/jobs/S2Click/workspace/s2click/ant/docs/javadoc  [javadoc] Generating Javadoc  [javadoc] Javadoc execution  [javadoc] パッケージ org.apache.velocity.tools.generic.introspection のソースファイルを読み込んでいます...  [javadoc] パッケージ org.seasar.s2click のソースファイルを読み込んでいます...  [javadoc] パッケージ org.seasar.s2click.annotation のソースファイルを読み込んでいます...  [javadoc] パッケージ org.seasar.s2click.control のソースファイルを読み込んでいます...  [javadoc] パッケージ org.seasar.s2click.exception のソースファイルを読み込んでいます...  [javadoc] パッケージ org.seasar.s2click.filter のソースファイルを読み込んでいます...  [javadoc] パッケージ org.seasar.s2click.servlet のソースファイルを読み込んでいます...  [javadoc] パッケージ org.seasar.s2click.test のソースファイルを読み込んでいます...  [javadoc] パッケージ org.seasar.s2click.util のソースファイルを読み込んでいます...  [javadoc] Javadoc 情報を構築しています...  [javadoc] 標準 Doclet バージョン 1.6.0_22  [javadoc] 全パッケージとクラスの階層ツリーを作成しています...  [javadoc] /home/services/hudson/jobs/S2Click/workspace/s2click/ant/docs/javadoc/org/apache/velocity/tools/generic/introspection//PublicFieldUberspect.html の生成  [javadoc] /home/services/hudson/jobs/S2Click/workspace/s2click/ant/docs/javadoc/org/apache/velocity/tools/generic/introspection//PublicFieldUberspect.ArrayLengthGetter.html の生成  [javadoc] /home/services/hudson/jobs/S2Click/workspace/s2click/ant/docs/javadoc/org/apache/velocity/tools/generic/introspection//PublicFieldUberspect.PublicFieldGetter.html の生成  [javadoc] /home/services/hudson/jobs/S2Click/workspace/s2click/ant/docs/javadoc/org/apache/velocity/tools/generic/introspection//PublicFieldUberspect.PublicFieldSetter.html の生成  [javadoc] /home/services/hudson/jobs/S2Click/workspace/s2click/ant/docs/javadoc/org/seasar/s2click//S2ClickConfig.html の生成  [javadoc] /home/services/hudson/jobs/S2Click/workspace/s2click/ant/docs/javadoc/org/seasar/s2click//S2ClickConfigService.html の生成  [javadoc] /home/services/hudson/jobs/S2Click/workspace/s2click/ant/docs/javadoc/org/seasar/s2click//S2ClickPage.html の生成  [javadoc] /home/services/hudson/jobs/S2Click/workspace/s2click/ant/docs/javadoc/org/seasar/s2click/annotation//Ajax.html の生成  [javadoc] /home/services/hudson/jobs/S2Click/workspace/s2click/ant/docs/javadoc/org/seasar/s2click/annotation//Path.html の生成  [javadoc] /home/services/hudson/jobs/S2Click/workspace/s2click/ant/docs/javadoc/org/seasar/s2click/annotation//Request.html の生成  [javadoc] /home/services/hudson/jobs/S2Click/workspace/s2click/ant/docs/javadoc/org/seasar/s2click/annotation//UrlPattern.html の生成  [javadoc] /home/services/hudson/jobs/S2Click/workspace/s2click/ant/docs/javadoc/org/seasar/s2click/control//AjaxButton.html の生成  [javadoc] /home/services/hudson/jobs/S2Click/workspace/s2click/ant/docs/javadoc/org/seasar/s2click/control//AjaxLink.html の生成  [javadoc] /home/services/hudson/jobs/S2Click/workspace/s2click/ant/docs/javadoc/org/seasar/s2click/control//AjaxSubmit.html の生成  [javadoc] /home/services/hudson/jobs/S2Click/workspace/s2click/ant/docs/javadoc/org/seasar/s2click/control//CodePrettify.html の生成  [javadoc] /home/services/hudson/jobs/S2Click/workspace/s2click/ant/docs/javadoc/org/seasar/s2click/control//DateFieldYYYYMMDD.html の生成  [javadoc] /home/services/hudson/jobs/S2Click/workspace/s2click/ant/docs/javadoc/org/seasar/s2click/control//GreyboxButton.html の生成  [javadoc] /home/services/hudson/jobs/S2Click/workspace/s2click/ant/docs/javadoc/org/seasar/s2click/control//GreyboxLink.html の生成  [javadoc] /home/services/hudson/jobs/S2Click/workspace/s2click/ant/docs/javadoc/org/seasar/s2click/control//PaginateList.html の生成  [javadoc] /home/services/hudson/jobs/S2Click/workspace/s2click/ant/docs/javadoc/org/seasar/s2click/control//PublicFieldColumn.html の生成  [javadoc] /home/services/hudson/jobs/S2Click/workspace/s2click/ant/docs/javadoc/org/seasar/s2click/control//S2ClickForm.html の生成  [javadoc] /home/services/hudson/jobs/S2Click/workspace/s2click/ant/docs/javadoc/org/seasar/s2click/control//ToolTip.html の生成  [javadoc] /home/services/hudson/jobs/S2Click/workspace/s2click/ant/docs/javadoc/org/seasar/s2click/exception//AjaxException.html の生成  [javadoc] /home/services/hudson/jobs/S2Click/workspace/s2click/ant/docs/javadoc/org/seasar/s2click/exception//RequestConversionException.html の生成  [javadoc] /home/services/hudson/jobs/S2Click/workspace/s2click/ant/docs/javadoc/org/seasar/s2click/exception//RequestRequiredException.html の生成  [javadoc] /home/services/hudson/jobs/S2Click/workspace/s2click/ant/docs/javadoc/org/seasar/s2click/exception//S2ClickException.html の生成  [javadoc] /home/services/hudson/jobs/S2Click/workspace/s2click/ant/docs/javadoc/org/seasar/s2click/filter//S2ClickEncodingFilter.html の生成  [javadoc] /home/services/hudson/jobs/S2Click/workspace/s2click/ant/docs/javadoc/org/seasar/s2click/filter//UrlPatternFilter.html の生成  [javadoc] /home/services/hudson/jobs/S2Click/workspace/s2click/ant/docs/javadoc/org/seasar/s2click/filter//UrlPatternManager.html の生成  [javadoc] /home/services/hudson/jobs/S2Click/workspace/s2click/ant/docs/javadoc/org/seasar/s2click/filter//UrlPatternManager.UrlRewriteInfo.html の生成  [javadoc] /home/services/hudson/jobs/S2Click/workspace/s2click/ant/docs/javadoc/org/seasar/s2click/servlet//ResourceServlet.html の生成  [javadoc] /home/services/hudson/jobs/S2Click/workspace/s2click/ant/docs/javadoc/org/seasar/s2click/servlet//S2ClickRequestWrapper.html の生成  [javadoc] /home/services/hudson/jobs/S2Click/workspace/s2click/ant/docs/javadoc/org/seasar/s2click/servlet//S2ClickServlet.html の生成  [javadoc] /home/services/hudson/jobs/S2Click/workspace/s2click/ant/docs/javadoc/org/seasar/s2click/servlet//S2ClickServletTx.html の生成  [javadoc] /home/services/hudson/jobs/S2Click/workspace/s2click/ant/docs/javadoc/org/seasar/s2click/test//Assert.html の生成  [javadoc] /home/services/hudson/jobs/S2Click/workspace/s2click/ant/docs/javadoc/org/seasar/s2click/test//GenerateExcel.html の生成  [javadoc] /home/services/hudson/jobs/S2Click/workspace/s2click/ant/docs/javadoc/org/seasar/s2click/test//MockConfigService.html の生成  [javadoc] /home/services/hudson/jobs/S2Click/workspace/s2click/ant/docs/javadoc/org/seasar/s2click/test//MockTemplateService.html の生成  [javadoc] /home/services/hudson/jobs/S2Click/workspace/s2click/ant/docs/javadoc/org/seasar/s2click/test//S2ClickPageTestCase.html の生成  [javadoc] /home/services/hudson/jobs/S2Click/workspace/s2click/ant/docs/javadoc/org/seasar/s2click/test//S2ClickServiceTestCase.html の生成  [javadoc] /home/services/hudson/jobs/S2Click/workspace/s2click/ant/docs/javadoc/org/seasar/s2click/test//S2ClickTestCase.html の生成  [javadoc] /home/services/hudson/jobs/S2Click/workspace/s2click/ant/docs/javadoc/org/seasar/s2click/test//S2ClickTestConfig.html の生成  [javadoc] /home/services/hudson/jobs/S2Click/workspace/s2click/ant/docs/javadoc/org/seasar/s2click/test//Table.html の生成  [javadoc] /home/services/hudson/jobs/S2Click/workspace/s2click/ant/docs/javadoc/org/seasar/s2click/test//XlsWriter.html の生成  [javadoc] /home/services/hudson/jobs/S2Click/workspace/s2click/ant/docs/javadoc/org/seasar/s2click/util//AjaxUtils.html の生成  [javadoc] /home/services/hudson/jobs/S2Click/workspace/s2click/ant/docs/javadoc/org/seasar/s2click/util//S2ClickFormat.html の生成  [javadoc] /home/services/hudson/jobs/S2Click/workspace/s2click/ant/docs/javadoc/org/seasar/s2click/util//S2ClickUtils.html の生成  [javadoc] /home/services/hudson/jobs/S2Click/workspace/s2click/ant/docs/javadoc/overview-frame.html の生成  [javadoc] /home/services/hudson/jobs/S2Click/workspace/s2click/ant/docs/javadoc/org/apache/velocity/tools/generic/introspection//package-frame.html の生成  [javadoc] /home/services/hudson/jobs/S2Click/workspace/s2click/ant/docs/javadoc/org/apache/velocity/tools/generic/introspection//package-summary.html の生成  [javadoc] /home/services/hudson/jobs/S2Click/workspace/s2click/ant/docs/javadoc/org/apache/velocity/tools/generic/introspection//package-tree.html の生成  [javadoc] /home/services/hudson/jobs/S2Click/workspace/s2click/ant/docs/javadoc/org/seasar/s2click//package-frame.html の生成  [javadoc] /home/services/hudson/jobs/S2Click/workspace/s2click/ant/docs/javadoc/org/seasar/s2click//package-summary.html の生成  [javadoc] /home/services/hudson/jobs/S2Click/workspace/s2click/ant/docs/javadoc/org/seasar/s2click//package-tree.html の生成  [javadoc] /home/services/hudson/jobs/S2Click/workspace/s2click/ant/docs/javadoc/org/seasar/s2click/annotation//package-frame.html の生成  [javadoc] /home/services/hudson/jobs/S2Click/workspace/s2click/ant/docs/javadoc/org/seasar/s2click/annotation//package-summary.html の生成  [javadoc] /home/services/hudson/jobs/S2Click/workspace/s2click/ant/docs/javadoc/org/seasar/s2click/annotation//package-tree.html の生成  [javadoc] /home/services/hudson/jobs/S2Click/workspace/s2click/ant/docs/javadoc/org/seasar/s2click/control//package-frame.html の生成  [javadoc] /home/services/hudson/jobs/S2Click/workspace/s2click/ant/docs/javadoc/org/seasar/s2click/control//package-summary.html の生成  [javadoc] /home/services/hudson/jobs/S2Click/workspace/s2click/ant/docs/javadoc/org/seasar/s2click/control//package-tree.html の生成  [javadoc] /home/services/hudson/jobs/S2Click/workspace/s2click/ant/docs/javadoc/org/seasar/s2click/exception//package-frame.html の生成  [javadoc] /home/services/hudson/jobs/S2Click/workspace/s2click/ant/docs/javadoc/org/seasar/s2click/exception//package-summary.html の生成  [javadoc] /home/services/hudson/jobs/S2Click/workspace/s2click/ant/docs/javadoc/org/seasar/s2click/exception//package-tree.html の生成  [javadoc] /home/services/hudson/jobs/S2Click/workspace/s2click/ant/docs/javadoc/org/seasar/s2click/filter//package-frame.html の生成  [javadoc] /home/services/hudson/jobs/S2Click/workspace/s2click/ant/docs/javadoc/org/seasar/s2click/filter//package-summary.html の生成  [javadoc] /home/services/hudson/jobs/S2Click/workspace/s2click/ant/docs/javadoc/org/seasar/s2click/filter//package-tree.html の生成  [javadoc] /home/services/hudson/jobs/S2Click/workspace/s2click/ant/docs/javadoc/org/seasar/s2click/servlet//package-frame.html の生成  [javadoc] /home/services/hudson/jobs/S2Click/workspace/s2click/ant/docs/javadoc/org/seasar/s2click/servlet//package-summary.html の生成  [javadoc] /home/services/hudson/jobs/S2Click/workspace/s2click/ant/docs/javadoc/org/seasar/s2click/servlet//package-tree.html の生成  [javadoc] /home/services/hudson/jobs/S2Click/workspace/s2click/ant/docs/javadoc/org/seasar/s2click/test//package-frame.html の生成  [javadoc] /home/services/hudson/jobs/S2Click/workspace/s2click/ant/docs/javadoc/org/seasar/s2click/test//package-summary.html の生成  [javadoc] /home/services/hudson/jobs/S2Click/workspace/s2click/ant/docs/javadoc/org/seasar/s2click/test//package-tree.html の生成  [javadoc] /home/services/hudson/jobs/S2Click/workspace/s2click/ant/docs/javadoc/org/seasar/s2click/util//package-frame.html の生成  [javadoc] /home/services/hudson/jobs/S2Click/workspace/s2click/ant/docs/javadoc/org/seasar/s2click/util//package-summary.html の生成  [javadoc] /home/services/hudson/jobs/S2Click/workspace/s2click/ant/docs/javadoc/org/seasar/s2click/util//package-tree.html の生成  [javadoc] /home/services/hudson/jobs/S2Click/workspace/s2click/ant/docs/javadoc/constant-values.html の生成  [javadoc] /home/services/hudson/jobs/S2Click/workspace/s2click/ant/docs/javadoc/serialized-form.html の生成  [javadoc] 全パッケージとクラスのインデックスを作成しています...  [javadoc] /home/services/hudson/jobs/S2Click/workspace/s2click/ant/docs/javadoc/overview-tree.html の生成  [javadoc] /home/services/hudson/jobs/S2Click/workspace/s2click/ant/docs/javadoc/index-all.html の生成  [javadoc] /home/services/hudson/jobs/S2Click/workspace/s2click/ant/docs/javadoc/deprecated-list.html の生成  [javadoc] 全クラスのインデックスを作成しています...  [javadoc] /home/services/hudson/jobs/S2Click/workspace/s2click/ant/docs/javadoc/allclasses-frame.html の生成  [javadoc] /home/services/hudson/jobs/S2Click/workspace/s2click/ant/docs/javadoc/allclasses-noframe.html の生成  [javadoc] /home/services/hudson/jobs/S2Click/workspace/s2click/ant/docs/javadoc/index.html の生成  [javadoc] /home/services/hudson/jobs/S2Click/workspace/s2click/ant/docs/javadoc/overview-summary.html の生成  [javadoc] /home/services/hudson/jobs/S2Click/workspace/s2click/ant/docs/javadoc/help-doc.html の生成  [javadoc] /home/services/hudson/jobs/S2Click/workspace/s2click/ant/docs/javadoc/stylesheet.css の生成compile:    [mkdir] Created dir: /home/services/hudson/jobs/S2Click/workspace/s2click/ant/bin    [javac] Compiling 68 source files to /home/services/hudson/jobs/S2Click/workspace/s2click/ant/bin    [javac] 注:一部の入力ファイルは推奨されない API を使用またはオーバーライドしています。    [javac] 注:詳細については、-Xlint:deprecation オプションを指定して再コンパイルしてください。     [copy] Copying 31 files to /home/services/hudson/jobs/S2Click/workspace/s2click/ant/binjar:    [mkdir] Created dir: /home/services/hudson/jobs/S2Click/workspace/s2click/ant/s2click-1.0.3     [copy] Copying 44 files to /home/services/hudson/jobs/S2Click/workspace/s2click/ant/bin      [jar] Building jar: /home/services/hudson/jobs/S2Click/workspace/s2click/ant/s2click-1.0.3/s2click-1.0.3.jarbuild-example:    [mkdir] Created dir: /home/services/hudson/jobs/S2Click/workspace/s2click/ant/s2click     [copy] Copying 38 files to /home/services/hudson/jobs/S2Click/workspace/s2click/ant/s2click     [copy] Copying 1 file to /home/services/hudson/jobs/S2Click/workspace/s2click/ant/s2click/WEB-INF/lib    [mkdir] Created dir: /home/services/hudson/jobs/S2Click/workspace/s2click/ant/s2click/WEB-INF/classes    [javac] Compiling 24 source files to /home/services/hudson/jobs/S2Click/workspace/s2click/ant/s2click/WEB-INF/classes     [copy] Copying 35 files to /home/services/hudson/jobs/S2Click/workspace/s2click/ant/s2click/WEB-INF/classes      [war] Building war: /home/services/hudson/jobs/S2Click/workspace/s2click/ant/s2click-1.0.3/s2click-example.warbuild-blank:     [copy] Copying 12 files to /home/services/hudson/jobs/S2Click/workspace/s2click/ant/blank/s2click/WebContent/WEB-INF/lib      [zip] Building zip: /home/services/hudson/jobs/S2Click/workspace/s2click/ant/s2click-1.0.3/s2click-blank.zipbuild-blank-s2jdbc:     [copy] Copying 16 files to /home/services/hudson/jobs/S2Click/workspace/s2click/ant/blank-s2jdbc/s2click/WebContent/WEB-INF/lib      [zip] Building zip: /home/services/hudson/jobs/S2Click/workspace/s2click/ant/s2click-1.0.3/s2click-s2jdbc-blank.ziprelease:    [mkdir] Created dir: /home/services/hudson/jobs/S2Click/workspace/s2click/ant/s2click-1.0.3/lib     [copy] Copying 15 files to /home/services/hudson/jobs/S2Click/workspace/s2click/ant/s2click-1.0.3/lib    [mkdir] Created dir: /home/services/hudson/jobs/S2Click/workspace/s2click/ant/s2click-1.0.3/doc     [copy] Copying 20 files to /home/services/hudson/jobs/S2Click/workspace/s2click/ant/s2click-1.0.3/doc    [mkdir] Created dir: /home/services/hudson/jobs/S2Click/workspace/s2click/ant/s2click-1.0.3/doc/javadoc     [copy] Copying 88 files to /home/services/hudson/jobs/S2Click/workspace/s2click/ant/s2click-1.0.3/doc/javadoc      [zip] Building zip: /home/services/hudson/jobs/S2Click/workspace/s2click/ant/s2click-1.0.3.zipBUILD SUCCESSFULTotal time: 12 seconds[ant] $ ant -file build.xml testBuildfile: build.xmlcompile:test:    [mkdir] Created dir: /home/services/hudson/jobs/S2Click/workspace/s2click/ant/test    [javac] Compiling 29 source files to /home/services/hudson/jobs/S2Click/workspace/s2click/ant/test     [copy] Copying 19 files to /home/services/hudson/jobs/S2Click/workspace/s2click/ant/test    [junit] Running org.seasar.s2click.S2ClickPageTest    [junit] Tests run: 4, Failures: 0, Errors: 0, Time elapsed: 1.519 sec    [junit] Running org.seasar.s2click.control.AjaxButtonTest    [junit] Tests run: 5, Failures: 0, Errors: 0, Time elapsed: 0.73 sec    [junit] Running org.seasar.s2click.control.AjaxLinkTest    [junit] Tests run: 6, Failures: 0, Errors: 0, Time elapsed: 0.688 sec    [junit] Running org.seasar.s2click.control.AjaxSubmitTest    [junit] Tests run: 3, Failures: 0, Errors: 0, Time elapsed: 0.362 sec    [junit] Running org.seasar.s2click.control.CodePrettifyTest    [junit] Tests run: 1, Failures: 0, Errors: 0, Time elapsed: 0.12 sec    [junit] Running org.seasar.s2click.control.DateFieldYYYYMMDDTest    [junit] Tests run: 6, Failures: 0, Errors: 0, Time elapsed: 0.586 sec    [junit] Running org.seasar.s2click.control.GreyboxButtonTest    [junit] Tests run: 6, Failures: 0, Errors: 0, Time elapsed: 0.513 sec    [junit] Running org.seasar.s2click.control.GreyboxLinkTest    [junit] Tests run: 9, Failures: 0, Errors: 0, Time elapsed: 0.733 sec    [junit] Running org.seasar.s2click.control.PaginateListTest    [junit] Tests run: 17, Failures: 0, Errors: 0, Time elapsed: 1.265 sec    [junit] Running org.seasar.s2click.control.PublicFieldColumnTest    [junit] Tests run: 1, Failures: 0, Errors: 0, Time elapsed: 0.069 sec    [junit] Running org.seasar.s2click.control.S2ClickFormTest    [junit] Tests run: 9, Failures: 0, Errors: 0, Time elapsed: 0.653 sec    [junit] Running org.seasar.s2click.control.ToolTipTest    [junit] Tests run: 10, Failures: 0, Errors: 0, Time elapsed: 0.652 sec    [junit] Running org.seasar.s2click.example.page.AddPageTest    [junit] Tests run: 1, Failures: 0, Errors: 0, Time elapsed: 0.071 sec    [junit] Running org.seasar.s2click.example.page.JdbcPageTest    [junit] Tests run: 2, Failures: 0, Errors: 0, Time elapsed: 0.135 sec    [junit] Running org.seasar.s2click.example.page.JsonPageTest    [junit] Tests run: 4, Failures: 0, Errors: 0, Time elapsed: 0.269 sec    [junit] Running org.seasar.s2click.example.service.MessageServiceTest    [junit] Tests run: 4, Failures: 0, Errors: 0, Time elapsed: 1.023 sec    [junit] Running org.seasar.s2click.filter.S2ClickEncodingFilterTest    [junit] Tests run: 2, Failures: 0, Errors: 0, Time elapsed: 0.133 sec    [junit] Running org.seasar.s2click.filter.UrlPatternFilterTest    [junit] Tests run: 2, Failures: 0, Errors: 0, Time elapsed: 0.076 sec    [junit] Running org.seasar.s2click.filter.UrlPatternManagerTest    [junit] Tests run: 1, Failures: 0, Errors: 0, Time elapsed: 0.001 sec    [junit] Running org.seasar.s2click.util.AjaxUtilsTest    [junit] Tests run: 4, Failures: 0, Errors: 0, Time elapsed: 0 sec    [junit] Running org.seasar.s2click.util.S2ClickFormatTest    [junit] Tests run: 8, Failures: 0, Errors: 0, Time elapsed: 0.306 sec    [junit] Running org.seasar.s2click.util.S2ClickUtilsTest    [junit] Tests run: 8, Failures: 0, Errors: 0, Time elapsed: 0.299 secBUILD SUCCESSFULTotal time: 14 secondsFinished: SUCCESSHelp us localize this pageREST APIJenkins 2.263.2"
