"gazelle-transformation #22 Console [Jenkins]Skip to contentJenkinslog inDashboardgazelle-transformation#22Back to ProjectStatusChangesConsole OutputView as plain textView Build InformationTest ResultSee FingerprintsOpen Blue OceanNext BuildConsole OutputStarted by user marif[EnvInject] - Loading node environment variables.Building on master in workspace /home/jenkins/.hudson/jobs/gazelle-transformation/workspaceCleaning local Directory .Checking out svn+ssh://scm.gforge.inria.fr/svn/gazelle/Maven/gazelle-transformation/trunk at revision '2019-03-21T10:16:23.785 +0100'Using sole credentials gazelle-jenkins in realm ‘svn+ssh://scm.gforge.inria.fr’Using sole credentials gazelle-jenkins in realm ‘svn+ssh://scm.gforge.inria.fr’A         transformation-warA         transformation-war/pom.xmlA         transformation-war/srcA         transformation-war/src/testA         transformation-war/src/test/javaA         transformation-war/src/mainA         transformation-war/src/main/webappA         transformation-war/src/main/webapp/layoutA         transformation-war/src/main/webapp/layout/template.xhtmlA         transformation-war/src/main/webapp/layout/footer.xhtmlA         transformation-war/src/main/webapp/layout/menu-right.xhtmlA         transformation-war/src/main/webapp/layout/menu_links.xhtmlA         transformation-war/src/main/webapp/META-INFA         transformation-war/src/main/webapp/META-INF/MANIFEST.MFA         transformation-war/src/main/webapp/schemaA         transformation-war/src/main/webapp/schema/view.xhtmlA         transformation-war/src/main/webapp/schema/list.xhtmlA         transformation-war/src/main/webapp/schema/create.page.xmlA         transformation-war/src/main/webapp/schema/create.xhtmlA         transformation-war/src/main/webapp/schema/edit.page.xmlA         transformation-war/src/main/webapp/schema/edit.xhtmlA         transformation-war/src/main/webapp/home.xhtmlA         transformation-war/src/main/webapp/login.xhtmlA         transformation-war/src/main/webapp/error.xhtmlA         transformation-war/src/main/webapp/administrationA         transformation-war/src/main/webapp/administration/configure.page.xmlA         transformation-war/src/main/webapp/administration/configure.xhtmlA         transformation-war/src/main/webapp/errorExpired.xhtmlA         transformation-war/src/main/webapp/casA         transformation-war/src/main/webapp/cas/home.xhtmlA         transformation-war/src/main/webapp/WEB-INFA         transformation-war/src/main/webapp/WEB-INF/components.xmlA         transformation-war/src/main/webapp/WEB-INF/web.xmlA         transformation-war/src/main/webapp/WEB-INF/pages.xmlA         transformation-war/src/main/webapp/WEB-INF/faces-config.xmlA         transformation-war/src/main/webapp/objecttypeA         transformation-war/src/main/webapp/objecttype/edit.page.xmlA         transformation-war/src/main/webapp/objecttype/edit.xhtmlA         transformation-war/src/main/webapp/objecttype/list.xhtmlA         transformation-war/src/main/webapp/objecttype/create.page.xmlA         transformation-war/src/main/webapp/objecttype/create.xhtmlA         transformation-war/src/main/webapp/index.htmlA         transformation-war/src/main/webapp/resourcesA         transformation-war/src/main/webapp/resources/stylesheetA         transformation-war/src/main/webapp/resources/stylesheet/theme-SchematronValidator.cssA         transformation-war/src/main/crowdinA         transformation-war/src/main/crowdin/fiA         transformation-war/src/main/crowdin/fi/net.ihe.gazelle.maven.gazelle-seam-tools-warA         transformation-war/src/main/crowdin/fi/net.ihe.gazelle.maven.gazelle-seam-tools-war/gazelle-seam-tools.propertiesA         transformation-war/src/main/crowdin/fi/net.ihe.gazelle.gazelle-assetsA         transformation-war/src/main/crowdin/fi/net.ihe.gazelle.gazelle-assets/assets.propertiesA         transformation-war/src/main/crowdin/fi/net.ihe.gazelle.transformation-warA         transformation-war/src/main/crowdin/fi/net.ihe.gazelle.transformation-war/transformation.propertiesA         transformation-war/src/main/crowdin/zh-CNA         transformation-war/src/main/crowdin/zh-CN/net.ihe.gazelle.transformation-warA         transformation-war/src/main/crowdin/zh-CN/net.ihe.gazelle.transformation-war/transformation.propertiesA         transformation-war/src/main/crowdin/zh-CN/net.ihe.gazelle.maven.gazelle-seam-tools-warA         transformation-war/src/main/crowdin/zh-CN/net.ihe.gazelle.maven.gazelle-seam-tools-war/gazelle-seam-tools.propertiesA         transformation-war/src/main/crowdin/zh-CN/net.ihe.gazelle.gazelle-assetsA         transformation-war/src/main/crowdin/zh-CN/net.ihe.gazelle.gazelle-assets/assets.propertiesA         transformation-war/src/main/crowdin/enA         transformation-war/src/main/crowdin/en/net.ihe.gazelle.maven.gazelle-seam-tools-warA         transformation-war/src/main/crowdin/en/net.ihe.gazelle.maven.gazelle-seam-tools-war/gazelle-seam-tools.propertiesA         transformation-war/src/main/crowdin/en/net.ihe.gazelle.gazelle-assetsA         transformation-war/src/main/crowdin/en/net.ihe.gazelle.gazelle-assets/assets.propertiesA         transformation-war/src/main/crowdin/en/net.ihe.gazelle.transformation-warA         transformation-war/src/main/crowdin/en/net.ihe.gazelle.transformation-war/transformation.propertiesA         transformation-war/src/main/crowdin/frA         transformation-war/src/main/crowdin/fr/net.ihe.gazelle.transformation-warA         transformation-war/src/main/crowdin/fr/net.ihe.gazelle.transformation-war/transformation.propertiesA         transformation-war/src/main/crowdin/fr/net.ihe.gazelle.maven.gazelle-seam-tools-warA         transformation-war/src/main/crowdin/fr/net.ihe.gazelle.maven.gazelle-seam-tools-war/gazelle-seam-tools.propertiesA         transformation-war/src/main/crowdin/fr/net.ihe.gazelle.gazelle-assetsA         transformation-war/src/main/crowdin/fr/net.ihe.gazelle.gazelle-assets/assets.propertiesA         transformation-war/src/main/crowdin/deA         transformation-war/src/main/crowdin/de/net.ihe.gazelle.transformation-warA         transformation-war/src/main/crowdin/de/net.ihe.gazelle.transformation-war/transformation.propertiesA         transformation-war/src/main/crowdin/de/net.ihe.gazelle.maven.gazelle-seam-tools-warA         transformation-war/src/main/crowdin/de/net.ihe.gazelle.maven.gazelle-seam-tools-war/gazelle-seam-tools.propertiesA         transformation-war/src/main/crowdin/de/net.ihe.gazelle.gazelle-assetsA         transformation-war/src/main/crowdin/de/net.ihe.gazelle.gazelle-assets/assets.propertiesA         transformation-war/src/main/crowdin/zh-TWA         transformation-war/src/main/crowdin/zh-TW/net.ihe.gazelle.gazelle-assetsA         transformation-war/src/main/crowdin/zh-TW/net.ihe.gazelle.gazelle-assets/assets.propertiesA         transformation-war/src/main/crowdin/zh-TW/net.ihe.gazelle.transformation-warA         transformation-war/src/main/crowdin/zh-TW/net.ihe.gazelle.transformation-war/transformation.propertiesA         transformation-war/src/main/crowdin/zh-TW/net.ihe.gazelle.maven.gazelle-seam-tools-warA         transformation-war/src/main/crowdin/zh-TW/net.ihe.gazelle.maven.gazelle-seam-tools-war/gazelle-seam-tools.propertiesA         transformation-war/src/main/crowdin/jaA         transformation-war/src/main/crowdin/ja/net.ihe.gazelle.transformation-warA         transformation-war/src/main/crowdin/ja/net.ihe.gazelle.transformation-war/transformation.propertiesA         transformation-war/src/main/crowdin/ja/net.ihe.gazelle.maven.gazelle-seam-tools-warA         transformation-war/src/main/crowdin/ja/net.ihe.gazelle.maven.gazelle-seam-tools-war/gazelle-seam-tools.propertiesA         transformation-war/src/main/crowdin/ja/net.ihe.gazelle.gazelle-assetsA         transformation-war/src/main/crowdin/ja/net.ihe.gazelle.gazelle-assets/assets.propertiesA         transformation-war/src/main/crowdin/plA         transformation-war/src/main/crowdin/pl/net.ihe.gazelle.transformation-warA         transformation-war/src/main/crowdin/pl/net.ihe.gazelle.transformation-war/transformation.propertiesA         transformation-war/src/main/crowdin/pl/net.ihe.gazelle.maven.gazelle-seam-tools-warA         transformation-war/src/main/crowdin/pl/net.ihe.gazelle.maven.gazelle-seam-tools-war/gazelle-seam-tools.propertiesA         transformation-war/src/main/crowdin/pl/net.ihe.gazelle.gazelle-assetsA         transformation-war/src/main/crowdin/pl/net.ihe.gazelle.gazelle-assets/assets.propertiesA         transformation-war/src/main/crowdin/es-ESA         transformation-war/src/main/crowdin/es-ES/net.ihe.gazelle.gazelle-assetsA         transformation-war/src/main/crowdin/es-ES/net.ihe.gazelle.gazelle-assets/assets.propertiesA         transformation-war/src/main/crowdin/es-ES/net.ihe.gazelle.transformation-warA         transformation-war/src/main/crowdin/es-ES/net.ihe.gazelle.transformation-war/transformation.propertiesA         transformation-war/src/main/crowdin/es-ES/net.ihe.gazelle.maven.gazelle-seam-tools-warA         transformation-war/src/main/crowdin/es-ES/net.ihe.gazelle.maven.gazelle-seam-tools-war/gazelle-seam-tools.propertiesA         transformation-war/src/main/crowdin/sv-SEA         transformation-war/src/main/crowdin/sv-SE/net.ihe.gazelle.transformation-warA         transformation-war/src/main/crowdin/sv-SE/net.ihe.gazelle.transformation-war/transformation.propertiesA         transformation-war/src/main/crowdin/sv-SE/net.ihe.gazelle.maven.gazelle-seam-tools-warA         transformation-war/src/main/crowdin/sv-SE/net.ihe.gazelle.maven.gazelle-seam-tools-war/gazelle-seam-tools.propertiesA         transformation-war/src/main/crowdin/sv-SE/net.ihe.gazelle.gazelle-assetsA         transformation-war/src/main/crowdin/sv-SE/net.ihe.gazelle.gazelle-assets/assets.propertiesA         transformation-war/src/main/messagesA         transformation-war/src/main/messages/transformation.propertiesA         transformation-war/src/main/resourcesA         transformation-war/src/main/resources/messages.propertiesA         transformation-war/src/main/resources/dfdl-fr.propertiesA         transformation-ejbA         transformation-ejb/srcA         transformation-ejb/src/testA         transformation-ejb/src/test/resourcesA         transformation-ejb/src/test/resources/valid_n040.xmlA         transformation-ejb/src/test/resources/valid_oc.xmlA         transformation-ejb/src/test/resources/compilationsAU        transformation-ejb/src/test/resources/compilations/valid_rsp580.xsd.compiledA         transformation-ejb/src/test/resources/invalid_cs.datA         transformation-ejb/src/test/resources/valid_cs.xmlA         transformation-ejb/src/test/resources/invalid_rsp580.xsdA         transformation-ejb/src/test/resources/valid_n040.datA         transformation-ejb/src/test/resources/valid_oc.datA         transformation-ejb/src/test/resources/twlabA         transformation-ejb/src/test/resources/twlab/built-in-formats.xsdA         transformation-ejb/src/test/resources/twlab/invalid_payload_157.asn1A         transformation-ejb/src/test/resources/twlab/invalid_mms_mmxu.dfdl.xsdA         transformation-ejb/src/test/resources/twlab/payloadTransformed.xmlA         transformation-ejb/src/test/resources/twlab/invalid_payloadTransformed.xmlAU        transformation-ejb/src/test/resources/twlab/payload_157.asn1A         transformation-ejb/src/test/resources/twlab/mms_mmxu.dfdl.xsdA         transformation-ejb/src/test/resources/invalid_cs.xmlA         transformation-ejb/src/test/resources/valid_cs.datA         transformation-ejb/src/test/resources/valid_rsp580.xsdA         transformation-ejb/src/test/resources/emptyA         transformation-ejb/src/test/javaA         transformation-ejb/src/test/java/netA         transformation-ejb/src/test/java/net/iheA         transformation-ejb/src/test/java/net/ihe/gazelleA         transformation-ejb/src/test/java/net/ihe/gazelle/transformationA         transformation-ejb/src/test/java/net/ihe/gazelle/transformation/otherA         transformation-ejb/src/test/java/net/ihe/gazelle/transformation/other/exceptionA         transformation-ejb/src/test/java/net/ihe/gazelle/transformation/other/exception/EntityConstraintExceptionTest.javaA         transformation-ejb/src/test/java/net/ihe/gazelle/transformation/wsA         transformation-ejb/src/test/java/net/ihe/gazelle/transformation/ws/DaffodfilProcessorProviderImplTest.javaA         transformation-ejb/src/test/java/net/ihe/gazelle/transformation/ws/TransformationWSImplTest.javaA         transformation-ejb/src/mainA         transformation-ejb/src/main/javaA         transformation-ejb/src/main/java/netA         transformation-ejb/src/main/java/net/iheA         transformation-ejb/src/main/java/net/ihe/gazelleA         transformation-ejb/src/main/java/net/ihe/gazelle/transformationA         transformation-ejb/src/main/java/net/ihe/gazelle/transformation/wsA         transformation-ejb/src/main/java/net/ihe/gazelle/transformation/ws/TransformationWSImpl.javaA         transformation-ejb/src/main/java/net/ihe/gazelle/transformation/ws/DaffodilProcessorProvider.javaA         transformation-ejb/src/main/java/net/ihe/gazelle/transformation/ws/DaffodilProcessorProviderImpl.javaA         transformation-ejb/src/main/java/net/ihe/gazelle/transformation/actionA         transformation-ejb/src/main/java/net/ihe/gazelle/transformation/action/DfdlSchemaManager.javaA         transformation-ejb/src/main/java/net/ihe/gazelle/transformation/action/ObjectTypeManager.javaA         transformation-ejb/src/main/java/net/ihe/gazelle/transformation/modelA         transformation-ejb/src/main/java/net/ihe/gazelle/transformation/model/DfdlSchema.javaA         transformation-ejb/src/main/java/net/ihe/gazelle/transformation/model/Audited.javaA         transformation-ejb/src/main/java/net/ihe/gazelle/transformation/model/ObjectType.javaA         transformation-ejb/src/main/java/net/ihe/gazelle/transformation/otherA         transformation-ejb/src/main/java/net/ihe/gazelle/transformation/other/authentificationA         transformation-ejb/src/main/java/net/ihe/gazelle/transformation/other/authentification/IpPrincipal.javaA         transformation-ejb/src/main/java/net/ihe/gazelle/transformation/other/authentification/SSOIdentity.javaA         transformation-ejb/src/main/java/net/ihe/gazelle/transformation/other/authentification/IpAuthenticator.javaA         transformation-ejb/src/main/java/net/ihe/gazelle/transformation/other/exceptionA         transformation-ejb/src/main/java/net/ihe/gazelle/transformation/other/exception/EntityConstraintException.javaA         transformation-ejb/src/main/java/net/ihe/gazelle/transformation/other/preferencesA         transformation-ejb/src/main/java/net/ihe/gazelle/transformation/other/preferences/ApplicationConfigurationDAO.javaA         transformation-ejb/src/main/java/net/ihe/gazelle/transformation/other/preferences/ApplicationConfigurationDAOImpl.javaA         transformation-ejb/src/main/java/net/ihe/gazelle/transformation/other/preferences/ApplicationConfigurationManager.javaA         transformation-ejb/src/main/java/net/ihe/gazelle/transformation/other/preferences/ApplicationConfigurationProvider.javaA         transformation-ejb/src/main/java/net/ihe/gazelle/transformation/other/preferences/ApplicationConfiguration.javaA         transformation-ejb/src/main/java/net/ihe/gazelle/transformation/other/metainfservicesA         transformation-ejb/src/main/java/net/ihe/gazelle/transformation/other/metainfservices/GazelleTransformationPreferenceProvider.javaA         transformation-ejb/src/main/java/net/ihe/gazelle/transformation/other/metainfservices/CSPPoliciesPreferencesProvider.javaA         transformation-ejb/src/main/java/net/ihe/gazelle/transformation/other/homeA         transformation-ejb/src/main/java/net/ihe/gazelle/transformation/other/home/Home.javaA         transformation-ejb/src/main/java/net/ihe/gazelle/transformation/other/home/HomeManager.javaA         transformation-ejb/src/main/java/net/ihe/gazelle/transformation/daoA         transformation-ejb/src/main/java/net/ihe/gazelle/transformation/dao/ObjectTypeDAO.javaA         transformation-ejb/src/main/java/net/ihe/gazelle/transformation/dao/DfdlSchemaDAO.javaA         transformation-ejb/src/main/java/net/ihe/gazelle/transformation/dao/ObjectTypeDAOImpl.javaA         transformation-ejb/src/main/java/net/ihe/gazelle/transformation/dao/DfdlSchemaDAOImpl.javaA         transformation-ejb/src/main/java/net/ihe/gazelle/transformation/dao/FilteredDAO.javaA         transformation-ejb/src/main/resourcesA         transformation-ejb/src/main/resources/META-INFA         transformation-ejb/src/main/resources/META-INF/persistence.xmlA         transformation-ejb/src/main/resources/META-INF/ejb-jar.xmlA         transformation-ejb/src/main/resources/META-INF/standard-jaxws-endpoint-config.xmlA         transformation-ejb/src/main/resources/seam.propertiesA         transformation-ejb/src/main/resources/gzl.version.propertiesA         transformation-ejb/pom.xmlA         pom.xmlA         transformation-earA         transformation-ear/srcA         transformation-ear/src/mainA         transformation-ear/src/main/assemblyA         transformation-ear/src/main/assembly/datasource.xmlA         transformation-ear/src/main/sqlA         transformation-ear/src/main/sql/1.0.9_update.sqlA         transformation-ear/src/main/sql/schema-2.1.0.sqlA         transformation-ear/src/main/sql/2.0.0_update.sqlA         transformation-ear/src/main/sql/init-2.1.0.sqlA         transformation-ear/src/main/applicationA         transformation-ear/src/main/application/META-INFA         transformation-ear/src/main/application/META-INF/jboss-deployment-structure.xmlA         transformation-ear/src/main/datasourceA         transformation-ear/src/main/datasource/transformation-ds.xmlA         transformation-ear/src/main/resourcesA         transformation-ear/src/main/resources/soapuiA         transformation-ear/src/main/resources/soapui/gazelle-transformation-soapui-project.xmlA         transformation-ear/src/main/resources/jmeterA         transformation-ear/src/main/resources/jmeter/DaffodilTransformationGUI-Jmeter-project.jmxA         transformation-ear/pom.xmlA         transformation-daffodilA         transformation-daffodil/srcA         transformation-daffodil/src/mainA         transformation-daffodil/src/main/resourcesA         transformation-daffodil/src/main/javaA         transformation-daffodil/src/main/java/netA         transformation-daffodil/src/main/java/net/iheA         transformation-daffodil/src/main/java/net/ihe/gazelleA         transformation-daffodil/src/main/java/net/ihe/gazelle/daffodilA         transformation-daffodil/src/main/java/net/ihe/gazelle/daffodil/DiagnosticUtil.javaA         transformation-daffodil/src/main/java/net/ihe/gazelle/daffodil/ProcessorReloadException.javaA         transformation-daffodil/src/main/java/net/ihe/gazelle/daffodil/DaffodilProcessor.javaA         transformation-daffodil/src/main/java/net/ihe/gazelle/daffodil/DaffodilProcessorFactory.javaA         transformation-daffodil/src/testA         transformation-daffodil/src/test/resourcesA         transformation-daffodil/src/test/resources/valid_n040.xmlA         transformation-daffodil/src/test/resources/fanny_n040_sortie.xmlA         transformation-daffodil/src/test/resources/fanny_oc_sortie.xmlA         transformation-daffodil/src/test/resources/rsp580A         transformation-daffodil/src/test/resources/rsp580/invalid_cs.datA         transformation-daffodil/src/test/resources/rsp580/valid_cs.xmlA         transformation-daffodil/src/test/resources/rsp580/invalid_rsp580.xsdA         transformation-daffodil/src/test/resources/rsp580/valid_oc.datA         transformation-daffodil/src/test/resources/rsp580/invalid_cs.xmlA         transformation-daffodil/src/test/resources/rsp580/valid_cs.datA         transformation-daffodil/src/test/resources/rsp580/valid_oc.xmlA         transformation-daffodil/src/test/resources/fanny_cs_sortie.xmlA         transformation-daffodil/src/test/resources/base64_ocA         transformation-daffodil/src/test/resources/NF_S97_2010A         transformation-daffodil/src/test/resources/NF_S97_2010/dfdlA         transformation-daffodil/src/test/resources/NF_S97_2010/dfdl/02_Delivrance.dfdl.xsdA         transformation-daffodil/src/test/resources/NF_S97_2010/dfdl/02_RetourDelivrance.dfdl.xsdA         transformation-daffodil/src/test/resources/NF_S97_2010/dfdl/02_Distribution.dfdl.xsdA         transformation-daffodil/src/test/resources/NF_S97_2010/dfdl/02_Prescription.dfdl.xsdA         transformation-daffodil/src/test/resources/NF_S97_2010/dfdl/02_RetourPrescription.dfdl.xsdA         transformation-daffodil/src/test/resources/NF_S97_2010/dfdl/result.xsdA         transformation-daffodil/src/test/resources/NF_S97_2010/dfdl/utils.xsdA         transformation-daffodil/src/test/resources/NF_S97_2010/result.xsdA         transformation-daffodil/src/test/resources/NF_S97_2010/Delivrance_OK.resp.xmlA         transformation-daffodil/src/test/resources/NF_S97_2010/utils.xsdA         transformation-daffodil/src/test/resources/NF_S97_2010/xsdAU        transformation-daffodil/src/test/resources/NF_S97_2010/xsd/01_Delivrance.xsdA         transformation-daffodil/src/test/resources/NF_S97_2010/Delivrance_KO.txtA         transformation-daffodil/src/test/resources/NF_S97_2010/Delivrance_OK.txtA         transformation-daffodil/src/test/resources/NF_S97_2010/Delivrance_KO.xmlA         transformation-daffodil/src/test/resources/NF_S97_2010/Delivrance_OK.xmlA         transformation-daffodil/src/test/resources/NF_S97_2010/valid_with_accent.txtA         transformation-daffodil/src/test/resources/NF_S97_2010/valid_with_accent_iso-8859-1.txtA         transformation-daffodil/src/test/resources/valid_n040.datA         transformation-daffodil/src/test/resources/built-in-formats.xsdA         transformation-daffodil/src/test/resources/twlabA         transformation-daffodil/src/test/resources/twlab/built-in-formats.xsdA         transformation-daffodil/src/test/resources/twlab/invalid_payload_157.asn1A         transformation-daffodil/src/test/resources/twlab/payloadTransformed.xmlA         transformation-daffodil/src/test/resources/twlab/invalid_payloadTransformed.xmlAU        transformation-daffodil/src/test/resources/twlab/payload_157.asn1A         transformation-daffodil/src/test/resources/twlab/mms_mmxu.dfdl.xsdA         transformation-daffodil/src/test/resources/B64A         transformation-daffodil/src/test/resources/B64/encoded.txtA         transformation-daffodil/src/test/resources/B64/decoded.xmlAU        transformation-daffodil/src/test/resources/save.testA         transformation-daffodil/src/test/resources/valid_rsp580.xsdA         transformation-daffodil/src/test/resources/emptyA         transformation-daffodil/src/test/javaA         transformation-daffodil/src/test/java/netA         transformation-daffodil/src/test/java/net/iheA         transformation-daffodil/src/test/java/net/ihe/gazelleA         transformation-daffodil/src/test/java/net/ihe/gazelle/daffodilA         transformation-daffodil/src/test/java/net/ihe/gazelle/daffodil/DaffodilProcessorFactoryTest.javaA         transformation-daffodil/src/test/java/net/ihe/gazelle/daffodil/DaffodilProcessorTest.javaA         transformation-daffodil/pom.xml U        .At revision 66934Using sole credentials gazelle-jenkins in realm ‘svn+ssh://scm.gforge.inria.fr’Using sole credentials gazelle-jenkins in realm ‘svn+ssh://scm.gforge.inria.fr’Injecting SonarQube environment variables using the configuration: SonarParsing POMsModules changed, recalculating dependency graphEstablished TCP socket on 42403[workspace] $ /usr/lib/jvm/java-8-oracle//bin/java -Djava.net.preferIPv4Stack=true -Dfile.encoding=UTF8 -Xmx4096m -XX:MaxPermSize=1024m -cp /home/jenkins/.hudson/plugins/maven-plugin/WEB-INF/lib/maven35-agent-1.12.jar:/home/jenkins/.hudson/tools/hudson.tasks.Maven_MavenInstallation/Maven3/boot/plexus-classworlds-2.5.2.jar:/home/jenkins/.hudson/tools/hudson.tasks.Maven_MavenInstallation/Maven3/conf/logging jenkins.maven3.agent.Maven35Main /home/jenkins/.hudson/tools/hudson.tasks.Maven_MavenInstallation/Maven3 /home/jenkins/.hudson/war/WEB-INF/lib/remoting-3.28.jar /home/jenkins/.hudson/plugins/maven-plugin/WEB-INF/lib/maven35-interceptor-1.12.jar /home/jenkins/.hudson/plugins/maven-plugin/WEB-INF/lib/maven3-interceptor-commons-1.12.jar 42403Java HotSpot(TM) 64-Bit Server VM warning: ignoring option MaxPermSize=1024m; support was removed in 8.0<===[JENKINS REMOTING CAPACITY]===>   channel startedExecuting Maven:  -B -f /home/jenkins/.hudson/jobs/gazelle-transformation/workspace/pom.xml clean install -Pprod -U org.sonarsource.scanner.maven:sonar-maven-plugin:sonar[INFO] Scanning for projects...[INFO] ------------------------------------------------------------------------[INFO] Reactor Build Order:[INFO] [INFO] Gazelle Transformation[INFO] transformation-daffodil[INFO] transformation-ejb[INFO] transformation-war[INFO] transformation-ear[INFO] Downloading from nexus: https://gazelle.ihe.net/nexus/content/groups/public/org/sonarsource/scanner/maven/sonar-maven-plugin/maven-metadata.xml[INFO] Downloaded from nexus: https://gazelle.ihe.net/nexus/content/groups/public/org/sonarsource/scanner/maven/sonar-maven-plugin/maven-metadata.xml (755 B at 544 B/s)[INFO] [INFO] ------------------------------------------------------------------------[INFO] Building Gazelle Transformation 2.0.1-SNAPSHOT[INFO] ------------------------------------------------------------------------[INFO] [INFO] --- maven-clean-plugin:3.0.0:clean (default-clean) @ gazelle-transformation ---[INFO] [INFO] --- maven-enforcer-plugin:1.2:enforce (enforce-java-version) @ gazelle-transformation ---[INFO] [INFO] --- maven-enforcer-plugin:1.2:enforce (enforce-maven-version) @ gazelle-transformation ---[INFO] [INFO] --- buildnumber-maven-plugin:1.2:create-timestamp (get-build-timestamp) @ gazelle-transformation ---[INFO] [INFO] --- buildnumber-maven-plugin:1.2:create (get-scm-revision) @ gazelle-transformation ---[INFO] Checking for local modifications: skipped.[INFO] Updating project files from SCM: skipped.[INFO] Executing: /bin/sh -c cd /home/jenkins/.hudson/jobs/gazelle-transformation/workspace && svn --non-interactive info[INFO] Working directory: /home/jenkins/.hudson/jobs/gazelle-transformation/workspace[INFO] Storing buildNumber: 66934 at timestamp: 1553159793841[INFO] Executing: /bin/sh -c cd /home/jenkins/.hudson/jobs/gazelle-transformation/workspace && svn --non-interactive info[INFO] Working directory: /home/jenkins/.hudson/jobs/gazelle-transformation/workspace[INFO] Storing buildScmBranch: trunk[INFO] [INFO] --- maven-buildmetadata-plugin:1.1.0.IHE.3:provide-buildmetadata (default) @ gazelle-transformation ---[INFO] Executing: /bin/sh -c cd /home/jenkins/.hudson/jobs/gazelle-transformation/workspace && svn --non-interactive log -v -r '{2019-02-19 09:16:34 +0000}:{2019-03-22 09:16:34 +0000}' svn+ssh://scm.gforge.inria.fr/svn/gazelle/Maven/gazelle-transformation/trunk[INFO] Working directory: /home/jenkins/.hudson/jobs/gazelle-transformation/workspace[INFO] Executing: /bin/sh -c cd /home/jenkins/.hudson/jobs/gazelle-transformation/workspace && svn --non-interactive status[INFO] Working directory: /home/jenkins/.hudson/jobs/gazelle-transformation/workspace[INFO] Writing properties '/home/jenkins/.hudson/jobs/gazelle-transformation/workspace/target/build.properties'...[INFO] Writing XML report '/home/jenkins/.hudson/jobs/gazelle-transformation/workspace/target/buildmetadata.xml'...[INFO] [INFO] --- maven-source-plugin:3.0.1:jar-no-fork (attach-sources) @ gazelle-transformation ---Mar 21, 2019 10:16:35 AM org.jenkinsci.remoting.util.AnonymousClassWarnings warnWARNING: Attempt to (de-)serialize anonymous class hudson.maven.reporters.BuildInfoRecorder$1; see: https://jenkins.io/redirect/serialization-of-anonymous-classes/[INFO] [INFO] --- maven-jar-plugin:3.0.2:test-jar (default) @ gazelle-transformation ---[WARNING] JAR will be empty - no content was marked for inclusion![INFO] Building jar: /home/jenkins/.hudson/jobs/gazelle-transformation/workspace/target/gazelle-transformation-tests.jar[INFO] [INFO] --- maven-assembly-plugin:2.4:single (make-assembly-metadata) @ gazelle-transformation ---[INFO] Building zip: /home/jenkins/.hudson/jobs/gazelle-transformation/workspace/target/gazelle-transformation-metadata.zip[INFO] [INFO] --- maven-install-plugin:2.4:install (default-install) @ gazelle-transformation ---[INFO] Installing /home/jenkins/.hudson/jobs/gazelle-transformation/workspace/pom.xml to /home/jenkins/.m2/repository/net/ihe/gazelle/gazelle-transformation/2.0.1-SNAPSHOT/gazelle-transformation-2.0.1-SNAPSHOT.pom[INFO] Installing /home/jenkins/.hudson/jobs/gazelle-transformation/workspace/target/gazelle-transformation-tests.jar to /home/jenkins/.m2/repository/net/ihe/gazelle/gazelle-transformation/2.0.1-SNAPSHOT/gazelle-transformation-2.0.1-SNAPSHOT-tests.jar[INFO] Installing /home/jenkins/.hudson/jobs/gazelle-transformation/workspace/target/gazelle-transformation-metadata.zip to /home/jenkins/.m2/repository/net/ihe/gazelle/gazelle-transformation/2.0.1-SNAPSHOT/gazelle-transformation-2.0.1-SNAPSHOT-metadata.zipStarted calculate disk usage of buildFinished Calculation of disk usage of build in 0 secondsStarted calculate disk usage of workspaceFinished Calculation of disk usage of workspace in 0 seconds[INFO] [INFO] ------------------------------------------------------------------------[INFO] Building transformation-daffodil 2.0.1-SNAPSHOT[INFO] ------------------------------------------------------------------------[INFO] [INFO] --- maven-clean-plugin:3.0.0:clean (default-clean) @ transformation-daffodil ---[INFO] [INFO] --- maven-enforcer-plugin:1.2:enforce (enforce-java-version) @ transformation-daffodil ---[INFO] [INFO] --- maven-enforcer-plugin:1.2:enforce (enforce-maven-version) @ transformation-daffodil ---[INFO] [INFO] --- buildnumber-maven-plugin:1.2:create-timestamp (get-build-timestamp) @ transformation-daffodil ---[INFO] [INFO] --- buildnumber-maven-plugin:1.2:create (get-scm-revision) @ transformation-daffodil ---[INFO] [INFO] --- maven-buildmetadata-plugin:1.1.0.IHE.3:provide-buildmetadata (default) @ transformation-daffodil ---[INFO] Executing: /bin/sh -c cd /home/jenkins/.hudson/jobs/gazelle-transformation/workspace/transformation-daffodil && svn --non-interactive log -v -r '{2019-02-19 09:16:37 +0000}:{2019-03-22 09:16:37 +0000}' svn+ssh://scm.gforge.inria.fr/svn/gazelle/Maven/gazelle-transformation/trunk/transformation-daffodil[INFO] Working directory: /home/jenkins/.hudson/jobs/gazelle-transformation/workspace/transformation-daffodil[INFO] Executing: /bin/sh -c cd /home/jenkins/.hudson/jobs/gazelle-transformation/workspace/transformation-daffodil && svn --non-interactive log -v -r '{2019-01-20 09:16:38 +0000}:{2019-03-22 09:16:38 +0000}' svn+ssh://scm.gforge.inria.fr/svn/gazelle/Maven/gazelle-transformation/trunk/transformation-daffodil[INFO] Working directory: /home/jenkins/.hudson/jobs/gazelle-transformation/workspace/transformation-daffodil[INFO] Executing: /bin/sh -c cd /home/jenkins/.hudson/jobs/gazelle-transformation/workspace/transformation-daffodil && svn --non-interactive log -v -r '{2018-12-21 09:16:38 +0000}:{2019-03-22 09:16:38 +0000}' svn+ssh://scm.gforge.inria.fr/svn/gazelle/Maven/gazelle-transformation/trunk/transformation-daffodil[INFO] Working directory: /home/jenkins/.hudson/jobs/gazelle-transformation/workspace/transformation-daffodil[INFO] Executing: /bin/sh -c cd /home/jenkins/.hudson/jobs/gazelle-transformation/workspace/transformation-daffodil && svn --non-interactive log -v -r '{2018-11-21 09:16:39 +0000}:{2019-03-22 09:16:39 +0000}' svn+ssh://scm.gforge.inria.fr/svn/gazelle/Maven/gazelle-transformation/trunk/transformation-daffodil[INFO] Working directory: /home/jenkins/.hudson/jobs/gazelle-transformation/workspace/transformation-daffodil[INFO] Executing: /bin/sh -c cd /home/jenkins/.hudson/jobs/gazelle-transformation/workspace/transformation-daffodil && svn --non-interactive log -v -r '{2018-10-22 09:16:40 +0000}:{2019-03-22 09:16:40 +0000}' svn+ssh://scm.gforge.inria.fr/svn/gazelle/Maven/gazelle-transformation/trunk/transformation-daffodil[INFO] Working directory: /home/jenkins/.hudson/jobs/gazelle-transformation/workspace/transformation-daffodil[INFO] Executing: /bin/sh -c cd /home/jenkins/.hudson/jobs/gazelle-transformation/workspace/transformation-daffodil && svn --non-interactive log -v -r '{2018-09-22 09:16:40 +0000}:{2019-03-22 09:16:40 +0000}' svn+ssh://scm.gforge.inria.fr/svn/gazelle/Maven/gazelle-transformation/trunk/transformation-daffodil[INFO] Working directory: /home/jenkins/.hudson/jobs/gazelle-transformation/workspace/transformation-daffodil[INFO] Writing properties '/home/jenkins/.hudson/jobs/gazelle-transformation/workspace/transformation-daffodil/target/classes/META-INF/build.properties'...[INFO] Writing XML report '/home/jenkins/.hudson/jobs/gazelle-transformation/workspace/transformation-daffodil/target/buildmetadata.xml'...[INFO] [INFO] --- jacoco-maven-plugin:0.7.9:prepare-agent (default) @ transformation-daffodil ---[INFO] argLine set to -javaagent:/home/jenkins/.m2/repository/org/jacoco/org.jacoco.agent/0.7.9/org.jacoco.agent-0.7.9-runtime.jar=destfile=/home/jenkins/.hudson/jobs/gazelle-transformation/workspace/transformation-daffodil/target/jacoco.exec,append=true[INFO] [INFO] --- maven-resources-plugin:3.0.2:resources (default-resources) @ transformation-daffodil ---[INFO] Using 'UTF-8' encoding to copy filtered resources.[INFO] Copying 0 resource[INFO] [INFO] --- maven-compiler-plugin:3.7.0:compile (default-compile) @ transformation-daffodil ---[INFO] Changes detected - recompiling the module![INFO] Compiling 4 source files to /home/jenkins/.hudson/jobs/gazelle-transformation/workspace/transformation-daffodil/target/classes[INFO] [INFO] --- maven-resources-plugin:3.0.2:testResources (default-testResources) @ transformation-daffodil ---[INFO] Using 'UTF-8' encoding to copy filtered resources.[INFO] Copying 42 resources[INFO] [INFO] --- maven-compiler-plugin:3.7.0:testCompile (default-testCompile) @ transformation-daffodil ---[INFO] Changes detected - recompiling the module![INFO] Compiling 2 source files to /home/jenkins/.hudson/jobs/gazelle-transformation/workspace/transformation-daffodil/target/test-classes[INFO] [INFO] --- maven-surefire-plugin:2.20:test (default-test) @ transformation-daffodil ---[INFO] [INFO] -------------------------------------------------------[INFO]  T E S T S[INFO] -------------------------------------------------------[INFO] Running net.ihe.gazelle.daffodil.DaffodilProcessorTest[INFO] Tests run: 13, Failures: 0, Errors: 0, Skipped: 0, Time elapsed: 15.489 s - in net.ihe.gazelle.daffodil.DaffodilProcessorTest[INFO] Running net.ihe.gazelle.daffodil.DaffodilProcessorFactoryTest[INFO] Tests run: 4, Failures: 0, Errors: 0, Skipped: 0, Time elapsed: 0.889 s - in net.ihe.gazelle.daffodil.DaffodilProcessorFactoryTest[INFO] [INFO] Results:[INFO] [INFO] Tests run: 17, Failures: 0, Errors: 0, Skipped: 0[INFO] [JENKINS] Recording test resultsMar 21, 2019 10:17:02 AM org.jenkinsci.remoting.util.AnonymousClassWarnings warnWARNING: Attempt to (de-)serialize anonymous class hudson.maven.reporters.SurefireArchiver$2; see: https://jenkins.io/redirect/serialization-of-anonymous-classes/[INFO] [INFO] --- jacoco-maven-plugin:0.7.9:report (post-unit-test) @ transformation-daffodil ---[INFO] Loading execution data file /home/jenkins/.hudson/jobs/gazelle-transformation/workspace/transformation-daffodil/target/jacoco.exec[INFO] Analyzed bundle 'transformation-daffodil' with 4 classes[INFO] [INFO] --- maven-jar-plugin:3.0.2:jar (default-jar) @ transformation-daffodil ---[INFO] Building jar: /home/jenkins/.hudson/jobs/gazelle-transformation/workspace/transformation-daffodil/target/transformation-daffodil.jar[INFO] [INFO] --- maven-source-plugin:3.0.1:jar-no-fork (attach-sources) @ transformation-daffodil ---[INFO] Building jar: /home/jenkins/.hudson/jobs/gazelle-transformation/workspace/transformation-daffodil/target/transformation-daffodil-sources.jar[INFO] [INFO] --- maven-jar-plugin:3.0.2:test-jar (default) @ transformation-daffodil ---[INFO] Building jar: /home/jenkins/.hudson/jobs/gazelle-transformation/workspace/transformation-daffodil/target/transformation-daffodil-tests.jar[INFO] [INFO] --- maven-install-plugin:2.4:install (default-install) @ transformation-daffodil ---[INFO] Installing /home/jenkins/.hudson/jobs/gazelle-transformation/workspace/transformation-daffodil/target/transformation-daffodil.jar to /home/jenkins/.m2/repository/net/ihe/gazelle/transformation-daffodil/2.0.1-SNAPSHOT/transformation-daffodil-2.0.1-SNAPSHOT.jar[INFO] Installing /home/jenkins/.hudson/jobs/gazelle-transformation/workspace/transformation-daffodil/pom.xml to /home/jenkins/.m2/repository/net/ihe/gazelle/transformation-daffodil/2.0.1-SNAPSHOT/transformation-daffodil-2.0.1-SNAPSHOT.pom[INFO] Installing /home/jenkins/.hudson/jobs/gazelle-transformation/workspace/transformation-daffodil/target/transformation-daffodil-sources.jar to /home/jenkins/.m2/repository/net/ihe/gazelle/transformation-daffodil/2.0.1-SNAPSHOT/transformation-daffodil-2.0.1-SNAPSHOT-sources.jar[INFO] Installing /home/jenkins/.hudson/jobs/gazelle-transformation/workspace/transformation-daffodil/target/transformation-daffodil-tests.jar to /home/jenkins/.m2/repository/net/ihe/gazelle/transformation-daffodil/2.0.1-SNAPSHOT/transformation-daffodil-2.0.1-SNAPSHOT-tests.jarStarted calculate disk usage of buildFinished Calculation of disk usage of build in 0 secondsStarted calculate disk usage of workspaceFinished Calculation of disk usage of workspace in 0 seconds[INFO] [INFO] ------------------------------------------------------------------------[INFO] Building transformation-ejb 2.0.1-SNAPSHOT[INFO] ------------------------------------------------------------------------[INFO] Downloading from nexus: https://gazelle.ihe.net/nexus/content/groups/public/com/google/code/findbugs/jsr305/maven-metadata.xml[INFO] Downloaded from nexus: https://gazelle.ihe.net/nexus/content/groups/public/com/google/code/findbugs/jsr305/maven-metadata.xml (643 B at 594 B/s)[INFO] Downloading from nexus: https://gazelle.ihe.net/nexus/content/groups/public/org/eclipse/collections/eclipse-collections-api/maven-metadata.xml[INFO] Downloaded from nexus: https://gazelle.ihe.net/nexus/content/groups/public/org/eclipse/collections/eclipse-collections-api/maven-metadata.xml (1.2 kB at 1.4 kB/s)[INFO] Downloading from nexus: https://gazelle.ihe.net/nexus/content/groups/public/org/eclipse/collections/eclipse-collections/maven-metadata.xml[INFO] Downloaded from nexus: https://gazelle.ihe.net/nexus/content/groups/public/org/eclipse/collections/eclipse-collections/maven-metadata.xml (1.2 kB at 1.6 kB/s)[INFO] Downloading from nexus: https://gazelle.ihe.net/nexus/content/groups/public/org/eclipse/collections/eclipse-collections-forkjoin/maven-metadata.xml[INFO] Downloaded from nexus: https://gazelle.ihe.net/nexus/content/groups/public/org/eclipse/collections/eclipse-collections-forkjoin/maven-metadata.xml (1.2 kB at 1.6 kB/s)[INFO] [INFO] --- maven-clean-plugin:3.0.0:clean (default-clean) @ transformation-ejb ---[INFO] [INFO] --- maven-enforcer-plugin:1.2:enforce (enforce-java-version) @ transformation-ejb ---[INFO] [INFO] --- maven-enforcer-plugin:1.2:enforce (enforce-maven-version) @ transformation-ejb ---[INFO] [INFO] --- buildnumber-maven-plugin:1.2:create-timestamp (get-build-timestamp) @ transformation-ejb ---[INFO] [INFO] --- buildnumber-maven-plugin:1.2:create (get-scm-revision) @ transformation-ejb ---[INFO] [INFO] --- maven-buildmetadata-plugin:1.1.0.IHE.3:provide-buildmetadata (default) @ transformation-ejb ---[INFO] Executing: /bin/sh -c cd /home/jenkins/.hudson/jobs/gazelle-transformation/workspace/transformation-ejb && svn --non-interactive log -v -r '{2019-02-19 09:17:08 +0000}:{2019-03-22 09:17:08 +0000}' svn+ssh://scm.gforge.inria.fr/svn/gazelle/Maven/gazelle-transformation/trunk/transformation-ejb[INFO] Working directory: /home/jenkins/.hudson/jobs/gazelle-transformation/workspace/transformation-ejb[INFO] Executing: /bin/sh -c cd /home/jenkins/.hudson/jobs/gazelle-transformation/workspace/transformation-ejb && svn --non-interactive status[INFO] Working directory: /home/jenkins/.hudson/jobs/gazelle-transformation/workspace/transformation-ejb[INFO] Writing properties '/home/jenkins/.hudson/jobs/gazelle-transformation/workspace/transformation-ejb/target/classes/META-INF/build.properties'...[INFO] Writing XML report '/home/jenkins/.hudson/jobs/gazelle-transformation/workspace/transformation-ejb/target/buildmetadata.xml'...[INFO] [INFO] --- jacoco-maven-plugin:0.7.9:prepare-agent (default) @ transformation-ejb ---[INFO] argLine set to -javaagent:/home/jenkins/.m2/repository/org/jacoco/org.jacoco.agent/0.7.9/org.jacoco.agent-0.7.9-runtime.jar=destfile=/home/jenkins/.hudson/jobs/gazelle-transformation/workspace/transformation-ejb/target/jacoco.exec,append=true[INFO] [INFO] --- maven-resources-plugin:3.0.2:resources (default-resources) @ transformation-ejb ---[INFO] Using 'UTF-8' encoding to copy filtered resources.[INFO] Copying 5 resources[INFO] [INFO] --- maven-compiler-plugin:3.7.0:compile (default-compile) @ transformation-ejb ---[INFO] Changes detected - recompiling the module![INFO] Compiling 26 source files to /home/jenkins/.hudson/jobs/gazelle-transformation/workspace/transformation-ejb/target/classesnet.ihe.gazelle.common.interfacegenerator.InterfaceGeneratorProcessor processorGenerating interfaces thanks to @GenerateInterface[INFO] Hibernate JPA 2 Static-Metamodel Generator [WORKING][WARNING] Supported source version 'RELEASE_7' from annotation processor 'net.ihe.gazelle.common.interfacegenerator.InterfaceGeneratorProcessor' less than -source '1.8'[WARNING] No SupportedSourceVersion annotation found on org.kohsuke.metainf_services.AnnotationProcessorImpl, returning RELEASE_6.[WARNING] Supported source version 'RELEASE_6' from annotation processor 'org.kohsuke.metainf_services.AnnotationProcessorImpl' less than -source '1.8'[INFO] Writing META-INF/services/net.ihe.gazelle.preferences.PreferenceProvider[INFO] Writing META-INF/services/net.ihe.gazelle.common.servletfilter.CSPPoliciesPreferences[WARNING] /home/jenkins/.hudson/jobs/gazelle-transformation/workspace/transformation-ejb/src/main/java/net/ihe/gazelle/transformation/other/authentification/SSOIdentity.java:[54,49] instance() in net.ihe.gazelle.transformation.other.preferences.ApplicationConfigurationProvider has been deprecated[WARNING] /home/jenkins/.hudson/jobs/gazelle-transformation/workspace/transformation-ejb/src/main/java/net/ihe/gazelle/transformation/other/authentification/SSOIdentity.java:[55,57] instance() in net.ihe.gazelle.transformation.other.preferences.ApplicationConfigurationProvider has been deprecated[WARNING] /home/jenkins/.hudson/jobs/gazelle-transformation/workspace/transformation-ejb/src/main/java/net/ihe/gazelle/transformation/other/authentification/SSOIdentity.java:[63,56] instance() in net.ihe.gazelle.transformation.other.preferences.ApplicationConfigurationProvider has been deprecated[WARNING] /home/jenkins/.hudson/jobs/gazelle-transformation/workspace/transformation-ejb/src/main/java/net/ihe/gazelle/transformation/other/authentification/SSOIdentity.java:[64,56] instance() in net.ihe.gazelle.transformation.other.preferences.ApplicationConfigurationProvider has been deprecated[WARNING] /home/jenkins/.hudson/jobs/gazelle-transformation/workspace/transformation-ejb/src/main/java/net/ihe/gazelle/transformation/other/authentification/SSOIdentity.java:[68,71] instance() in net.ihe.gazelle.transformation.other.preferences.ApplicationConfigurationProvider has been deprecated[INFO] /home/jenkins/.hudson/jobs/gazelle-transformation/workspace/transformation-ejb/src/main/java/net/ihe/gazelle/transformation/dao/ObjectTypeDAOImpl.java: Some input files use unchecked or unsafe operations.[INFO] /home/jenkins/.hudson/jobs/gazelle-transformation/workspace/transformation-ejb/src/main/java/net/ihe/gazelle/transformation/dao/ObjectTypeDAOImpl.java: Recompile with -Xlint:unchecked for details.[INFO] [INFO] --- maven-resources-plugin:3.0.2:testResources (default-testResources) @ transformation-ejb ---[INFO] Using 'UTF-8' encoding to copy filtered resources.[INFO] Copying 19 resources[INFO] [INFO] --- maven-compiler-plugin:3.7.0:testCompile (default-testCompile) @ transformation-ejb ---[INFO] Changes detected - recompiling the module![INFO] Compiling 3 source files to /home/jenkins/.hudson/jobs/gazelle-transformation/workspace/transformation-ejb/target/test-classes[INFO] Hibernate JPA 2 Static-Metamodel Generator [WORKING][WARNING] Supported source version 'RELEASE_7' from annotation processor 'net.ihe.gazelle.common.interfacegenerator.InterfaceGeneratorProcessor' less than -source '1.8'[WARNING] No SupportedSourceVersion annotation found on org.kohsuke.metainf_services.AnnotationProcessorImpl, returning RELEASE_6.[WARNING] Supported source version 'RELEASE_6' from annotation processor 'org.kohsuke.metainf_services.AnnotationProcessorImpl' less than -source '1.8'[INFO] [INFO] --- maven-surefire-plugin:2.20:test (default-test) @ transformation-ejb ---[INFO] [INFO] -------------------------------------------------------[INFO]  T E S T S[INFO] -------------------------------------------------------[INFO] Running net.ihe.gazelle.transformation.other.exception.EntityConstraintExceptionTest[INFO] Tests run: 1, Failures: 0, Errors: 0, Skipped: 0, Time elapsed: 0.275 s - in net.ihe.gazelle.transformation.other.exception.EntityConstraintExceptionTest[INFO] Running net.ihe.gazelle.transformation.ws.DaffodfilProcessorProviderImplTest[INFO] Tests run: 3, Failures: 0, Errors: 0, Skipped: 0, Time elapsed: 6.834 s - in net.ihe.gazelle.transformation.ws.DaffodfilProcessorProviderImplTest[INFO] Running net.ihe.gazelle.transformation.ws.TransformationWSImplTest[INFO] Tests run: 12, Failures: 0, Errors: 0, Skipped: 0, Time elapsed: 4.163 s - in net.ihe.gazelle.transformation.ws.TransformationWSImplTest[INFO] [INFO] Results:[INFO] [INFO] Tests run: 16, Failures: 0, Errors: 0, Skipped: 0[INFO] [JENKINS] Recording test results[INFO] [INFO] --- jacoco-maven-plugin:0.7.9:report (post-unit-test) @ transformation-ejb ---[INFO] Loading execution data file /home/jenkins/.hudson/jobs/gazelle-transformation/workspace/transformation-ejb/target/jacoco.exec[INFO] Analyzed bundle 'transformation-ejb' with 41 classes[INFO] [INFO] --- maven-ejb-plugin:2.3:ejb (default-ejb) @ transformation-ejb ---[INFO] Building EJB transformation-ejb with EJB version 3.0[INFO] Building jar: /home/jenkins/.hudson/jobs/gazelle-transformation/workspace/transformation-ejb/target/transformation-ejb.jar[INFO] [INFO] --- maven-source-plugin:3.0.1:jar-no-fork (attach-sources) @ transformation-ejb ---[INFO] Building jar: /home/jenkins/.hudson/jobs/gazelle-transformation/workspace/transformation-ejb/target/transformation-ejb-sources.jar[INFO] [INFO] --- maven-jar-plugin:3.0.2:test-jar (default) @ transformation-ejb ---[INFO] Building jar: /home/jenkins/.hudson/jobs/gazelle-transformation/workspace/transformation-ejb/target/transformation-ejb-tests.jar[INFO] [INFO] --- maven-install-plugin:2.4:install (default-install) @ transformation-ejb ---[INFO] Installing /home/jenkins/.hudson/jobs/gazelle-transformation/workspace/transformation-ejb/target/transformation-ejb.jar to /home/jenkins/.m2/repository/net/ihe/gazelle/transformation-ejb/2.0.1-SNAPSHOT/transformation-ejb-2.0.1-SNAPSHOT.jar[INFO] Installing /home/jenkins/.hudson/jobs/gazelle-transformation/workspace/transformation-ejb/pom.xml to /home/jenkins/.m2/repository/net/ihe/gazelle/transformation-ejb/2.0.1-SNAPSHOT/transformation-ejb-2.0.1-SNAPSHOT.pom[INFO] Installing /home/jenkins/.hudson/jobs/gazelle-transformation/workspace/transformation-ejb/target/transformation-ejb-sources.jar to /home/jenkins/.m2/repository/net/ihe/gazelle/transformation-ejb/2.0.1-SNAPSHOT/transformation-ejb-2.0.1-SNAPSHOT-sources.jar[INFO] Installing /home/jenkins/.hudson/jobs/gazelle-transformation/workspace/transformation-ejb/target/transformation-ejb-tests.jar to /home/jenkins/.m2/repository/net/ihe/gazelle/transformation-ejb/2.0.1-SNAPSHOT/transformation-ejb-2.0.1-SNAPSHOT-tests.jarStarted calculate disk usage of buildFinished Calculation of disk usage of build in 0 secondsStarted calculate disk usage of workspaceFinished Calculation of disk usage of workspace in 0 seconds[INFO] [INFO] ------------------------------------------------------------------------[INFO] Building transformation-war 2.0.1-SNAPSHOT[INFO] ------------------------------------------------------------------------[INFO] [INFO] --- maven-clean-plugin:3.0.0:clean (default-clean) @ transformation-war ---[INFO] [INFO] --- maven-enforcer-plugin:1.2:enforce (enforce-java-version) @ transformation-war ---[INFO] [INFO] --- maven-enforcer-plugin:1.2:enforce (enforce-maven-version) @ transformation-war ---[INFO] [INFO] --- buildnumber-maven-plugin:1.2:create-timestamp (get-build-timestamp) @ transformation-war ---[INFO] [INFO] --- buildnumber-maven-plugin:1.2:create (get-scm-revision) @ transformation-war ---[INFO] [INFO] --- maven-buildmetadata-plugin:1.1.0.IHE.3:provide-buildmetadata (default) @ transformation-war ---[INFO] Executing: /bin/sh -c cd /home/jenkins/.hudson/jobs/gazelle-transformation/workspace/transformation-war && svn --non-interactive log -v -r '{2019-02-19 09:17:25 +0000}:{2019-03-22 09:17:25 +0000}' svn+ssh://scm.gforge.inria.fr/svn/gazelle/Maven/gazelle-transformation/trunk/transformation-war[INFO] Working directory: /home/jenkins/.hudson/jobs/gazelle-transformation/workspace/transformation-war[INFO] Executing: /bin/sh -c cd /home/jenkins/.hudson/jobs/gazelle-transformation/workspace/transformation-war && svn --non-interactive status[INFO] Working directory: /home/jenkins/.hudson/jobs/gazelle-transformation/workspace/transformation-war[INFO] Writing properties '/home/jenkins/.hudson/jobs/gazelle-transformation/workspace/transformation-war/target/transformation-war/META-INF/build.properties'...[INFO] Writing XML report '/home/jenkins/.hudson/jobs/gazelle-transformation/workspace/transformation-war/target/buildmetadata.xml'...[INFO] [INFO] --- jacoco-maven-plugin:0.7.9:prepare-agent (default) @ transformation-war ---[INFO] argLine set to -javaagent:/home/jenkins/.m2/repository/org/jacoco/org.jacoco.agent/0.7.9/org.jacoco.agent-0.7.9-runtime.jar=destfile=/home/jenkins/.hudson/jobs/gazelle-transformation/workspace/transformation-war/target/jacoco.exec,append=true[INFO] [INFO] --- gazelle-plugins:1.60:generate-messages (build-messages-from-xml) @ transformation-war ---[INFO] Skipped, using crowdin as messages.mode[INFO] [INFO] --- gazelle-plugins:1.60:aggregate-messages (aggregate-messages) @ transformation-war ---[INFO] Using crowdin as messages.mode[info] Aggregating all message properties from dependencies[info] Aggregate properties for lang en[info] Adding /home/jenkins/.hudson/jobs/gazelle-transformation/workspace/transformation-war/src/main/crowdin/en/net.ihe.gazelle.maven.gazelle-seam-tools-war/gazelle-seam-tools.properties[info] Adding /home/jenkins/.hudson/jobs/gazelle-transformation/workspace/transformation-war/src/main/crowdin/en/net.ihe.gazelle.transformation-war/transformation.properties[info] Adding /home/jenkins/.hudson/jobs/gazelle-transformation/workspace/transformation-war/src/main/crowdin/en/net.ihe.gazelle.gazelle-assets/assets.properties[info] Aggregate properties for lang sv-SE[info] Adding /home/jenkins/.hudson/jobs/gazelle-transformation/workspace/transformation-war/src/main/crowdin/sv-SE/net.ihe.gazelle.maven.gazelle-seam-tools-war/gazelle-seam-tools.properties[info] Adding /home/jenkins/.hudson/jobs/gazelle-transformation/workspace/transformation-war/src/main/crowdin/sv-SE/net.ihe.gazelle.transformation-war/transformation.properties[info] Adding /home/jenkins/.hudson/jobs/gazelle-transformation/workspace/transformation-war/src/main/crowdin/sv-SE/net.ihe.gazelle.gazelle-assets/assets.properties[info] Aggregate properties for lang fr[info] Adding /home/jenkins/.hudson/jobs/gazelle-transformation/workspace/transformation-war/src/main/crowdin/fr/net.ihe.gazelle.maven.gazelle-seam-tools-war/gazelle-seam-tools.properties[info] Adding /home/jenkins/.hudson/jobs/gazelle-transformation/workspace/transformation-war/src/main/crowdin/fr/net.ihe.gazelle.transformation-war/transformation.properties[info] Adding /home/jenkins/.hudson/jobs/gazelle-transformation/workspace/transformation-war/src/main/crowdin/fr/net.ihe.gazelle.gazelle-assets/assets.properties[info] Aggregate properties for lang fi[info] Adding /home/jenkins/.hudson/jobs/gazelle-transformation/workspace/transformation-war/src/main/crowdin/fi/net.ihe.gazelle.maven.gazelle-seam-tools-war/gazelle-seam-tools.properties[info] Adding /home/jenkins/.hudson/jobs/gazelle-transformation/workspace/transformation-war/src/main/crowdin/fi/net.ihe.gazelle.transformation-war/transformation.properties[info] Adding /home/jenkins/.hudson/jobs/gazelle-transformation/workspace/transformation-war/src/main/crowdin/fi/net.ihe.gazelle.gazelle-assets/assets.properties[info] Aggregate properties for lang pl[info] Adding /home/jenkins/.hudson/jobs/gazelle-transformation/workspace/transformation-war/src/main/crowdin/pl/net.ihe.gazelle.maven.gazelle-seam-tools-war/gazelle-seam-tools.properties[info] Adding /home/jenkins/.hudson/jobs/gazelle-transformation/workspace/transformation-war/src/main/crowdin/pl/net.ihe.gazelle.transformation-war/transformation.properties[info] Adding /home/jenkins/.hudson/jobs/gazelle-transformation/workspace/transformation-war/src/main/crowdin/pl/net.ihe.gazelle.gazelle-assets/assets.properties[info] Aggregate properties for lang ja[info] Adding /home/jenkins/.hudson/jobs/gazelle-transformation/workspace/transformation-war/src/main/crowdin/ja/net.ihe.gazelle.maven.gazelle-seam-tools-war/gazelle-seam-tools.properties[info] Adding /home/jenkins/.hudson/jobs/gazelle-transformation/workspace/transformation-war/src/main/crowdin/ja/net.ihe.gazelle.transformation-war/transformation.properties[info] Adding /home/jenkins/.hudson/jobs/gazelle-transformation/workspace/transformation-war/src/main/crowdin/ja/net.ihe.gazelle.gazelle-assets/assets.properties[info] Aggregate properties for lang zh-TW[info] Adding /home/jenkins/.hudson/jobs/gazelle-transformation/workspace/transformation-war/src/main/crowdin/zh-TW/net.ihe.gazelle.maven.gazelle-seam-tools-war/gazelle-seam-tools.properties[info] Adding /home/jenkins/.hudson/jobs/gazelle-transformation/workspace/transformation-war/src/main/crowdin/zh-TW/net.ihe.gazelle.transformation-war/transformation.properties[info] Adding /home/jenkins/.hudson/jobs/gazelle-transformation/workspace/transformation-war/src/main/crowdin/zh-TW/net.ihe.gazelle.gazelle-assets/assets.properties[info] Aggregate properties for lang es-ES[info] Adding /home/jenkins/.hudson/jobs/gazelle-transformation/workspace/transformation-war/src/main/crowdin/es-ES/net.ihe.gazelle.maven.gazelle-seam-tools-war/gazelle-seam-tools.properties[info] Adding /home/jenkins/.hudson/jobs/gazelle-transformation/workspace/transformation-war/src/main/crowdin/es-ES/net.ihe.gazelle.transformation-war/transformation.properties[info] Adding /home/jenkins/.hudson/jobs/gazelle-transformation/workspace/transformation-war/src/main/crowdin/es-ES/net.ihe.gazelle.gazelle-assets/assets.properties[info] Aggregate properties for lang zh-CN[info] Adding /home/jenkins/.hudson/jobs/gazelle-transformation/workspace/transformation-war/src/main/crowdin/zh-CN/net.ihe.gazelle.maven.gazelle-seam-tools-war/gazelle-seam-tools.properties[info] Adding /home/jenkins/.hudson/jobs/gazelle-transformation/workspace/transformation-war/src/main/crowdin/zh-CN/net.ihe.gazelle.transformation-war/transformation.properties[info] Adding /home/jenkins/.hudson/jobs/gazelle-transformation/workspace/transformation-war/src/main/crowdin/zh-CN/net.ihe.gazelle.gazelle-assets/assets.properties[info] Aggregate properties for lang de[info] Adding /home/jenkins/.hudson/jobs/gazelle-transformation/workspace/transformation-war/src/main/crowdin/de/net.ihe.gazelle.maven.gazelle-seam-tools-war/gazelle-seam-tools.properties[info] Adding /home/jenkins/.hudson/jobs/gazelle-transformation/workspace/transformation-war/src/main/crowdin/de/net.ihe.gazelle.transformation-war/transformation.properties[info] Adding /home/jenkins/.hudson/jobs/gazelle-transformation/workspace/transformation-war/src/main/crowdin/de/net.ihe.gazelle.gazelle-assets/assets.properties[INFO] [INFO] --- maven-resources-plugin:3.0.2:resources (default-resources) @ transformation-war ---[INFO] Using 'UTF-8' encoding to copy filtered resources.[INFO] Copying 2 resources[INFO] Copying 10 resources[INFO] [INFO] --- gazelle-plugins:1.60:check-xhtml-messages (check-translations-xml) @ transformation-war ---[INFO] Ignoring ui:param/f:param with name in [id, sectionToReRender, panelId, panelsToReRender, SuffixForID, panel2refresh, required, filterId, filterForm, divIdVar, dataListIdVar, editorIdVar, containerPanelId, varList, varTableId, varColor, tableName, onchange_callback, save_callback, convert_urls, theme_advanced_statusbar_location, theme_advanced_resizing, theme_advanced_toolbar_location, theme_advanced_toolbar_align, theme_advanced_buttons1, theme_advanced_buttons2, dataScrollerId, dataTableId, idToRerender, beanName, multiple, extensions, popup_id, panel_id, styleClass, headerStyleClass, bodyStyleClass, footerStyleClass, openByDefault, icon_class, dt_styleClass, dd_styleClass][INFO] Names can be added using ignoredParamNames in gazelle-plugins configuration. (see mvn gazelle:help -Ddetail=true -Dgoal=check-xhtml-messages)[INFO] [INFO] --- maven-compiler-plugin:3.7.0:compile (default-compile) @ transformation-war ---[INFO] No sources to compile[INFO] [INFO] --- maven-resources-plugin:3.0.2:testResources (default-testResources) @ transformation-war ---[INFO] Using 'UTF-8' encoding to copy filtered resources.[INFO] skip non existing resourceDirectory /home/jenkins/.hudson/jobs/gazelle-transformation/workspace/transformation-war/src/test/resources[INFO] [INFO] --- maven-compiler-plugin:3.7.0:testCompile (default-testCompile) @ transformation-war ---[INFO] Nothing to compile - all classes are up to date[INFO] [INFO] --- maven-surefire-plugin:2.20:test (default-test) @ transformation-war ---[INFO] No tests to run.[JENKINS] Recording test results[INFO] [INFO] --- jacoco-maven-plugin:0.7.9:report (post-unit-test) @ transformation-war ---[INFO] Skipping JaCoCo execution due to missing execution data file.[INFO] [INFO] --- maven-war-plugin:3.2.0:war (default-war) @ transformation-war ---[INFO] Packaging webapp[INFO] Assembling webapp [transformation-war] in [/home/jenkins/.hudson/jobs/gazelle-transformation/workspace/transformation-war/target/transformation-war][INFO] Processing war project[INFO] Copying webapp webResources [/home/jenkins/.hudson/jobs/gazelle-transformation/workspace/transformation-war/src/main/webapp] to [/home/jenkins/.hudson/jobs/gazelle-transformation/workspace/transformation-war/target/transformation-war][INFO] Copying webapp resources [/home/jenkins/.hudson/jobs/gazelle-transformation/workspace/transformation-war/src/main/webapp][INFO] Processing overlay [ id net.ihe.gazelle:gazelle-assets][INFO] Processing overlay [ id net.ihe.gazelle.maven:gazelle-seam-tools-war][INFO] Webapp assembled in [508 msecs][INFO] Building war: /home/jenkins/.hudson/jobs/gazelle-transformation/workspace/transformation-war/target/transformation-war.war[INFO] [INFO] --- maven-source-plugin:3.0.1:jar-no-fork (attach-sources) @ transformation-war ---[INFO] Building jar: /home/jenkins/.hudson/jobs/gazelle-transformation/workspace/transformation-war/target/transformation-war-sources.jar[INFO] [INFO] --- maven-jar-plugin:3.0.2:test-jar (default) @ transformation-war ---[WARNING] JAR will be empty - no content was marked for inclusion![INFO] Building jar: /home/jenkins/.hudson/jobs/gazelle-transformation/workspace/transformation-war/target/transformation-war-tests.jar[INFO] [INFO] --- maven-install-plugin:2.4:install (default-install) @ transformation-war ---[INFO] Installing /home/jenkins/.hudson/jobs/gazelle-transformation/workspace/transformation-war/target/transformation-war.war to /home/jenkins/.m2/repository/net/ihe/gazelle/transformation-war/2.0.1-SNAPSHOT/transformation-war-2.0.1-SNAPSHOT.war[INFO] Installing /home/jenkins/.hudson/jobs/gazelle-transformation/workspace/transformation-war/pom.xml to /home/jenkins/.m2/repository/net/ihe/gazelle/transformation-war/2.0.1-SNAPSHOT/transformation-war-2.0.1-SNAPSHOT.pom[INFO] Installing /home/jenkins/.hudson/jobs/gazelle-transformation/workspace/transformation-war/target/transformation-war-sources.jar to /home/jenkins/.m2/repository/net/ihe/gazelle/transformation-war/2.0.1-SNAPSHOT/transformation-war-2.0.1-SNAPSHOT-sources.jar[INFO] Installing /home/jenkins/.hudson/jobs/gazelle-transformation/workspace/transformation-war/target/transformation-war-tests.jar to /home/jenkins/.m2/repository/net/ihe/gazelle/transformation-war/2.0.1-SNAPSHOT/transformation-war-2.0.1-SNAPSHOT-tests.jarStarted calculate disk usage of buildFinished Calculation of disk usage of build in 0 secondsStarted calculate disk usage of workspaceFinished Calculation of disk usage of workspace in 0 seconds[INFO] [INFO] ------------------------------------------------------------------------[INFO] Building transformation-ear 2.0.1-SNAPSHOT[INFO] ------------------------------------------------------------------------[INFO] [INFO] --- maven-clean-plugin:3.0.0:clean (default-clean) @ transformation-ear ---[INFO] [INFO] --- maven-enforcer-plugin:1.2:enforce (enforce-java-version) @ transformation-ear ---[INFO] [INFO] --- maven-enforcer-plugin:1.2:enforce (enforce-maven-version) @ transformation-ear ---[INFO] [INFO] --- buildnumber-maven-plugin:1.2:create-timestamp (get-build-timestamp) @ transformation-ear ---[INFO] [INFO] --- buildnumber-maven-plugin:1.2:create (get-scm-revision) @ transformation-ear ---[INFO] [INFO] --- maven-buildmetadata-plugin:1.1.0.IHE.3:provide-buildmetadata (default) @ transformation-ear ---[INFO] Executing: /bin/sh -c cd /home/jenkins/.hudson/jobs/gazelle-transformation/workspace/transformation-ear && svn --non-interactive log -v -r '{2019-02-19 09:17:29 +0000}:{2019-03-22 09:17:29 +0000}' svn+ssh://scm.gforge.inria.fr/svn/gazelle/Maven/gazelle-transformation/trunk/transformation-ear[INFO] Working directory: /home/jenkins/.hudson/jobs/gazelle-transformation/workspace/transformation-ear[INFO] Executing: /bin/sh -c cd /home/jenkins/.hudson/jobs/gazelle-transformation/workspace/transformation-ear && svn --non-interactive status[INFO] Working directory: /home/jenkins/.hudson/jobs/gazelle-transformation/workspace/transformation-ear[INFO] Writing properties '/home/jenkins/.hudson/jobs/gazelle-transformation/workspace/transformation-ear/target/transformation/META-INF/build.properties'...[INFO] Writing XML report '/home/jenkins/.hudson/jobs/gazelle-transformation/workspace/transformation-ear/target/buildmetadata.xml'...[INFO] [INFO] --- jacoco-maven-plugin:0.7.9:prepare-agent (default) @ transformation-ear ---[INFO] argLine set to -javaagent:/home/jenkins/.m2/repository/org/jacoco/org.jacoco.agent/0.7.9/org.jacoco.agent-0.7.9-runtime.jar=destfile=/home/jenkins/.hudson/jobs/gazelle-transformation/workspace/transformation-ear/target/jacoco.exec,append=true[INFO] [INFO] --- gazelle-plugins:1.60:generate-sql-flag (build-sql-flag) @ transformation-ear ---[INFO] [INFO] --- maven-ear-plugin:2.4.2:generate-application-xml (default-generate-application-xml) @ transformation-ear ---[INFO] Generating application.xml[INFO] [INFO] --- maven-resources-plugin:3.0.2:resources (default-resources) @ transformation-ear ---[INFO] Using 'UTF-8' encoding to copy filtered resources.[INFO] Copying 2 resources[INFO] Copying 1 resource[INFO] [INFO] --- jacoco-maven-plugin:0.7.9:report (post-unit-test) @ transformation-ear ---[INFO] Skipping JaCoCo execution due to missing execution data file.[INFO] [INFO] --- maven-ear-plugin:2.4.2:ear (default-ear) @ transformation-ear ---[INFO] Copying artifact[war:net.ihe.gazelle:transformation-war:2.0.1-SNAPSHOT] to[transformation-war.war][INFO] Copying artifact[ejb:net.ihe.gazelle:transformation-ejb:2.0.1-SNAPSHOT] to[transformation-ejb.jar][INFO] Copying artifact[ejb:org.jboss.seam:jboss-seam:2.3.1.Final] to[jboss-seam.jar][INFO] Copying artifact[ejb:net.ihe.gazelle.maven:gazelle-seam-tools-jar:3.1.0] to[gazelle-seam-tools-jar.jar][INFO] Copying artifact[ejb:net.ihe.gazelle.maven:version:2.0.0] to[version.jar][INFO] Copying artifact[jar:net.ihe.gazelle:transformation-daffodil:2.0.1-SNAPSHOT] to[lib/transformation-daffodil.jar][INFO] Copying artifact[jar:edu.illinois.ncsa:daffodil-japi_2.11:2.0.0-rc3] to[lib/daffodil-japi_2.11-2.0.0-rc3.jar][INFO] Copying artifact[jar:org.scala-lang:scala-library:2.11.8] to[lib/scala-library-2.11.8.jar][INFO] Copying artifact[jar:edu.illinois.ncsa:daffodil-core_2.11:2.0.0-rc3] to[lib/daffodil-core_2.11-2.0.0-rc3.jar][INFO] Copying artifact[jar:edu.illinois.ncsa:daffodil-runtime1-unparser_2.11:2.0.0-rc3] to[lib/daffodil-runtime1-unparser_2.11-2.0.0-rc3.jar][INFO] Copying artifact[jar:edu.illinois.ncsa:daffodil-runtime1_2.11:2.0.0-rc3] to[lib/daffodil-runtime1_2.11-2.0.0-rc3.jar][INFO] Copying artifact[jar:edu.illinois.ncsa:daffodil-io_2.11:2.0.0-rc3] to[lib/daffodil-io_2.11-2.0.0-rc3.jar][INFO] Copying artifact[jar:edu.illinois.ncsa:daffodil-lib_2.11:2.0.0-rc3] to[lib/daffodil-lib_2.11-2.0.0-rc3.jar][INFO] Copying artifact[jar:edu.illinois.ncsa:daffodil-macro-lib_2.11:2.0.0-rc3] to[lib/daffodil-macro-lib_2.11-2.0.0-rc3.jar][INFO] Copying artifact[jar:org.scala-lang.modules:scala-xml_2.11:1.0.6] to[lib/scala-xml_2.11-1.0.6.jar][INFO] Copying artifact[jar:org.scala-lang.modules:scala-parser-combinators_2.11:1.0.4] to[lib/scala-parser-combinators_2.11-1.0.4.jar][INFO] Copying artifact[jar:org.jdom:jdom2:2.0.6] to[lib/jdom2-2.0.6.jar][INFO] Copying artifact[jar:com.ibm.icu:icu4j:51.1] to[lib/icu4j-51.1.jar][INFO] Copying artifact[jar:xerces:xercesImpl:2.9.1] to[lib/xercesImpl-2.9.1.jar][INFO] Copying artifact[jar:xml-apis:xml-apis:1.0.b2] to[lib/xml-apis-1.0.b2.jar][INFO] Copying artifact[jar:com.fasterxml.woodstox:woodstox-core:5.0.3] to[lib/woodstox-core-5.0.3.jar][INFO] Copying artifact[jar:org.codehaus.woodstox:stax2-api:3.1.1] to[lib/stax2-api-3.1.1.jar][INFO] Copying artifact[jar:com.fasterxml.jackson.core:jackson-core:2.8.8] to[lib/jackson-core-2.8.8.jar][INFO] Copying artifact[jar:xml-resolver:xml-resolver:1.2] to[lib/xml-resolver-1.2.jar][INFO] Copying artifact[jar:jline:jline:2.12.1] to[lib/jline-2.12.1.jar][INFO] Copying artifact[jar:org.fusesource.jansi:jansi:1.8] to[lib/jansi-1.8.jar][INFO] Copying artifact[jar:org.rogach:scallop_2.11:0.9.5] to[lib/scallop_2.11-0.9.5.jar][INFO] Copying artifact[jar:org.scala-lang:scala-reflect:2.11.0] to[lib/scala-reflect-2.11.0.jar][INFO] Copying artifact[jar:log4j:log4j:1.2.17] to[lib/log4j-1.2.17.jar][INFO] Copying artifact[jar:org.slf4j:slf4j-simple:1.7.24] to[lib/slf4j-simple-1.7.24.jar][INFO] Copying artifact[jar:org.slf4j:slf4j-api:1.7.24] to[lib/slf4j-api-1.7.24.jar][INFO] Copying artifact[jar:commons-io:commons-io:2.5] to[lib/commons-io-2.5.jar][INFO] Copying artifact[jar:org.codehaus.mojo:gazelle-plugins:1.60] to[lib/gazelle-plugins-1.60.jar][INFO] Copying artifact[jar:org.apache.maven.plugins:maven-dependency-plugin:2.8] to[lib/maven-dependency-plugin-2.8.jar][INFO] Copying artifact[jar:org.apache.maven:maven-artifact:2.0.9] to[lib/maven-artifact-2.0.9.jar][INFO] Copying artifact[jar:org.apache.maven:maven-plugin-api:2.0.9] to[lib/maven-plugin-api-2.0.9.jar][INFO] Copying artifact[jar:org.apache.maven:maven-project:2.0.9] to[lib/maven-project-2.0.9.jar][INFO] Copying artifact[jar:org.apache.maven:maven-profile:2.0.9] to[lib/maven-profile-2.0.9.jar][INFO] Copying artifact[jar:org.apache.maven:maven-plugin-registry:2.0.9] to[lib/maven-plugin-registry-2.0.9.jar][INFO] Copying artifact[jar:org.apache.maven:maven-model:2.0.9] to[lib/maven-model-2.0.9.jar][INFO] Copying artifact[jar:org.apache.maven:maven-core:2.0.9] to[lib/maven-core-2.0.9.jar][INFO] Copying artifact[jar:org.apache.maven.wagon:wagon-file:1.0-beta-2] to[lib/wagon-file-1.0-beta-2.jar][INFO] Copying artifact[jar:org.apache.maven:maven-plugin-parameter-documenter:2.0.9] to[lib/maven-plugin-parameter-documenter-2.0.9.jar][INFO] Copying artifact[jar:org.apache.maven.wagon:wagon-webdav:1.0-beta-2] to[lib/wagon-webdav-1.0-beta-2.jar][INFO] Copying artifact[jar:slide:slide-webdavlib:2.1] to[lib/slide-webdavlib-2.1.jar][INFO] Copying artifact[jar:de.zeigermann.xml:xml-im-exporter:1.1] to[lib/xml-im-exporter-1.1.jar][INFO] Copying artifact[jar:org.apache.maven.wagon:wagon-http-lightweight:2.2] to[lib/wagon-http-lightweight-2.2.jar][INFO] Copying artifact[jar:org.apache.maven.wagon:wagon-http-shared4:2.2] to[lib/wagon-http-shared4-2.2.jar][INFO] Copying artifact[jar:org.apache.maven.wagon:wagon-provider-api:2.2] to[lib/wagon-provider-api-2.2.jar][INFO] Copying artifact[jar:org.apache.maven:maven-error-diagnostics:2.0.9] to[lib/maven-error-diagnostics-2.0.9.jar][INFO] Copying artifact[jar:commons-cli:commons-cli:1.2] to[lib/commons-cli-1.2.jar][INFO] Copying artifact[jar:org.apache.maven.wagon:wagon-ssh-external:1.0-beta-2] to[lib/wagon-ssh-external-1.0-beta-2.jar][INFO] Copying artifact[jar:org.apache.maven.wagon:wagon-ssh-common:1.0-beta-2] to[lib/wagon-ssh-common-1.0-beta-2.jar][INFO] Copying artifact[jar:org.apache.maven:maven-plugin-descriptor:2.0.9] to[lib/maven-plugin-descriptor-2.0.9.jar][INFO] Copying artifact[jar:org.codehaus.plexus:plexus-interactivity-api:1.0-alpha-4] to[lib/plexus-interactivity-api-1.0-alpha-4.jar][INFO] Copying artifact[jar:org.apache.maven.wagon:wagon-ssh:1.0-beta-2] to[lib/wagon-ssh-1.0-beta-2.jar][INFO] Copying artifact[jar:com.jcraft:jsch:0.1.27] to[lib/jsch-0.1.27.jar][INFO] Copying artifact[jar:org.apache.maven:maven-artifact-manager:2.0.9] to[lib/maven-artifact-manager-2.0.9.jar][INFO] Copying artifact[jar:org.apache.maven:maven-repository-metadata:2.0.9] to[lib/maven-repository-metadata-2.0.9.jar][INFO] Copying artifact[jar:org.apache.maven.reporting:maven-reporting-api:3.0] to[lib/maven-reporting-api-3.0.jar][INFO] Copying artifact[jar:org.apache.maven.reporting:maven-reporting-impl:2.0.5] to[lib/maven-reporting-impl-2.0.5.jar][INFO] Copying artifact[jar:org.apache.maven.doxia:doxia-core:1.0] to[lib/doxia-core-1.0.jar][INFO] Copying artifact[jar:org.apache.maven.shared:maven-doxia-tools:1.0.2] to[lib/maven-doxia-tools-1.0.2.jar][INFO] Copying artifact[jar:commons-validator:commons-validator:1.2.0] to[lib/commons-validator-1.2.0.jar][INFO] Copying artifact[jar:org.apache.maven.doxia:doxia-sink-api:1.0] to[lib/doxia-sink-api-1.0.jar][INFO] Copying artifact[jar:org.apache.maven.doxia:doxia-site-renderer:1.0] to[lib/doxia-site-renderer-1.0.jar][INFO] Copying artifact[jar:org.codehaus.plexus:plexus-i18n:1.0-beta-7] to[lib/plexus-i18n-1.0-beta-7.jar][INFO] Copying artifact[jar:org.codehaus.plexus:plexus-velocity:1.1.7] to[lib/plexus-velocity-1.1.7.jar][INFO] Copying artifact[jar:org.apache.maven.doxia:doxia-decoration-model:1.0] to[lib/doxia-decoration-model-1.0.jar][INFO] Copying artifact[jar:org.apache.maven.doxia:doxia-module-apt:1.0] to[lib/doxia-module-apt-1.0.jar][INFO] Copying artifact[jar:org.apache.maven.doxia:doxia-module-fml:1.0] to[lib/doxia-module-fml-1.0.jar][INFO] Copying artifact[jar:org.apache.maven.doxia:doxia-module-xdoc:1.0] to[lib/doxia-module-xdoc-1.0.jar][INFO] Copying artifact[jar:org.apache.maven.doxia:doxia-module-xhtml:1.0] to[lib/doxia-module-xhtml-1.0.jar][INFO] Copying artifact[jar:org.codehaus.plexus:plexus-archiver:2.3] to[lib/plexus-archiver-2.3.jar][INFO] Copying artifact[jar:org.codehaus.plexus:plexus-utils:3.0.9] to[lib/plexus-utils-3.0.9.jar][INFO] Copying artifact[jar:org.apache.maven.shared:file-management:1.2.1] to[lib/file-management-1.2.1.jar][INFO] Copying artifact[jar:org.apache.maven.shared:maven-shared-io:1.1] to[lib/maven-shared-io-1.1.jar][INFO] Copying artifact[jar:org.codehaus.plexus:plexus-container-default:1.0-alpha-9-stable-1] to[lib/plexus-container-default-1.0-alpha-9-stable-1.jar][INFO] Copying artifact[jar:org.codehaus.plexus:plexus-io:2.0.6] to[lib/plexus-io-2.0.6.jar][INFO] Copying artifact[jar:org.apache.maven.shared:maven-dependency-analyzer:1.4] to[lib/maven-dependency-analyzer-1.4.jar][INFO] Copying artifact[jar:org.codehaus.plexus:plexus-component-annotations:1.5.5] to[lib/plexus-component-annotations-1.5.5.jar][INFO] Copying artifact[jar:org.apache.maven.shared:maven-dependency-tree:2.1] to[lib/maven-dependency-tree-2.1.jar][INFO] Copying artifact[jar:org.eclipse.aether:aether-util:0.9.0.M2] to[lib/aether-util-0.9.0.M2.jar][INFO] Copying artifact[jar:org.apache.maven.shared:maven-common-artifact-filters:1.4] to[lib/maven-common-artifact-filters-1.4.jar][INFO] Copying artifact[jar:org.apache.maven.shared:maven-invoker:2.0.11] to[lib/maven-invoker-2.0.11.jar][INFO] Copying artifact[jar:classworlds:classworlds:1.1] to[lib/classworlds-1.1.jar][INFO] Copying artifact[jar:org.apache.maven.plugins:maven-resources-plugin:2.7] to[lib/maven-resources-plugin-2.7.jar][INFO] Copying artifact[jar:org.apache.maven:maven-settings:2.2.1] to[lib/maven-settings-2.2.1.jar][INFO] Copying artifact[jar:org.apache.maven:maven-monitor:2.2.1] to[lib/maven-monitor-2.2.1.jar][INFO] Copying artifact[jar:org.apache.maven.shared:maven-filtering:1.2] to[lib/maven-filtering-1.2.jar][INFO] Copying artifact[jar:org.apache.maven.shared:maven-shared-utils:0.3] to[lib/maven-shared-utils-0.3.jar][INFO] Copying artifact[jar:org.sonatype.plexus:plexus-build-api:0.0.4] to[lib/plexus-build-api-0.0.4.jar][INFO] Copying artifact[jar:org.codehaus.plexus:plexus-interpolation:1.19] to[lib/plexus-interpolation-1.19.jar][INFO] Copying artifact[jar:net.sourceforge.collections:collections-generic:4.01] to[lib/collections-generic-4.01.jar][INFO] Copying artifact[jar:org.jdom:jdom:1.1.2] to[lib/jdom-1.1.2.jar][INFO] Copying artifact[jar:com.googlecode.crowdin-maven:crowdin-plugin:1.5] to[lib/crowdin-plugin-1.5.jar][INFO] Copying artifact[jar:commons-httpclient:commons-httpclient:3.1-jbossorg-1] to[lib/commons-httpclient-3.1-jbossorg-1.jar][INFO] Copying artifact[jar:ca.uhn.hapi:hapi-base:2.2] to[lib/hapi-base-2.2.jar][INFO] Copying artifact[jar:ca.uhn.hapi:hapi-sourcegen:2.2] to[lib/hapi-sourcegen-2.2.jar][INFO] Copying artifact[jar:mysql:mysql-connector-java:5.1.6] to[lib/mysql-connector-java-5.1.6.jar][INFO] Copying artifact[jar:org.apache.velocity:velocity:1.7] to[lib/velocity-1.7.jar][INFO] Copying artifact[jar:org.apache.velocity:velocity-tools:2.0] to[lib/velocity-tools-2.0.jar][INFO] Copying artifact[jar:commons-chain:commons-chain:1.1] to[lib/commons-chain-1.1.jar][INFO] Copying artifact[jar:oro:oro:2.0.8] to[lib/oro-2.0.8.jar][INFO] Copying artifact[jar:sslext:sslext:1.2-0] to[lib/sslext-1.2-0.jar][INFO] Copying artifact[jar:org.apache.struts:struts-core:1.3.8] to[lib/struts-core-1.3.8.jar][INFO] Copying artifact[jar:org.apache.struts:struts-taglib:1.3.8] to[lib/struts-taglib-1.3.8.jar][INFO] Copying artifact[jar:org.apache.struts:struts-tiles:1.3.8] to[lib/struts-tiles-1.3.8.jar][INFO] Copying artifact[jar:org.springframework:spring:2.5.6] to[lib/spring-2.5.6.jar][INFO] Copying artifact[jar:eviware:soapui:4.5.1] to[lib/soapui-4.5.1.jar][INFO] Copying artifact[jar:eviware:soapui-xmlbeans:4.5.1] to[lib/soapui-xmlbeans-4.5.1.jar][INFO] Copying artifact[jar:org.apache.axis2:axis2-adb:1.7.2] to[lib/axis2-adb-1.7.2.jar][INFO] Copying artifact[jar:org.apache.axis2:axis2-kernel:1.7.2] to[lib/axis2-kernel-1.7.2.jar][INFO] Copying artifact[jar:org.apache.ws.commons.axiom:axiom-api:1.2.19] to[lib/axiom-api-1.2.19.jar][INFO] Copying artifact[jar:org.apache.james:apache-mime4j-core:0.7.2] to[lib/apache-mime4j-core-0.7.2.jar][INFO] Copying artifact[jar:org.apache.ws.commons.axiom:axiom-impl:1.2.19] to[lib/axiom-impl-1.2.19.jar][INFO] Copying artifact[jar:wsdl4j:wsdl4j:1.6.2] to[lib/wsdl4j-1.6.2.jar][INFO] Copying artifact[jar:org.apache.ws.xmlschema:xmlschema-core:2.0.2] to[lib/xmlschema-core-2.0.2.jar][INFO] Copying artifact[jar:org.apache.neethi:neethi:3.0.2] to[lib/neethi-3.0.2.jar][INFO] Copying artifact[jar:org.apache.woden:woden-core:1.0M10] to[lib/woden-core-1.0M10.jar][INFO] Copying artifact[jar:javax.ws.rs:jsr311-api:1.1.1] to[lib/jsr311-api-1.1.1.jar][INFO] Copying artifact[jar:org.apache.ws.commons.axiom:axiom-dom:1.2.19] to[lib/axiom-dom-1.2.19.jar][INFO] Copying artifact[jar:org.codehaus.woodstox:woodstox-core-asl:4.1.1] to[lib/woodstox-core-asl-4.1.1.jar][INFO] Copying artifact[jar:org.apache.woden:woden-impl-dom:1.0M8.IHE] to[lib/woden-impl-dom-1.0M8.IHE.jar][INFO] Copying artifact[jar:org.apache.axis2:axis2-transport-local:1.7.2] to[lib/axis2-transport-local-1.7.2.jar][INFO] Copying artifact[jar:org.apache.axis2:axis2-transport-http:1.7.2] to[lib/axis2-transport-http-1.7.2.jar][INFO] Copying artifact[jar:org.apache.ant:ant-launcher:1.7.0] to[lib/ant-launcher-1.7.0.jar][INFO] Copying artifact[jar:org.apache.xmlbeans:xmlbeans:2.6.0] to[lib/xmlbeans-2.6.0.jar][INFO] Copying artifact[jar:fife:rsyntaxtextarea:1.3.4] to[lib/rsyntaxtextarea-1.3.4.jar][INFO] Copying artifact[jar:org.apache.httpcomponents:httpclient:4.2.1] to[lib/httpclient-4.2.1.jar][INFO] Copying artifact[jar:org.apache.httpcomponents:httpcore:4.2.1] to[lib/httpcore-4.2.1.jar][INFO] Copying artifact[jar:amf:flex-messaging-core:1.0] to[lib/flex-messaging-core-1.0.jar][INFO] Copying artifact[jar:bouncycastle:bcprov-jdk16:140] to[lib/bcprov-jdk16-140.jar][INFO] Copying artifact[jar:org.jboss.javaee:jboss-javaee:5.0.1.GA] to[lib/jboss-javaee-5.0.1.GA.jar][INFO] Copying artifact[jar:net.ihe.gazelle:gazelle-transformation-api:1.0.0] to[lib/gazelle-transformation-api-1.0.0.jar][INFO] Copying artifact[jar:net.ihe.gazelle.hql:gazelle-hql:2.1.1] to[lib/gazelle-hql-2.1.1.jar][INFO] Copying artifact[jar:commons-lang:commons-lang:2.6] to[lib/commons-lang-2.6.jar][INFO] Copying artifact[jar:net.ihe.gazelle.maven:gazelle-tools-jar:3.1.0] to[lib/gazelle-tools-jar-3.1.0.jar][INFO] Copying artifact[ejb:net.ihe.gazelle:gazelle-preferences:1.1.0] to[gazelle-preferences-1.1.0.jar][INFO] Copying artifact[jar:org.hibernate:hibernate-ehcache:4.2.20.Final] to[lib/hibernate-ehcache-4.2.20.Final.jar][INFO] Copying artifact[jar:com.googlecode.owasp-java-html-sanitizer:owasp-java-html-sanitizer:r239] to[lib/owasp-java-html-sanitizer-r239.jar][INFO] Copying artifact[jar:com.google.code.findbugs:jsr305:3.0.2] to[lib/jsr305-3.0.2.jar][INFO] Copying artifact[jar:commons-fileupload:commons-fileupload:1.2.1] to[lib/commons-fileupload-1.2.1.jar][INFO] Copying artifact[jar:commons-digester:commons-digester:2.1] to[lib/commons-digester-2.1.jar][INFO] Copying artifact[jar:com.lowagie:itext:2.1.2] to[lib/itext-2.1.2.jar][INFO] Copying artifact[jar:javax.servlet:jstl:1.0] to[lib/jstl-1.0.jar][INFO] Copying artifact[jar:org.apache.poi:poi:3.8] to[lib/poi-3.8.jar][INFO] Copying artifact[jar:commons-codec:commons-codec:1.4] to[lib/commons-codec-1.4.jar][INFO] Copying artifact[jar:org.jsoup:jsoup:1.6.3] to[lib/jsoup-1.6.3.jar][INFO] Copying artifact[jar:net.sf.ehcache:ehcache-core:2.6.6] to[lib/ehcache-core-2.6.6.jar][INFO] Copying artifact[jar:org.jboss.seam:jboss-seam-excel:2.3.1.Final] to[lib/jboss-seam-excel-2.3.1.Final.jar][INFO] Copying artifact[jar:net.sourceforge.jexcelapi:jxl:2.6.10] to[lib/jxl-2.6.10.jar][INFO] Copying artifact[jar:org.hibernate:hibernate-c3p0:4.2.20.Final] to[lib/hibernate-c3p0-4.2.20.Final.jar][INFO] Copying artifact[jar:org.jboss.logging:jboss-logging:3.1.2.GA] to[lib/jboss-logging-3.1.2.GA.jar][INFO] Copying artifact[jar:com.mchange:c3p0:0.9.2.1] to[lib/c3p0-0.9.2.1.jar][INFO] Copying artifact[jar:com.mchange:mchange-commons-java:0.2.3.4] to[lib/mchange-commons-java-0.2.3.4.jar][INFO] Copying artifact[jar:antlr:antlr:2.7.7] to[lib/antlr-2.7.7.jar][INFO] Copying artifact[jar:org.jboss.spec.javax.faces:jboss-jsf-api_2.1_spec:2.1.19.1.Final] to[lib/jboss-jsf-api_2.1_spec-2.1.19.1.Final.jar][INFO] Copying artifact[jar:javax.inject:javax.inject:1] to[lib/javax.inject-1.jar][INFO] Copying artifact[jar:org.kohsuke.metainf-services:metainf-services:1.3] to[lib/metainf-services-1.3.jar][INFO] Copying artifact[jar:org.jasig.cas.client:cas-client-core:3.4.1] to[lib/cas-client-core-3.4.1.jar][INFO] Copying artifact[jar:uk.com.robust-it:cloning:1.7.9] to[lib/cloning-1.7.9.jar][INFO] Copying artifact[jar:org.objenesis:objenesis:1.2] to[lib/objenesis-1.2.jar][INFO] Copying artifact[jar:org.jboss.shrinkwrap.resolver:shrinkwrap-resolver-api-maven:2.0.0] to[lib/shrinkwrap-resolver-api-maven-2.0.0.jar][INFO] Copying artifact[jar:org.jboss.shrinkwrap.resolver:shrinkwrap-resolver-api:2.0.0] to[lib/shrinkwrap-resolver-api-2.0.0.jar][INFO] Copying artifact[jar:org.apache.servicemix.bundles:org.apache.servicemix.bundles.jaxp-ri:1.4.5_1] to[lib/org.apache.servicemix.bundles.jaxp-ri-1.4.5_1.jar][INFO] Copying artifact[jar:org.mapdb:mapdb:3.0.5] to[lib/mapdb-3.0.5.jar][INFO] Copying artifact[jar:org.jetbrains.kotlin:kotlin-stdlib:1.0.7] to[lib/kotlin-stdlib-1.0.7.jar][INFO] Copying artifact[jar:org.jetbrains.kotlin:kotlin-runtime:1.0.7] to[lib/kotlin-runtime-1.0.7.jar][INFO] Copying artifact[jar:org.eclipse.collections:eclipse-collections-api:7.1.2] to[lib/eclipse-collections-api-7.1.2.jar][INFO] Copying artifact[jar:net.jcip:jcip-annotations:1.0] to[lib/jcip-annotations-1.0.jar][INFO] Copying artifact[jar:org.eclipse.collections:eclipse-collections:7.1.2] to[lib/eclipse-collections-7.1.2.jar][INFO] Copying artifact[jar:org.eclipse.collections:eclipse-collections-forkjoin:7.1.2] to[lib/eclipse-collections-forkjoin-7.1.2.jar][INFO] Copying artifact[jar:net.jpountz.lz4:lz4:1.3.0] to[lib/lz4-1.3.0.jar][INFO] Copying artifact[jar:org.mapdb:elsa:3.0.0-M5] to[lib/elsa-3.0.0-M5.jar][INFO] Copying artifact[jar:org.jboss.el:jboss-el:1.0_02.CR6] to[lib/jboss-el-1.0_02.CR6.jar][INFO] Copying artifact[jar:net.ihe.gazelle.cdk:cdk-tags:1.0.7] to[lib/cdk-tags-1.0.7.jar][INFO] Copying artifact[jar:org.richfaces.cdk:annotations:4.3.1.Final] to[lib/annotations-4.3.1.Final.jar][INFO] Copying artifact[jar:com.sun.faces:jsf-api:2.1.19] to[lib/jsf-api-2.1.19.jar][INFO] Copying artifact[jar:org.codelibs:jhighlight:1.0.3] to[lib/jhighlight-1.0.3.jar][INFO] Copying artifact[jar:org.richfaces.ui:richfaces-components-ui:4.3.5.Final] to[lib/richfaces-components-ui-4.3.5.Final.jar][INFO] Copying artifact[jar:org.richfaces.ui:richfaces-components-api:4.3.5.Final] to[lib/richfaces-components-api-4.3.5.Final.jar][INFO] Copying artifact[jar:org.richfaces.core:richfaces-core-api:4.3.5.Final] to[lib/richfaces-core-api-4.3.5.Final.jar][INFO] Copying artifact[jar:org.richfaces.core:richfaces-core-impl:4.3.5.Final] to[lib/richfaces-core-impl-4.3.5.Final.jar][INFO] Copying artifact[jar:net.sourceforge.cssparser:cssparser:0.9.5] to[lib/cssparser-0.9.5.jar][INFO] Copying artifact[jar:org.w3c.css:sac:1.3] to[lib/sac-1.3.jar][INFO] Copying artifact[jar:com.google.guava:guava:13.0.1] to[lib/guava-13.0.1.jar][INFO] Copying artifact[jar:dom4j:dom4j:1.6.1] to[lib/dom4j-1.6.1.jar][INFO] Copying artifact[jar:org.jboss.seam:jboss-seam-ui:2.3.1.Final] to[lib/jboss-seam-ui-2.3.1.Final.jar][INFO] Copying artifact[jar:org.jboss.seam:jboss-seam-mail:2.3.1.Final] to[lib/jboss-seam-mail-2.3.1.Final.jar][INFO] Copying artifact[jar:org.jboss.seam:jboss-seam-debug:2.3.1.Final] to[lib/jboss-seam-debug-2.3.1.Final.jar][INFO] Copying artifact[jar:commons-beanutils:commons-beanutils:1.8.3] to[lib/commons-beanutils-1.8.3.jar][INFO] Copy ear sources to /home/jenkins/.hudson/jobs/gazelle-transformation/workspace/transformation-ear/target/transformation[INFO] Could not find manifest file: /home/jenkins/.hudson/jobs/gazelle-transformation/workspace/transformation-ear/target/transformation/META-INF/MANIFEST.MF - Generating one[INFO] Building jar: /home/jenkins/.hudson/jobs/gazelle-transformation/workspace/transformation-ear/target/transformation.ear[INFO] [INFO] --- maven-source-plugin:3.0.1:jar-no-fork (attach-sources) @ transformation-ear ---[INFO] Building jar: /home/jenkins/.hudson/jobs/gazelle-transformation/workspace/transformation-ear/target/transformation-sources.jar[INFO] [INFO] --- maven-jar-plugin:3.0.2:test-jar (default) @ transformation-ear ---[WARNING] JAR will be empty - no content was marked for inclusion![INFO] Building jar: /home/jenkins/.hudson/jobs/gazelle-transformation/workspace/transformation-ear/target/transformation-tests.jar[INFO] [INFO] --- maven-assembly-plugin:2.2.1:single (make-assembly-sql) @ transformation-ear ---[INFO] Reading assembly descriptor: src/main/assembly/datasource.xml[INFO] Building zip: /home/jenkins/.hudson/jobs/gazelle-transformation/workspace/transformation-ear/target/transformation-datasource.zip[INFO] Building zip: /home/jenkins/.hudson/jobs/gazelle-transformation/workspace/transformation-ear/target/transformation-sql.zip[INFO] [INFO] --- maven-assembly-plugin:2.2.1:single (make-assembly) @ transformation-ear ---[INFO] Reading assembly descriptor: src/main/assembly/datasource.xml[INFO] Building zip: /home/jenkins/.hudson/jobs/gazelle-transformation/workspace/transformation-ear/target/transformation-datasource.zip[INFO] [INFO] --- maven-install-plugin:2.4:install (default-install) @ transformation-ear ---[INFO] Installing /home/jenkins/.hudson/jobs/gazelle-transformation/workspace/transformation-ear/target/transformation.ear to /home/jenkins/.m2/repository/net/ihe/gazelle/transformation-ear/2.0.1-SNAPSHOT/transformation-ear-2.0.1-SNAPSHOT.ear[INFO] Installing /home/jenkins/.hudson/jobs/gazelle-transformation/workspace/transformation-ear/pom.xml to /home/jenkins/.m2/repository/net/ihe/gazelle/transformation-ear/2.0.1-SNAPSHOT/transformation-ear-2.0.1-SNAPSHOT.pom[INFO] Installing /home/jenkins/.hudson/jobs/gazelle-transformation/workspace/transformation-ear/target/transformation-sources.jar to /home/jenkins/.m2/repository/net/ihe/gazelle/transformation-ear/2.0.1-SNAPSHOT/transformation-ear-2.0.1-SNAPSHOT-sources.jar[INFO] Installing /home/jenkins/.hudson/jobs/gazelle-transformation/workspace/transformation-ear/target/transformation-tests.jar to /home/jenkins/.m2/repository/net/ihe/gazelle/transformation-ear/2.0.1-SNAPSHOT/transformation-ear-2.0.1-SNAPSHOT-tests.jar[INFO] Installing /home/jenkins/.hudson/jobs/gazelle-transformation/workspace/transformation-ear/target/transformation-datasource.zip to /home/jenkins/.m2/repository/net/ihe/gazelle/transformation-ear/2.0.1-SNAPSHOT/transformation-ear-2.0.1-SNAPSHOT-datasource.zip[INFO] Installing /home/jenkins/.hudson/jobs/gazelle-transformation/workspace/transformation-ear/target/transformation-sql.zip to /home/jenkins/.m2/repository/net/ihe/gazelle/transformation-ear/2.0.1-SNAPSHOT/transformation-ear-2.0.1-SNAPSHOT-sql.zip[INFO] Installing /home/jenkins/.hudson/jobs/gazelle-transformation/workspace/transformation-ear/target/transformation-datasource.zip to /home/jenkins/.m2/repository/net/ihe/gazelle/transformation-ear/2.0.1-SNAPSHOT/transformation-ear-2.0.1-SNAPSHOT-datasource.zipStarted calculate disk usage of buildFinished Calculation of disk usage of build in 0 secondsStarted calculate disk usage of workspaceFinished Calculation of disk usage of workspace in 0 seconds[INFO] [INFO] ------------------------------------------------------------------------[INFO] Building Gazelle Transformation 2.0.1-SNAPSHOT[INFO] ------------------------------------------------------------------------[INFO] [INFO] --- sonar-maven-plugin:3.6.0.1398:sonar (default-cli) @ gazelle-transformation ---[INFO] User cache: /home/jenkins/.sonar/cache[INFO] SonarQube version: 7.3.0[INFO] Default locale: \"en_GB\", source code encoding: \"UTF-8\"[INFO] Publish mode[INFO] Load global settings[INFO] Load global settings (done) | time=130ms[INFO] Server id: A7EE8CF2-1e5f71089284882[INFO] User cache: /home/jenkins/.sonar/cache[INFO] Load/download plugins[INFO] Load plugins index[INFO] Load plugins index (done) | time=43ms[INFO] Plugin [l10nfr] defines 'l10nen' as base plugin. This metadata can be removed from manifest of l10n plugins since version 5.2.[INFO] Plugin [l10nde] defines 'l10nen' as base plugin. This metadata can be removed from manifest of l10n plugins since version 5.2.[INFO] Plugin [l10nel] defines 'l10nen' as base plugin. This metadata can be removed from manifest of l10n plugins since version 5.2.[INFO] Plugin [l10nit] defines 'l10nen' as base plugin. This metadata can be removed from manifest of l10n plugins since version 5.2.[INFO] Plugin [l10nja] defines 'l10nen' as base plugin. This metadata can be removed from manifest of l10n plugins since version 5.2.[INFO] Plugin [l10nko] defines 'l10nen' as base plugin. This metadata can be removed from manifest of l10n plugins since version 5.2.[INFO] Load/download plugins (done) | time=57ms[INFO] Loaded core extensions: [INFO] Sonargraph Integration: Custom metrics file '/home/jenkins/.sonargraphintegration/metrics.properties' not found[INFO] Sonargraph Integration: Created 54 predefined and 0 custom metric(s)[INFO] Process project properties[INFO] Execute project builders[INFO] Execute project builders (done) | time=2ms[INFO] Load project repositories[INFO] Load project repositories (done) | time=81ms[INFO] Load quality profiles[INFO] Load quality profiles (done) | time=33ms[INFO] Load active rules[INFO] Load active rules (done) | time=568ms[INFO] Load metrics repository[INFO] Load metrics repository (done) | time=18ms[INFO] Project key: net.ihe.gazelle:gazelle-transformation[INFO] Project base dir: /home/jenkins/.hudson/jobs/gazelle-transformation/workspace[INFO] -------------  Scan transformation-ear[INFO] Base dir: /home/jenkins/.hudson/jobs/gazelle-transformation/workspace/transformation-ear[INFO] Working dir: /home/jenkins/.hudson/jobs/gazelle-transformation/workspace/transformation-ear/target/sonar[INFO] Source paths: pom.xml[INFO] Source encoding: UTF-8, default locale: en_GB[INFO] Load server rules[INFO] Load server rules (done) | time=112ms[INFO] Language is forced to java[INFO] Index files[WARNING] File '/home/jenkins/.hudson/jobs/gazelle-transformation/workspace/transformation-ear/pom.xml' is ignored because it doesn't belong to the forced language 'java'[INFO] 0 files indexed[INFO] Sensor JavaXmlSensor [java][INFO] Sensor JavaXmlSensor [java] (done) | time=1ms[INFO] Sensor Sonargraph Integration [sonargraphintegration][INFO] Sonargraph Integration: Processing module 'net.ihe.gazelle:transformation-ear'[WARNING] Sonargraph Integration: XML report file '/home/jenkins/.hudson/jobs/gazelle-transformation/workspace/transformation-ear/target/sonargraph/sonargraph-sonarqube-report.xml' not found[INFO] Sonargraph Integration: Finished processing module 'net.ihe.gazelle:transformation-ear'[INFO] Sensor Sonargraph Integration [sonargraphintegration] (done) | time=0ms[INFO] SCM Publisher is disabled[INFO] -------------  Scan transformation-war[INFO] Base dir: /home/jenkins/.hudson/jobs/gazelle-transformation/workspace/transformation-war[INFO] Working dir: /home/jenkins/.hudson/jobs/gazelle-transformation/workspace/transformation-war/target/sonar[INFO] Source paths: src/main/webapp, pom.xml[INFO] Test paths: src/test/java[INFO] Source encoding: UTF-8, default locale: en_GB[INFO] Language is forced to java[INFO] Index files[WARNING] File '/home/jenkins/.hudson/jobs/gazelle-transformation/workspace/transformation-war/src/main/webapp/errorExpired.xhtml' is ignored because it doesn't belong to the forced language 'java'[WARNING] File '/home/jenkins/.hudson/jobs/gazelle-transformation/workspace/transformation-war/src/main/webapp/objecttype/create.xhtml' is ignored because it doesn't belong to the forced language 'java'[WARNING] File '/home/jenkins/.hudson/jobs/gazelle-transformation/workspace/transformation-war/src/main/webapp/objecttype/edit.xhtml' is ignored because it doesn't belong to the forced language 'java'[WARNING] File '/home/jenkins/.hudson/jobs/gazelle-transformation/workspace/transformation-war/src/main/webapp/objecttype/edit.page.xml' is ignored because it doesn't belong to the forced language 'java'[WARNING] File '/home/jenkins/.hudson/jobs/gazelle-transformation/workspace/transformation-war/src/main/webapp/objecttype/create.page.xml' is ignored because it doesn't belong to the forced language 'java'[WARNING] File '/home/jenkins/.hudson/jobs/gazelle-transformation/workspace/transformation-war/src/main/webapp/objecttype/list.xhtml' is ignored because it doesn't belong to the forced language 'java'[WARNING] File '/home/jenkins/.hudson/jobs/gazelle-transformation/workspace/transformation-war/src/main/webapp/login.xhtml' is ignored because it doesn't belong to the forced language 'java'[WARNING] File '/home/jenkins/.hudson/jobs/gazelle-transformation/workspace/transformation-war/src/main/webapp/cas/home.xhtml' is ignored because it doesn't belong to the forced language 'java'[WARNING] File '/home/jenkins/.hudson/jobs/gazelle-transformation/workspace/transformation-war/src/main/webapp/error.xhtml' is ignored because it doesn't belong to the forced language 'java'[WARNING] File '/home/jenkins/.hudson/jobs/gazelle-transformation/workspace/transformation-war/src/main/webapp/schema/create.xhtml' is ignored because it doesn't belong to the forced language 'java'[WARNING] File '/home/jenkins/.hudson/jobs/gazelle-transformation/workspace/transformation-war/src/main/webapp/schema/edit.xhtml' is ignored because it doesn't belong to the forced language 'java'[WARNING] File '/home/jenkins/.hudson/jobs/gazelle-transformation/workspace/transformation-war/src/main/webapp/schema/edit.page.xml' is ignored because it doesn't belong to the forced language 'java'[WARNING] File '/home/jenkins/.hudson/jobs/gazelle-transformation/workspace/transformation-war/src/main/webapp/schema/create.page.xml' is ignored because it doesn't belong to the forced language 'java'[WARNING] File '/home/jenkins/.hudson/jobs/gazelle-transformation/workspace/transformation-war/src/main/webapp/schema/view.xhtml' is ignored because it doesn't belong to the forced language 'java'[WARNING] File '/home/jenkins/.hudson/jobs/gazelle-transformation/workspace/transformation-war/src/main/webapp/schema/list.xhtml' is ignored because it doesn't belong to the forced language 'java'[WARNING] File '/home/jenkins/.hudson/jobs/gazelle-transformation/workspace/transformation-war/src/main/webapp/resources/stylesheet/theme-SchematronValidator.css' is ignored because it doesn't belong to the forced language 'java'[WARNING] File '/home/jenkins/.hudson/jobs/gazelle-transformation/workspace/transformation-war/src/main/webapp/META-INF/MANIFEST.MF' is ignored because it doesn't belong to the forced language 'java'[WARNING] File '/home/jenkins/.hudson/jobs/gazelle-transformation/workspace/transformation-war/src/main/webapp/home.xhtml' is ignored because it doesn't belong to the forced language 'java'[WARNING] File '/home/jenkins/.hudson/jobs/gazelle-transformation/workspace/transformation-war/src/main/webapp/layout/menu-right.xhtml' is ignored because it doesn't belong to the forced language 'java'[WARNING] File '/home/jenkins/.hudson/jobs/gazelle-transformation/workspace/transformation-war/src/main/webapp/layout/template.xhtml' is ignored because it doesn't belong to the forced language 'java'[WARNING] File '/home/jenkins/.hudson/jobs/gazelle-transformation/workspace/transformation-war/src/main/webapp/layout/footer.xhtml' is ignored because it doesn't belong to the forced language 'java'[WARNING] File '/home/jenkins/.hudson/jobs/gazelle-transformation/workspace/transformation-war/src/main/webapp/layout/menu_links.xhtml' is ignored because it doesn't belong to the forced language 'java'[WARNING] File '/home/jenkins/.hudson/jobs/gazelle-transformation/workspace/transformation-war/src/main/webapp/index.html' is ignored because it doesn't belong to the forced language 'java'[WARNING] File '/home/jenkins/.hudson/jobs/gazelle-transformation/workspace/transformation-war/src/main/webapp/WEB-INF/web.xml' is ignored because it doesn't belong to the forced language 'java'[WARNING] File '/home/jenkins/.hudson/jobs/gazelle-transformation/workspace/transformation-war/src/main/webapp/WEB-INF/pages.xml' is ignored because it doesn't belong to the forced language 'java'[WARNING] File '/home/jenkins/.hudson/jobs/gazelle-transformation/workspace/transformation-war/src/main/webapp/WEB-INF/faces-config.xml' is ignored because it doesn't belong to the forced language 'java'[WARNING] File '/home/jenkins/.hudson/jobs/gazelle-transformation/workspace/transformation-war/src/main/webapp/WEB-INF/components.xml' is ignored because it doesn't belong to the forced language 'java'[WARNING] File '/home/jenkins/.hudson/jobs/gazelle-transformation/workspace/transformation-war/src/main/webapp/administration/configure.xhtml' is ignored because it doesn't belong to the forced language 'java'[WARNING] File '/home/jenkins/.hudson/jobs/gazelle-transformation/workspace/transformation-war/pom.xml' is ignored because it doesn't belong to the forced language 'java'[WARNING] File '/home/jenkins/.hudson/jobs/gazelle-transformation/workspace/transformation-war/src/main/webapp/administration/configure.page.xml' is ignored because it doesn't belong to the forced language 'java'[INFO] 0 files indexed[INFO] Sensor JavaXmlSensor [java][INFO] Sensor JavaXmlSensor [java] (done) | time=0ms[INFO] Sensor Sonargraph Integration [sonargraphintegration][INFO] Sonargraph Integration: Processing module 'net.ihe.gazelle:transformation-war'[WARNING] Sonargraph Integration: XML report file '/home/jenkins/.hudson/jobs/gazelle-transformation/workspace/transformation-war/target/sonargraph/sonargraph-sonarqube-report.xml' not found[INFO] Sonargraph Integration: Finished processing module 'net.ihe.gazelle:transformation-war'[INFO] Sensor Sonargraph Integration [sonargraphintegration] (done) | time=0ms[INFO] SCM Publisher is disabled[INFO] -------------  Scan transformation-daffodil[INFO] Base dir: /home/jenkins/.hudson/jobs/gazelle-transformation/workspace/transformation-daffodil[INFO] Working dir: /home/jenkins/.hudson/jobs/gazelle-transformation/workspace/transformation-daffodil/target/sonar[INFO] Source paths: pom.xml, src/main/java[INFO] Test paths: src/test/java[INFO] Source encoding: UTF-8, default locale: en_GB[INFO] Language is forced to java[INFO] Index files[WARNING] File '/home/jenkins/.hudson/jobs/gazelle-transformation/workspace/transformation-daffodil/pom.xml' is ignored because it doesn't belong to the forced language 'java'[INFO] 6 files indexed[INFO] Quality profile for java: Sonar way with Findbugs[INFO] Sensor JavaSquidSensor [java][INFO] Configured Java source version (sonar.java.source): 8[INFO] JavaClasspath initialization[INFO] JavaClasspath initialization (done) | time=11ms[INFO] JavaTestClasspath initialization[INFO] JavaTestClasspath initialization (done) | time=2ms[INFO] Java Main Files AST scan[INFO] 4 source files to be analyzed[INFO] 4/4 source files have been analyzed[WARNING] Classes not found during the analysis : [scala.Predef$$less, scala.Predef$$less$colon][INFO] Java Main Files AST scan (done) | time=775ms[INFO] Java Test Files AST scan[INFO] 2 source files to be analyzed[INFO] 2/2 source files have been analyzed[INFO] Java Test Files AST scan (done) | time=100ms[INFO] Sensor JavaSquidSensor [java] (done) | time=1380ms[INFO] Sensor SurefireSensor [java][INFO] parsing [/home/jenkins/.hudson/jobs/gazelle-transformation/workspace/transformation-daffodil/target/surefire-reports][INFO] Sensor SurefireSensor [java] (done) | time=28ms[INFO] Sensor JaCoCoSensor [java][WARNING] Property 'sonar.jacoco.reportPath' is deprecated. Please use 'sonar.jacoco.reportPaths' instead.[INFO] Analysing /home/jenkins/.hudson/jobs/gazelle-transformation/workspace/transformation-daffodil/target/jacoco.exec[INFO] No information about coverage per test.[INFO] Sensor JaCoCoSensor [java] (done) | time=72ms[INFO] Sensor JavaXmlSensor [java][INFO] Sensor JavaXmlSensor [java] (done) | time=0ms[INFO] Sensor Sonargraph Integration [sonargraphintegration][INFO] Sonargraph Integration: Processing module 'net.ihe.gazelle:transformation-daffodil'[WARNING] Sonargraph Integration: XML report file '/home/jenkins/.hudson/jobs/gazelle-transformation/workspace/transformation-daffodil/target/sonargraph/sonargraph-sonarqube-report.xml' not found[INFO] Sonargraph Integration: Finished processing module 'net.ihe.gazelle:transformation-daffodil'[INFO] Sensor Sonargraph Integration [sonargraphintegration] (done) | time=0ms[INFO] Sensor HTML [web][INFO] Sensor HTML [web] (done) | time=12ms[INFO] Sensor FindBugs Sensor [findbugs][INFO] Loading findbugs plugin: /home/jenkins/.hudson/jobs/gazelle-transformation/workspace/transformation-daffodil/target/sonar/findbugs/fb-contrib.jar[INFO] Findbugs output report: /home/jenkins/.hudson/jobs/gazelle-transformation/workspace/transformation-daffodil/target/sonar/findbugs-result.xml[INFO] Sensor FindBugs Sensor [findbugs] (done) | time=3624ms[INFO] SCM Publisher is disabled[INFO] -------------  Scan transformation-ejb[INFO] Base dir: /home/jenkins/.hudson/jobs/gazelle-transformation/workspace/transformation-ejb[INFO] Working dir: /home/jenkins/.hudson/jobs/gazelle-transformation/workspace/transformation-ejb/target/sonar[INFO] Source paths: pom.xml, src/main/java[INFO] Test paths: src/test/java[INFO] Source encoding: UTF-8, default locale: en_GB[INFO] Language is forced to java[INFO] Index files[WARNING] File '/home/jenkins/.hudson/jobs/gazelle-transformation/workspace/transformation-ejb/pom.xml' is ignored because it doesn't belong to the forced language 'java'[INFO] 29 files indexed[INFO] Quality profile for java: Sonar way with Findbugs[INFO] Sensor JavaSquidSensor [java][INFO] Configured Java source version (sonar.java.source): 8[INFO] JavaClasspath initialization[INFO] JavaClasspath initialization (done) | time=4ms[INFO] JavaTestClasspath initialization[INFO] JavaTestClasspath initialization (done) | time=3ms[INFO] Java Main Files AST scan[INFO] 26 source files to be analyzed[WARNING] bridge method size not marked as synthetic in class org/mapdb/HTreeMap[WARNING] bridge method entrySet not marked as synthetic in class org/mapdb/HTreeMap[WARNING] bridge method keySet not marked as synthetic in class org/mapdb/HTreeMap[WARNING] bridge method values not marked as synthetic in class org/mapdb/HTreeMap[WARNING] bridge method size not marked as synthetic in class org/mapdb/HTreeMap$KeySet[WARNING] bridge method size not marked as synthetic in class org/mapdb/BTreeMap[WARNING] bridge method entrySet not marked as synthetic in class org/mapdb/BTreeMap[WARNING] bridge method keySet not marked as synthetic in class org/mapdb/BTreeMap[WARNING] bridge method values not marked as synthetic in class org/mapdb/BTreeMap[WARNING] bridge method remove not marked as synthetic in class org/mapdb/IndexTreeList[WARNING] bridge method size not marked as synthetic in class org/mapdb/IndexTreeList[WARNING] Classes not found during the analysis : [org.mapdb.DB$nameDeser, org.mapdb.DB$nameSer, org.mapdb.HTreeMap$leafKeySetSerializer, org.mapdb.HTreeMap$leafValueExternalSerializer, org.mapdb.HTreeMap$leafValueInlineSerializer][INFO] 26/26 source files have been analyzed[INFO] Java Main Files AST scan (done) | time=2352ms[INFO] Java Test Files AST scan[INFO] 3 source files to be analyzed[INFO] 3/3 source files have been analyzed[INFO] Java Test Files AST scan (done) | time=122ms[INFO] Sensor JavaSquidSensor [java] (done) | time=2520ms[INFO] Sensor SurefireSensor [java][INFO] parsing [/home/jenkins/.hudson/jobs/gazelle-transformation/workspace/transformation-ejb/target/surefire-reports][INFO] Sensor SurefireSensor [java] (done) | time=4ms[INFO] Sensor JaCoCoSensor [java][WARNING] Property 'sonar.jacoco.reportPath' is deprecated. Please use 'sonar.jacoco.reportPaths' instead.[INFO] Analysing /home/jenkins/.hudson/jobs/gazelle-transformation/workspace/transformation-ejb/target/jacoco.exec[INFO] No information about coverage per test.[INFO] Sensor JaCoCoSensor [java] (done) | time=86ms[INFO] Sensor JavaXmlSensor [java][INFO] Sensor JavaXmlSensor [java] (done) | time=0ms[INFO] Sensor Sonargraph Integration [sonargraphintegration][INFO] Sonargraph Integration: Processing module 'net.ihe.gazelle:transformation-ejb'[WARNING] Sonargraph Integration: XML report file '/home/jenkins/.hudson/jobs/gazelle-transformation/workspace/transformation-ejb/target/sonargraph/sonargraph-sonarqube-report.xml' not found[INFO] Sonargraph Integration: Finished processing module 'net.ihe.gazelle:transformation-ejb'[INFO] Sensor Sonargraph Integration [sonargraphintegration] (done) | time=1ms[INFO] Sensor HTML [web][INFO] Sensor HTML [web] (done) | time=0ms[INFO] Sensor FindBugs Sensor [findbugs][INFO] Loading findbugs plugin: /home/jenkins/.hudson/jobs/gazelle-transformation/workspace/transformation-ejb/target/sonar/findbugs/fb-contrib.jar[INFO] Findbugs output report: /home/jenkins/.hudson/jobs/gazelle-transformation/workspace/transformation-ejb/target/sonar/findbugs-result.xml[INFO] Sensor FindBugs Sensor [findbugs] (done) | time=4904ms[INFO] SCM Publisher is disabled[INFO] -------------  Scan Gazelle Transformation[INFO] Base dir: /home/jenkins/.hudson/jobs/gazelle-transformation/workspace[INFO] Working dir: /home/jenkins/.hudson/jobs/gazelle-transformation/workspace/target/sonar[INFO] Source paths: pom.xml[INFO] Source encoding: UTF-8, default locale: en_GB[INFO] Language is forced to java[INFO] Index files[WARNING] File '/home/jenkins/.hudson/jobs/gazelle-transformation/workspace/pom.xml' is ignored because it doesn't belong to the forced language 'java'[INFO] 0 files indexed[INFO] Sensor JavaXmlSensor [java][INFO] Sensor JavaXmlSensor [java] (done) | time=0ms[INFO] Sensor Sonargraph Integration [sonargraphintegration][INFO] Sonargraph Integration: Processing project 'net.ihe.gazelle:gazelle-transformation'[WARNING] Sonargraph Integration: XML report file '/home/jenkins/.hudson/jobs/gazelle-transformation/workspace/target/sonargraph/sonargraph-sonarqube-report.xml' not found[INFO] Sonargraph Integration: Finished processing project 'net.ihe.gazelle:gazelle-transformation'[INFO] Sensor Sonargraph Integration [sonargraphintegration] (done) | time=1ms[INFO] Sensor Zero Coverage Sensor[INFO] Sensor Zero Coverage Sensor (done) | time=45ms[INFO] Sensor Java CPD Block Indexer[INFO] Sensor Java CPD Block Indexer (done) | time=91ms[INFO] SCM Publisher is disabled[INFO] 6 files had no CPD blocks[INFO] Calculating CPD for 24 files[INFO] CPD calculation finished[INFO] Analysis report generated in 129ms, dir size=327 KB[INFO] Analysis reports compressed in 66ms, zip size=141 KB[INFO] Analysis report uploaded in 847ms[INFO] ANALYSIS SUCCESSFUL, you can browse https://gazelle.ihe.net/sonar/dashboard?id=net.ihe.gazelle%3Agazelle-transformation[INFO] Note that you will be able to access the updated dashboard once the server has processed the submitted analysis report[INFO] More about the report processing at https://gazelle.ihe.net/sonar/api/ce/task?id=AWmfiuz9sfrCRJdRpPWZ[INFO] Task total time: 17.502 sStarted calculate disk usage of buildFinished Calculation of disk usage of build in 0 secondsStarted calculate disk usage of workspaceFinished Calculation of disk usage of workspace in 0 seconds[INFO] ------------------------------------------------------------------------[INFO] Reactor Summary:[INFO] [INFO] Gazelle Transformation ............................. SUCCESS [ 18.679 s][INFO] transformation-daffodil ............................ SUCCESS [ 25.829 s][INFO] transformation-ejb ................................. SUCCESS [ 21.243 s][INFO] transformation-war ................................. SUCCESS [  3.018 s][INFO] transformation-ear ................................. SUCCESS [  6.914 s][INFO] ------------------------------------------------------------------------[INFO] BUILD SUCCESS[INFO] ------------------------------------------------------------------------[INFO] Total time: 01:26 min[INFO] Finished at: 2019-03-21T10:17:57+01:00[INFO] Final Memory: 94M/1511M[INFO] ------------------------------------------------------------------------Waiting for Jenkins to finish collecting data[JENKINS] Archiving /home/jenkins/.hudson/jobs/gazelle-transformation/workspace/transformation-ejb/pom.xml to net.ihe.gazelle/transformation-ejb/2.0.1-SNAPSHOT/transformation-ejb-2.0.1-SNAPSHOT.pom[JENKINS] Archiving /home/jenkins/.hudson/jobs/gazelle-transformation/workspace/transformation-ejb/target/transformation-ejb.jar to net.ihe.gazelle/transformation-ejb/2.0.1-SNAPSHOT/transformation-ejb-2.0.1-SNAPSHOT.jar[JENKINS] Archiving /home/jenkins/.hudson/jobs/gazelle-transformation/workspace/transformation-ejb/target/transformation-ejb-sources.jar to net.ihe.gazelle/transformation-ejb/2.0.1-SNAPSHOT/transformation-ejb-2.0.1-SNAPSHOT-sources.jar[JENKINS] Archiving /home/jenkins/.hudson/jobs/gazelle-transformation/workspace/transformation-ejb/target/transformation-ejb-tests.jar to net.ihe.gazelle/transformation-ejb/2.0.1-SNAPSHOT/transformation-ejb-2.0.1-SNAPSHOT-tests.jar[JENKINS] Archiving /home/jenkins/.hudson/jobs/gazelle-transformation/workspace/pom.xml to net.ihe.gazelle/gazelle-transformation/2.0.1-SNAPSHOT/gazelle-transformation-2.0.1-SNAPSHOT.pom[JENKINS] Archiving /home/jenkins/.hudson/jobs/gazelle-transformation/workspace/target/gazelle-transformation-tests.jar to net.ihe.gazelle/gazelle-transformation/2.0.1-SNAPSHOT/gazelle-transformation-2.0.1-SNAPSHOT-tests.jar[JENKINS] Archiving /home/jenkins/.hudson/jobs/gazelle-transformation/workspace/target/gazelle-transformation-metadata.zip to net.ihe.gazelle/gazelle-transformation/2.0.1-SNAPSHOT/gazelle-transformation-2.0.1-SNAPSHOT-metadata.zip[JENKINS] Archiving /home/jenkins/.hudson/jobs/gazelle-transformation/workspace/transformation-ear/pom.xml to net.ihe.gazelle/transformation-ear/2.0.1-SNAPSHOT/transformation-ear-2.0.1-SNAPSHOT.pom[JENKINS] Archiving /home/jenkins/.hudson/jobs/gazelle-transformation/workspace/transformation-ear/target/transformation.ear to net.ihe.gazelle/transformation-ear/2.0.1-SNAPSHOT/transformation-ear-2.0.1-SNAPSHOT.ear[JENKINS] Archiving /home/jenkins/.hudson/jobs/gazelle-transformation/workspace/transformation-ear/target/transformation-sources.jar to net.ihe.gazelle/transformation-ear/2.0.1-SNAPSHOT/transformation-ear-2.0.1-SNAPSHOT-sources.jar[JENKINS] Archiving /home/jenkins/.hudson/jobs/gazelle-transformation/workspace/transformation-ear/target/transformation-tests.jar to net.ihe.gazelle/transformation-ear/2.0.1-SNAPSHOT/transformation-ear-2.0.1-SNAPSHOT-tests.jar[JENKINS] Archiving /home/jenkins/.hudson/jobs/gazelle-transformation/workspace/transformation-ear/target/transformation-datasource.zip to net.ihe.gazelle/transformation-ear/2.0.1-SNAPSHOT/transformation-ear-2.0.1-SNAPSHOT-datasource.zip[JENKINS] Archiving /home/jenkins/.hudson/jobs/gazelle-transformation/workspace/transformation-ear/target/transformation-sql.zip to net.ihe.gazelle/transformation-ear/2.0.1-SNAPSHOT/transformation-ear-2.0.1-SNAPSHOT-sql.zip[JENKINS] Archiving /home/jenkins/.hudson/jobs/gazelle-transformation/workspace/transformation-daffodil/pom.xml to net.ihe.gazelle/transformation-daffodil/2.0.1-SNAPSHOT/transformation-daffodil-2.0.1-SNAPSHOT.pom[JENKINS] Archiving /home/jenkins/.hudson/jobs/gazelle-transformation/workspace/transformation-daffodil/target/transformation-daffodil.jar to net.ihe.gazelle/transformation-daffodil/2.0.1-SNAPSHOT/transformation-daffodil-2.0.1-SNAPSHOT.jar[JENKINS] Archiving /home/jenkins/.hudson/jobs/gazelle-transformation/workspace/transformation-daffodil/target/transformation-daffodil-sources.jar to net.ihe.gazelle/transformation-daffodil/2.0.1-SNAPSHOT/transformation-daffodil-2.0.1-SNAPSHOT-sources.jar[JENKINS] Archiving /home/jenkins/.hudson/jobs/gazelle-transformation/workspace/transformation-daffodil/target/transformation-daffodil-tests.jar to net.ihe.gazelle/transformation-daffodil/2.0.1-SNAPSHOT/transformation-daffodil-2.0.1-SNAPSHOT-tests.jar[JENKINS] Archiving /home/jenkins/.hudson/jobs/gazelle-transformation/workspace/transformation-war/pom.xml to net.ihe.gazelle/transformation-war/2.0.1-SNAPSHOT/transformation-war-2.0.1-SNAPSHOT.pom[JENKINS] Archiving /home/jenkins/.hudson/jobs/gazelle-transformation/workspace/transformation-war/target/transformation-war.war to net.ihe.gazelle/transformation-war/2.0.1-SNAPSHOT/transformation-war-2.0.1-SNAPSHOT.war[JENKINS] Archiving /home/jenkins/.hudson/jobs/gazelle-transformation/workspace/transformation-war/target/transformation-war-sources.jar to net.ihe.gazelle/transformation-war/2.0.1-SNAPSHOT/transformation-war-2.0.1-SNAPSHOT-sources.jar[JENKINS] Archiving /home/jenkins/.hudson/jobs/gazelle-transformation/workspace/transformation-war/target/transformation-war-tests.jar to net.ihe.gazelle/transformation-war/2.0.1-SNAPSHOT/transformation-war-2.0.1-SNAPSHOT-tests.jarchannel stoppedStarted calculate disk usage of buildFinished Calculation of disk usage of build in 0 secondsStarted calculate disk usage of workspaceFinished Calculation of disk usage of workspace in 0 secondsFinished: SUCCESSHelp us localize this pageREST APIJenkins 2.275"
