"NetarchiveSuite-sonar Â» NetarchiveSuite - common - test #848 Console [Jenkins]Skip to contentlog inJenkinsNetarchiveSuite-sonarNetarchiveSuite - common - test#848Back to ProjectStatusChangesConsole OutputView as plain textView Build InformationExecuted MojosTest ResultSee FingerprintsPrevious BuildNext BuildConsole Output[INFO]                                                                         [INFO] ------------------------------------------------------------------------[INFO] Building NetarchiveSuite - common - test 5.3-SNAPSHOT[INFO] ------------------------------------------------------------------------[INFO] [INFO] --- maven-clean-plugin:2.5:clean (default-clean) @ common-test ---[INFO] Deleting /home/cibuild02/workspace/NetarchiveSuite-sonar/common/common-test/target[INFO] [INFO] --- maven-resources-plugin:2.6:resources (default-resources) @ common-test ---[INFO] Using 'UTF-8' encoding to copy filtered resources.[INFO] skip non existing resourceDirectory /home/cibuild02/workspace/NetarchiveSuite-sonar/common/common-test/src/main/resources[INFO] [INFO] --- maven-compiler-plugin:3.1:compile (default-compile) @ common-test ---[INFO] Changes detected - recompiling the module![INFO] Compiling 45 source files to /home/cibuild02/workspace/NetarchiveSuite-sonar/common/common-test/target/classes[WARNING] /home/cibuild02/workspace/NetarchiveSuite-sonar/common/common-test/src/main/java/dk/netarkivet/common/webinterface/WebinterfaceTestCase.java: /home/cibuild02/workspace/NetarchiveSuite-sonar/common/common-test/src/main/java/dk/netarkivet/common/webinterface/WebinterfaceTestCase.java uses or overrides a deprecated API.[WARNING] /home/cibuild02/workspace/NetarchiveSuite-sonar/common/common-test/src/main/java/dk/netarkivet/common/webinterface/WebinterfaceTestCase.java: Recompile with -Xlint:deprecation for details.[WARNING] /home/cibuild02/workspace/NetarchiveSuite-sonar/common/common-test/src/main/java/dk/netarkivet/common/webinterface/WebinterfaceTestCase.java: Some input files use unchecked or unsafe operations.[WARNING] /home/cibuild02/workspace/NetarchiveSuite-sonar/common/common-test/src/main/java/dk/netarkivet/common/webinterface/WebinterfaceTestCase.java: Recompile with -Xlint:unchecked for details.[INFO] [INFO] --- maven-resources-plugin:2.6:testResources (default-testResources) @ common-test ---[INFO] Using 'UTF-8' encoding to copy filtered resources.[INFO] Copying 1 resource[INFO] Copying 387 resources[INFO] [INFO] --- maven-compiler-plugin:3.1:testCompile (default-testCompile) @ common-test ---[INFO] Changes detected - recompiling the module![INFO] Compiling 76 source files to /home/cibuild02/workspace/NetarchiveSuite-sonar/common/common-test/target/test-classes[WARNING] /home/cibuild02/workspace/NetarchiveSuite-sonar/common/common-test/src/test/java/dk/netarkivet/common/utils/StringUtilsTester.java: /home/cibuild02/workspace/NetarchiveSuite-sonar/common/common-test/src/test/java/dk/netarkivet/common/utils/StringUtilsTester.java uses unchecked or unsafe operations.[WARNING] /home/cibuild02/workspace/NetarchiveSuite-sonar/common/common-test/src/test/java/dk/netarkivet/common/utils/StringUtilsTester.java: Recompile with -Xlint:unchecked for details.[INFO] [INFO] --- maven-surefire-plugin:2.17:test (default-test) @ common-test ---[INFO] Surefire report directory: /home/cibuild02/workspace/NetarchiveSuite-sonar/common/common-test/target/surefire-reports------------------------------------------------------- T E S T S-------------------------------------------------------Running dk.netarkivet.common.tools.ArcMergeTesterTests run: 1, Failures: 0, Errors: 0, Skipped: 0, Time elapsed: 1.111 sec - in dk.netarkivet.common.tools.ArcMergeTesterRunning dk.netarkivet.common.tools.ExtractCDXTesterTests run: 4, Failures: 0, Errors: 0, Skipped: 0, Time elapsed: 0.85 sec - in dk.netarkivet.common.tools.ExtractCDXTesterRunning dk.netarkivet.common.tools.ArcWrapTesterTests run: 1, Failures: 0, Errors: 0, Skipped: 0, Time elapsed: 0.123 sec - in dk.netarkivet.common.tools.ArcWrapTesterRunning dk.netarkivet.common.tools.ToolRunnerTesterTests run: 5, Failures: 0, Errors: 0, Skipped: 0, Time elapsed: 0.024 sec - in dk.netarkivet.common.tools.ToolRunnerTesterRunning dk.netarkivet.common.management.SingleMBeanObjectTestername of test:Test:httpport=1234,location=NO,applicationinstanceid=XX,channel=high,machine=ci-build-001.statsbiblioteket.dk,replicaname=BarOne,applicationname=TestApp1name:Test:location=NO,machine=ci-build-001.statsbiblioteket.dk,httpport=1234,applicationname=TestApp1,applicationinstanceid=XX,channel=high,replicaname=BarOneTests run: 3, Failures: 0, Errors: 0, Skipped: 0, Time elapsed: 0.549 sec - in dk.netarkivet.common.management.SingleMBeanObjectTesterRunning dk.netarkivet.common.distribute.HTTPSRemoteFileTesterTests run: 3, Failures: 0, Errors: 0, Skipped: 0, Time elapsed: 1.568 sec - in dk.netarkivet.common.distribute.HTTPSRemoteFileTesterRunning dk.netarkivet.common.distribute.HTTPRemoteFileTesterTests run: 3, Failures: 0, Errors: 0, Skipped: 0, Time elapsed: 0.275 sec - in dk.netarkivet.common.distribute.HTTPRemoteFileTesterRunning dk.netarkivet.common.distribute.ChannelIDTesterTests run: 8, Failures: 0, Errors: 0, Skipped: 1, Time elapsed: 0.135 sec - in dk.netarkivet.common.distribute.ChannelIDTesterRunning dk.netarkivet.common.distribute.indexserver.TrivialJobIndexCacheTesterTests run: 1, Failures: 0, Errors: 0, Skipped: 0, Time elapsed: 0.034 sec - in dk.netarkivet.common.distribute.indexserver.TrivialJobIndexCacheTesterRunning dk.netarkivet.common.distribute.FTPRemoteFileTesterTests run: 1, Failures: 0, Errors: 0, Skipped: 0, Time elapsed: 0.076 sec - in dk.netarkivet.common.distribute.FTPRemoteFileTesterRunning dk.netarkivet.common.distribute.ChannelsTesterTests run: 6, Failures: 0, Errors: 0, Skipped: 0, Time elapsed: 0.34 sec - in dk.netarkivet.common.distribute.ChannelsTesterRunning dk.netarkivet.common.distribute.NetarkivetMessageTesterTests run: 15, Failures: 0, Errors: 0, Skipped: 0, Time elapsed: 0.026 sec - in dk.netarkivet.common.distribute.NetarkivetMessageTesterRunning dk.netarkivet.common.distribute.SynchronizerTesterTests run: 7, Failures: 0, Errors: 0, Skipped: 3, Time elapsed: 1.273 sec - in dk.netarkivet.common.distribute.SynchronizerTesterRunning dk.netarkivet.common.distribute.NullRemoteFileTesterTests run: 1, Failures: 0, Errors: 0, Skipped: 0, Time elapsed: 0 sec - in dk.netarkivet.common.distribute.NullRemoteFileTesterRunning dk.netarkivet.common.exceptions.ExceptionsTesterTests run: 8, Failures: 0, Errors: 0, Skipped: 0, Time elapsed: 0.001 sec - in dk.netarkivet.common.exceptions.ExceptionsTesterRunning dk.netarkivet.common.utils.JMXUtilsTesterTests run: 2, Failures: 0, Errors: 0, Skipped: 0, Time elapsed: 1.355 sec - in dk.netarkivet.common.utils.JMXUtilsTesterRunning dk.netarkivet.common.utils.SystemUtilsTesterTests run: 3, Failures: 0, Errors: 0, Skipped: 0, Time elapsed: 0 sec - in dk.netarkivet.common.utils.SystemUtilsTesterRunning dk.netarkivet.common.utils.LargeFileGZIPInputStreamTesterTests run: 1, Failures: 0, Errors: 0, Skipped: 0, Time elapsed: 0.018 sec - in dk.netarkivet.common.utils.LargeFileGZIPInputStreamTesterRunning dk.netarkivet.common.utils.warc.WARCReaderTesterTests run: 1, Failures: 0, Errors: 0, Skipped: 0, Time elapsed: 0 sec - in dk.netarkivet.common.utils.warc.WARCReaderTesterRunning dk.netarkivet.common.utils.warc.WARCUtilsTesterTests run: 2, Failures: 0, Errors: 0, Skipped: 0, Time elapsed: 0 sec - in dk.netarkivet.common.utils.warc.WARCUtilsTesterRunning dk.netarkivet.common.utils.warc.WARCBatchJobTesterTests run: 8, Failures: 0, Errors: 0, Skipped: 1, Time elapsed: 1.258 sec - in dk.netarkivet.common.utils.warc.WARCBatchJobTesterRunning dk.netarkivet.common.utils.FileArrayIteratorTesterTests run: 3, Failures: 0, Errors: 0, Skipped: 0, Time elapsed: 0 sec - in dk.netarkivet.common.utils.FileArrayIteratorTesterRunning dk.netarkivet.common.utils.SettingsTesterThe list of loaded data settings is empty. Is this OK?Tests run: 10, Failures: 0, Errors: 0, Skipped: 0, Time elapsed: 0.002 sec - in dk.netarkivet.common.utils.SettingsTesterRunning dk.netarkivet.common.utils.cdx.CDXReaderTesterTests run: 16, Failures: 0, Errors: 0, Skipped: 0, Time elapsed: 0.001 sec - in dk.netarkivet.common.utils.cdx.CDXReaderTesterRunning dk.netarkivet.common.utils.cdx.BinSearchTesterTests run: 4, Failures: 0, Errors: 0, Skipped: 1, Time elapsed: 0 sec - in dk.netarkivet.common.utils.cdx.BinSearchTesterRunning dk.netarkivet.common.utils.cdx.ExtractCDXFromWarcJobTester- - 2008-11-05T13:59:26Z application/warc-fields 425 netarkivet-20081105135926-00000.warc 0 -dns:netarkivet.dk 130.226.220.16 2008-11-05T13:59:25Z text/dns 53 - 675 -http://netarkivet.dk/robots.txt 130.225.27.144 2008-11-05T13:59:28Z application/http; msgtype=response 470 - 978 -http://netarkivet.dk/robots.txt - 2008-11-05T13:59:28Z application/http; msgtype=request 197 - 1799 -http://netarkivet.dk/robots.txt - 2008-11-05T13:59:28Z text/anvl 64 - 2321 -http://netarkivet.dk/ 130.225.27.144 2008-11-05T13:59:30Z application/http; msgtype=response 240 - 2686 -http://netarkivet.dk/ - 2008-11-05T13:59:30Z application/http; msgtype=request 155 - 3267 -http://netarkivet.dk/ - 2008-11-05T13:59:30Z text/anvl 81 - 3737 -http://netarkivet.dk/index-da.php 130.225.27.144 2008-11-05T13:59:32Z application/http; msgtype=response 12781 - 4109 -http://netarkivet.dk/index-da.php - 2008-11-05T13:59:32Z application/http; msgtype=request 167 - 17245 -http://netarkivet.dk/index-da.php - 2008-11-05T13:59:32Z text/anvl 6014 - 17739 -http://netarkivet.dk/netarkivet_mouseover/billeder/netarkivet_guidelines_03.gif 130.225.27.144 2008-11-05T13:59:37Z application/http; msgtype=response 727 - 24058 -http://netarkivet.dk/netarkivet_mouseover/billeder/netarkivet_guidelines_03.gif - 2008-11-05T13:59:37Z application/http; msgtype=request 257 - 25184 -http://netarkivet.dk/netarkivet_mouseover/billeder/netarkivet_guidelines_03.gif - 2008-11-05T13:59:37Z text/anvl 75 - 25814 -http://netarkivet.dk/netarkivet_alm/billeder/netarkivet_guidelines_06.gif 130.225.27.144 2008-11-05T13:59:41Z application/http; msgtype=response 704 - 26238 -http://netarkivet.dk/netarkivet_alm/billeder/netarkivet_guidelines_06.gif - 2008-11-05T13:59:41Z application/http; msgtype=request 251 - 27335 -http://netarkivet.dk/netarkivet_alm/billeder/netarkivet_guidelines_06.gif - 2008-11-05T13:59:41Z text/anvl 75 - 27953 -http://netarkivet.dk/netarkivet_mouseover/billeder/netarkivet_guidelines_05.gif 130.225.27.144 2008-11-05T13:59:45Z application/http; msgtype=response 497 - 28371 -http://netarkivet.dk/netarkivet_mouseover/billeder/netarkivet_guidelines_05.gif - 2008-11-05T13:59:45Z application/http; msgtype=request 257 - 29267 -http://netarkivet.dk/netarkivet_mouseover/billeder/netarkivet_guidelines_05.gif - 2008-11-05T13:59:45Z text/anvl 75 - 29897 -http://netarkivet.dk/netarkivet_alm/billeder/netarkivet_guidelines_04.gif 130.225.27.144 2008-11-05T13:59:49Z application/http; msgtype=response 550 - 30321 -http://netarkivet.dk/netarkivet_alm/billeder/netarkivet_guidelines_04.gif - 2008-11-05T13:59:49Z application/http; msgtype=request 251 - 31264 -http://netarkivet.dk/netarkivet_alm/billeder/netarkivet_guidelines_04.gif - 2008-11-05T13:59:49Z text/anvl 75 - 31882 -http://netarkivet.dk/netarkivet_alm/billeder/netarkivet_guidelines_09.gif 130.225.27.144 2008-11-05T13:59:53Z application/http; msgtype=response 457 - 32300 -http://netarkivet.dk/netarkivet_alm/billeder/netarkivet_guidelines_09.gif - 2008-11-05T13:59:53Z application/http; msgtype=request 251 - 33150 -http://netarkivet.dk/netarkivet_alm/billeder/netarkivet_guidelines_09.gif - 2008-11-05T13:59:53Z text/anvl 75 - 33768 -http://netarkivet.dk/netarkivet_alm/billeder/netarkivet_guidelines_05.gif 130.225.27.144 2008-11-05T13:59:57Z application/http; msgtype=response 497 - 34186 -http://netarkivet.dk/netarkivet_alm/billeder/netarkivet_guidelines_05.gif - 2008-11-05T13:59:57Z application/http; msgtype=request 251 - 35076 -http://netarkivet.dk/netarkivet_alm/billeder/netarkivet_guidelines_05.gif - 2008-11-05T13:59:57Z text/anvl 75 - 35694 -http://netarkivet.dk/netarkivet_alm/billeder/netarkivet_guidelines_14.gif 130.225.27.144 2008-11-05T14:00:01Z application/http; msgtype=response 452 - 36112 -http://netarkivet.dk/netarkivet_alm/billeder/netarkivet_guidelines_14.gif - 2008-11-05T14:00:01Z application/http; msgtype=request 251 - 36957 -http://netarkivet.dk/netarkivet_alm/billeder/netarkivet_guidelines_14.gif - 2008-11-05T14:00:01Z text/anvl 75 - 37575 -http://netarkivet.dk/netarkivet_alm/billeder/netarkivet_guidelines_02.gif 130.225.27.144 2008-11-05T14:00:05Z application/http; msgtype=response 482 - 37993 -http://netarkivet.dk/netarkivet_alm/billeder/netarkivet_guidelines_02.gif - 2008-11-05T14:00:05Z application/http; msgtype=request 251 - 38868 -http://netarkivet.dk/netarkivet_alm/billeder/netarkivet_guidelines_02.gif - 2008-11-05T14:00:05Z text/anvl 75 - 39486 -http://netarkivet.dk/netarkivet_alm/billeder/netarkivet_guidelines_03.gif 130.225.27.144 2008-11-05T14:00:09Z application/http; msgtype=response 727 - 39904 -http://netarkivet.dk/netarkivet_alm/billeder/netarkivet_guidelines_03.gif - 2008-11-05T14:00:09Z application/http; msgtype=request 251 - 41024 -http://netarkivet.dk/netarkivet_alm/billeder/netarkivet_guidelines_03.gif - 2008-11-05T14:00:09Z text/anvl 75 - 41642 -http://netarkivet.dk/netarkivet_alm/billeder/netarkivet_guidelines_01.gif 130.225.27.144 2008-11-05T14:00:13Z application/http; msgtype=response 2537 - 42060 -http://netarkivet.dk/netarkivet_alm/billeder/netarkivet_guidelines_01.gif - 2008-11-05T14:00:13Z application/http; msgtype=request 251 - 44991 -http://netarkivet.dk/netarkivet_alm/billeder/netarkivet_guidelines_01.gif - 2008-11-05T14:00:13Z text/anvl 75 - 45609 -http://netarkivet.dk/netarkivet_alm/billeder/netarkivet_guidelines_08.gif 130.225.27.144 2008-11-05T14:00:17Z application/http; msgtype=response 528 - 46027 -http://netarkivet.dk/netarkivet_alm/billeder/netarkivet_guidelines_08.gif - 2008-11-05T14:00:17Z application/http; msgtype=request 251 - 46948 -http://netarkivet.dk/netarkivet_alm/billeder/netarkivet_guidelines_08.gif - 2008-11-05T14:00:17Z text/anvl 75 - 47566 -http://netarkivet.dk/netarkivet_alm/billeder/netarkivet_guidelines_20.gif 130.225.27.144 2008-11-05T14:00:22Z application/http; msgtype=response 499 - 47984 -http://netarkivet.dk/netarkivet_alm/billeder/netarkivet_guidelines_20.gif - 2008-11-05T14:00:22Z application/http; msgtype=request 251 - 48876 -http://netarkivet.dk/netarkivet_alm/billeder/netarkivet_guidelines_20.gif - 2008-11-05T14:00:22Z text/anvl 75 - 49494 -http://netarkivet.dk/netarkivet_alm/billeder/netarkivet_guidelines_16.gif 130.225.27.144 2008-11-05T14:00:26Z application/http; msgtype=response 303 - 49912 -http://netarkivet.dk/netarkivet_alm/billeder/netarkivet_guidelines_16.gif - 2008-11-05T14:00:26Z application/http; msgtype=request 251 - 50608 -http://netarkivet.dk/netarkivet_alm/billeder/netarkivet_guidelines_16.gif - 2008-11-05T14:00:26Z text/anvl 75 - 51226 -http://netarkivet.dk/netarkivet.css 130.225.27.144 2008-11-05T14:00:30Z application/http; msgtype=response 1576 - 51644 -http://netarkivet.dk/netarkivet.css - 2008-11-05T14:00:30Z application/http; msgtype=request 213 - 53576 -http://netarkivet.dk/netarkivet.css - 2008-11-05T14:00:30Z text/anvl 75 - 54118 -http://netarkivet.dk/nyheder/index-da.php?highlight=20070704 130.225.27.144 2008-11-05T14:00:34Z application/http; msgtype=response 11571 - 54498 -http://netarkivet.dk/nyheder/index-da.php?highlight=20070704 - 2008-11-05T14:00:34Z application/http; msgtype=request 238 - 66451 -http://netarkivet.dk/nyheder/index-da.php?highlight=20070704 - 2008-11-05T14:00:34Z text/anvl 5603 - 67043 -http://netarkivet.dk/nyheder/netarchivesuite.gif 130.225.27.144 2008-11-05T14:00:36Z application/http; msgtype=response 1374 - 72978 -http://netarkivet.dk/nyheder/netarchivesuite.gif - 2008-11-05T14:00:36Z application/http; msgtype=request 253 - 74721 -http://netarkivet.dk/nyheder/netarchivesuite.gif - 2008-11-05T14:00:36Z text/anvl 103 - 75316 -http://netarkivet.dk/links/index-da.php 130.225.27.144 2008-11-05T14:00:38Z application/http; msgtype=response 10544 - 75738 -http://netarkivet.dk/links/index-da.php - 2008-11-05T14:00:38Z application/http; msgtype=request 217 - 86643 -http://netarkivet.dk/links/index-da.php - 2008-11-05T14:00:38Z text/anvl 5598 - 87193 -http://netarkivet.dk/presse/Pressemeddelelse_om_Netarkivet.pdf 130.225.27.144 2008-11-05T14:00:40Z application/http; msgtype=response 69043 - 93102 -http://netarkivet.dk/presse/Pressemeddelelse_om_Netarkivet.pdf - 2008-11-05T14:00:40Z application/http; msgtype=request 240 - 162529 -http://netarkivet.dk/presse/Pressemeddelelse_om_Netarkivet.pdf - 2008-11-05T14:00:40Z text/anvl 76 - 163125 -http://netarkivet.dk/publikationer/DFrevy.pdf 130.225.27.144 2008-11-05T14:00:42Z application/http; msgtype=response 1030637 - 163533 -http://netarkivet.dk/publikationer/DFrevy.pdf - 2008-11-05T14:00:42Z application/http; msgtype=request 223 - 1194539 -http://netarkivet.dk/publikationer/DFrevy.pdf - 2008-11-05T14:00:42Z text/anvl 76 - 1195101 -- - 2008-11-05T13:59:26Z application/warc-fields 425 netarkivet-20081105135926-00001.warc 0 -dns:www.netarkivet.dk 130.226.220.16 2008-11-05T13:59:25Z text/dns 58 - 675 -http://www.netarkivet.dk/robots.txt 130.225.27.144 2008-11-05T13:59:28Z application/http; msgtype=response 520 - 987 -http://www.netarkivet.dk/robots.txt - 2008-11-05T13:59:28Z application/http; msgtype=request 205 - 1862 -http://www.netarkivet.dk/robots.txt - 2008-11-05T13:59:28Z text/anvl 174 - 2396 -http://www.netarkivet.dk/ 130.225.27.144 2008-11-05T13:59:30Z application/http; msgtype=response 500 - 2876 -http://www.netarkivet.dk/ - 2008-11-05T13:59:30Z application/http; msgtype=request 159 - 3721 -http://www.netarkivet.dk/ - 2008-11-05T13:59:30Z text/anvl 111 - 4199 -http://netarkivet.dk/robots.txt 130.225.27.144 2008-11-05T13:59:35Z application/http; msgtype=response 470 - 4606 -http://netarkivet.dk/robots.txt - 2008-11-05T13:59:35Z application/http; msgtype=request 211 - 5427 -http://netarkivet.dk/robots.txt - 2008-11-05T13:59:35Z text/anvl 78 - 5963 -http://netarkivet.dk/netarkivet_alm/billeder/spacer.gif 130.225.27.144 2008-11-05T13:59:39Z application/http; msgtype=response 290 - 6342 -http://netarkivet.dk/netarkivet_alm/billeder/spacer.gif - 2008-11-05T13:59:39Z application/http; msgtype=request 233 - 7007 -http://netarkivet.dk/netarkivet_alm/billeder/spacer.gif - 2008-11-05T13:59:39Z text/anvl 75 - 7589 -http://netarkivet.dk/netarkivet_mouseover/billeder/netarkivet_guidelines_09.gif 130.225.27.144 2008-11-05T13:59:43Z application/http; msgtype=response 457 - 7989 -http://netarkivet.dk/netarkivet_mouseover/billeder/netarkivet_guidelines_09.gif - 2008-11-05T13:59:43Z application/http; msgtype=request 257 - 8845 -http://netarkivet.dk/netarkivet_mouseover/billeder/netarkivet_guidelines_09.gif - 2008-11-05T13:59:43Z text/anvl 75 - 9475 -http://netarkivet.dk/netarkivet_mouseover/billeder/netarkivet_guidelines_07.gif 130.225.27.144 2008-11-05T13:59:47Z application/http; msgtype=response 656 - 9899 -http://netarkivet.dk/netarkivet_mouseover/billeder/netarkivet_guidelines_07.gif - 2008-11-05T13:59:47Z application/http; msgtype=request 257 - 10954 -http://netarkivet.dk/netarkivet_mouseover/billeder/netarkivet_guidelines_07.gif - 2008-11-05T13:59:47Z text/anvl 75 - 11584 -http://netarkivet.dk/netarkivet_mouseover/billeder/netarkivet_guidelines_11.gif 130.225.27.144 2008-11-05T13:59:51Z application/http; msgtype=response 541 - 12008 -http://netarkivet.dk/netarkivet_mouseover/billeder/netarkivet_guidelines_11.gif - 2008-11-05T13:59:51Z application/http; msgtype=request 257 - 12948 -http://netarkivet.dk/netarkivet_mouseover/billeder/netarkivet_guidelines_11.gif - 2008-11-05T13:59:51Z text/anvl 75 - 13578 -http://netarkivet.dk/netarkivet_alm/billeder/netarkivet_guidelines_19.gif 130.225.27.144 2008-11-05T13:59:55Z application/http; msgtype=response 544 - 14002 -http://netarkivet.dk/netarkivet_alm/billeder/netarkivet_guidelines_19.gif - 2008-11-05T13:59:55Z application/http; msgtype=request 251 - 14939 -http://netarkivet.dk/netarkivet_alm/billeder/netarkivet_guidelines_19.gif - 2008-11-05T13:59:55Z text/anvl 75 - 15557 -http://netarkivet.dk/netarkivet_alm/billeder/netarkivet_guidelines_13.gif 130.225.27.144 2008-11-05T13:59:59Z application/http; msgtype=response 1927 - 15975 -http://netarkivet.dk/netarkivet_alm/billeder/netarkivet_guidelines_13.gif - 2008-11-05T13:59:59Z application/http; msgtype=request 251 - 18296 -http://netarkivet.dk/netarkivet_alm/billeder/netarkivet_guidelines_13.gif - 2008-11-05T13:59:59Z text/anvl 75 - 18914 -http://netarkivet.dk/netarkivet_alm/billeder/netarkivet_guidelines_17.gif 130.225.27.144 2008-11-05T14:00:03Z application/http; msgtype=response 411 - 19332 -http://netarkivet.dk/netarkivet_alm/billeder/netarkivet_guidelines_17.gif - 2008-11-05T14:00:03Z application/http; msgtype=request 251 - 20136 -http://netarkivet.dk/netarkivet_alm/billeder/netarkivet_guidelines_17.gif - 2008-11-05T14:00:03Z text/anvl 75 - 20754 -http://netarkivet.dk/netarkivet_alm/billeder/netarkivet_guidelines_12.gif 130.225.27.144 2008-11-05T14:00:07Z application/http; msgtype=response 317 - 21172 -http://netarkivet.dk/netarkivet_alm/billeder/netarkivet_guidelines_12.gif - 2008-11-05T14:00:07Z application/http; msgtype=request 251 - 21882 -http://netarkivet.dk/netarkivet_alm/billeder/netarkivet_guidelines_12.gif - 2008-11-05T14:00:07Z text/anvl 75 - 22500 -http://netarkivet.dk/netarkivet_mouseover/billeder/netarkivet_guidelines_06.gif 130.225.27.144 2008-11-05T14:00:11Z application/http; msgtype=response 704 - 22918 -http://netarkivet.dk/netarkivet_mouseover/billeder/netarkivet_guidelines_06.gif - 2008-11-05T14:00:11Z application/http; msgtype=request 257 - 24021 -http://netarkivet.dk/netarkivet_mouseover/billeder/netarkivet_guidelines_06.gif - 2008-11-05T14:00:11Z text/anvl 75 - 24651 -http://netarkivet.dk/netarkivet_alm/billeder/netarkivet_guidelines_07.gif 130.225.27.144 2008-11-05T14:00:15Z application/http; msgtype=response 656 - 25075 -http://netarkivet.dk/netarkivet_alm/billeder/netarkivet_guidelines_07.gif - 2008-11-05T14:00:15Z application/http; msgtype=request 251 - 26124 -http://netarkivet.dk/netarkivet_alm/billeder/netarkivet_guidelines_07.gif - 2008-11-05T14:00:15Z text/anvl 75 - 26742 -http://netarkivet.dk/netarkivet_mouseover/billeder/netarkivet_guidelines_08.gif 130.225.27.144 2008-11-05T14:00:20Z application/http; msgtype=response 528 - 27160 -http://netarkivet.dk/netarkivet_mouseover/billeder/netarkivet_guidelines_08.gif - 2008-11-05T14:00:20Z application/http; msgtype=request 257 - 28087 -http://netarkivet.dk/netarkivet_mouseover/billeder/netarkivet_guidelines_08.gif - 2008-11-05T14:00:20Z text/anvl 75 - 28717 -http://netarkivet.dk/netarkivet_mouseover/billeder/netarkivet_guidelines_04.gif 130.225.27.144 2008-11-05T14:00:24Z application/http; msgtype=response 550 - 29141 -http://netarkivet.dk/netarkivet_mouseover/billeder/netarkivet_guidelines_04.gif - 2008-11-05T14:00:24Z application/http; msgtype=request 257 - 30090 -http://netarkivet.dk/netarkivet_mouseover/billeder/netarkivet_guidelines_04.gif - 2008-11-05T14:00:24Z text/anvl 75 - 30720 -http://netarkivet.dk/netarkivet_alm/billeder/netarkivet_guidelines_10.gif 130.225.27.144 2008-11-05T14:00:28Z application/http; msgtype=response 323 - 31144 -http://netarkivet.dk/netarkivet_alm/billeder/netarkivet_guidelines_10.gif - 2008-11-05T14:00:28Z application/http; msgtype=request 251 - 31860 -http://netarkivet.dk/netarkivet_alm/billeder/netarkivet_guidelines_10.gif - 2008-11-05T14:00:28Z text/anvl 75 - 32478 -http://netarkivet.dk/netarkivet_alm/billeder/netarkivet_guidelines_11.gif 130.225.27.144 2008-11-05T14:00:32Z application/http; msgtype=response 541 - 32896 -http://netarkivet.dk/netarkivet_alm/billeder/netarkivet_guidelines_11.gif - 2008-11-05T14:00:32Z application/http; msgtype=request 251 - 33830 -http://netarkivet.dk/netarkivet_alm/billeder/netarkivet_guidelines_11.gif - 2008-11-05T14:00:32Z text/anvl 75 - 34448 -dns:netarchive.dk 130.226.220.16 2008-11-05T14:00:34Z text/dns 55 - 34866 -http://netarchive.dk/robots.txt 130.225.27.144 2008-11-05T14:00:36Z application/http; msgtype=response 470 - 35171 -http://netarchive.dk/robots.txt - 2008-11-05T14:00:36Z application/http; msgtype=request 202 - 35992 -http://netarchive.dk/robots.txt - 2008-11-05T14:00:36Z text/anvl 70 - 36519 -http://netarchive.dk/suite 130.225.27.144 2008-11-05T14:00:38Z application/http; msgtype=response 14684 - 36890 -http://netarchive.dk/suite - 2008-11-05T14:00:38Z application/http; msgtype=request 231 - 51922 -http://netarchive.dk/suite - 2008-11-05T14:00:38Z text/anvl 3382 - 52473 -http://netarchive.dk/suite/Welcome?action=AttachFile&do=view&target=netarkivet.gif 130.225.27.144 2008-11-05T14:00:40Z application/http; msgtype=response 10485 - 56153 -http://netarchive.dk/suite/Welcome?action=AttachFile&do=view&target=netarkivet.gif - 2008-11-05T14:00:40Z application/http; msgtype=request 253 - 67042 -http://netarchive.dk/suite/Welcome?action=AttachFile&do=view&target=netarkivet.gif - 2008-11-05T14:00:40Z text/anvl 71 - 67671 -- - 2008-11-05T14:00:44Z application/warc-fields 425 netarkivet-20081105140044-00002.warc 0 -http://netarchive.dk/suite/TitleIndex 130.225.27.144 2008-11-05T14:00:43Z application/http; msgtype=response 35074 - 675 -http://netarchive.dk/suite/TitleIndex - 2008-11-05T14:00:43Z application/http; msgtype=request 208 - 36108 -http://netarchive.dk/suite/TitleIndex - 2008-11-05T14:00:43Z text/anvl 25793 - 36647 -- - 2008-11-05T13:59:26Z application/warc-fields 425 netarkivet-20081105135926-00000.warc 0dns:netarkivet.dk 130.226.220.16 2008-11-05T13:59:25Z text/dns 53 - 675http://netarkivet.dk/robots.txt 130.225.27.144 2008-11-05T13:59:28Z application/http; msgtype=response 470 - 978http://netarkivet.dk/robots.txt - 2008-11-05T13:59:28Z application/http; msgtype=request 197 - 1799http://netarkivet.dk/robots.txt - 2008-11-05T13:59:28Z text/anvl 64 - 2321http://netarkivet.dk/ 130.225.27.144 2008-11-05T13:59:30Z application/http; msgtype=response 240 - 2686http://netarkivet.dk/ - 2008-11-05T13:59:30Z application/http; msgtype=request 155 - 3267http://netarkivet.dk/ - 2008-11-05T13:59:30Z text/anvl 81 - 3737http://netarkivet.dk/index-da.php 130.225.27.144 2008-11-05T13:59:32Z application/http; msgtype=response 12781 - 4109http://netarkivet.dk/index-da.php - 2008-11-05T13:59:32Z application/http; msgtype=request 167 - 17245http://netarkivet.dk/index-da.php - 2008-11-05T13:59:32Z text/anvl 6014 - 17739http://netarkivet.dk/netarkivet_mouseover/billeder/netarkivet_guidelines_03.gif 130.225.27.144 2008-11-05T13:59:37Z application/http; msgtype=response 727 - 24058http://netarkivet.dk/netarkivet_mouseover/billeder/netarkivet_guidelines_03.gif - 2008-11-05T13:59:37Z application/http; msgtype=request 257 - 25184http://netarkivet.dk/netarkivet_mouseover/billeder/netarkivet_guidelines_03.gif - 2008-11-05T13:59:37Z text/anvl 75 - 25814http://netarkivet.dk/netarkivet_alm/billeder/netarkivet_guidelines_06.gif 130.225.27.144 2008-11-05T13:59:41Z application/http; msgtype=response 704 - 26238http://netarkivet.dk/netarkivet_alm/billeder/netarkivet_guidelines_06.gif - 2008-11-05T13:59:41Z application/http; msgtype=request 251 - 27335http://netarkivet.dk/netarkivet_alm/billeder/netarkivet_guidelines_06.gif - 2008-11-05T13:59:41Z text/anvl 75 - 27953http://netarkivet.dk/netarkivet_mouseover/billeder/netarkivet_guidelines_05.gif 130.225.27.144 2008-11-05T13:59:45Z application/http; msgtype=response 497 - 28371http://netarkivet.dk/netarkivet_mouseover/billeder/netarkivet_guidelines_05.gif - 2008-11-05T13:59:45Z application/http; msgtype=request 257 - 29267http://netarkivet.dk/netarkivet_mouseover/billeder/netarkivet_guidelines_05.gif - 2008-11-05T13:59:45Z text/anvl 75 - 29897http://netarkivet.dk/netarkivet_alm/billeder/netarkivet_guidelines_04.gif 130.225.27.144 2008-11-05T13:59:49Z application/http; msgtype=response 550 - 30321http://netarkivet.dk/netarkivet_alm/billeder/netarkivet_guidelines_04.gif - 2008-11-05T13:59:49Z application/http; msgtype=request 251 - 31264http://netarkivet.dk/netarkivet_alm/billeder/netarkivet_guidelines_04.gif - 2008-11-05T13:59:49Z text/anvl 75 - 31882http://netarkivet.dk/netarkivet_alm/billeder/netarkivet_guidelines_09.gif 130.225.27.144 2008-11-05T13:59:53Z application/http; msgtype=response 457 - 32300http://netarkivet.dk/netarkivet_alm/billeder/netarkivet_guidelines_09.gif - 2008-11-05T13:59:53Z application/http; msgtype=request 251 - 33150http://netarkivet.dk/netarkivet_alm/billeder/netarkivet_guidelines_09.gif - 2008-11-05T13:59:53Z text/anvl 75 - 33768http://netarkivet.dk/netarkivet_alm/billeder/netarkivet_guidelines_05.gif 130.225.27.144 2008-11-05T13:59:57Z application/http; msgtype=response 497 - 34186http://netarkivet.dk/netarkivet_alm/billeder/netarkivet_guidelines_05.gif - 2008-11-05T13:59:57Z application/http; msgtype=request 251 - 35076http://netarkivet.dk/netarkivet_alm/billeder/netarkivet_guidelines_05.gif - 2008-11-05T13:59:57Z text/anvl 75 - 35694http://netarkivet.dk/netarkivet_alm/billeder/netarkivet_guidelines_14.gif 130.225.27.144 2008-11-05T14:00:01Z application/http; msgtype=response 452 - 36112http://netarkivet.dk/netarkivet_alm/billeder/netarkivet_guidelines_14.gif - 2008-11-05T14:00:01Z application/http; msgtype=request 251 - 36957http://netarkivet.dk/netarkivet_alm/billeder/netarkivet_guidelines_14.gif - 2008-11-05T14:00:01Z text/anvl 75 - 37575http://netarkivet.dk/netarkivet_alm/billeder/netarkivet_guidelines_02.gif 130.225.27.144 2008-11-05T14:00:05Z application/http; msgtype=response 482 - 37993http://netarkivet.dk/netarkivet_alm/billeder/netarkivet_guidelines_02.gif - 2008-11-05T14:00:05Z application/http; msgtype=request 251 - 38868http://netarkivet.dk/netarkivet_alm/billeder/netarkivet_guidelines_02.gif - 2008-11-05T14:00:05Z text/anvl 75 - 39486http://netarkivet.dk/netarkivet_alm/billeder/netarkivet_guidelines_03.gif 130.225.27.144 2008-11-05T14:00:09Z application/http; msgtype=response 727 - 39904http://netarkivet.dk/netarkivet_alm/billeder/netarkivet_guidelines_03.gif - 2008-11-05T14:00:09Z application/http; msgtype=request 251 - 41024http://netarkivet.dk/netarkivet_alm/billeder/netarkivet_guidelines_03.gif - 2008-11-05T14:00:09Z text/anvl 75 - 41642http://netarkivet.dk/netarkivet_alm/billeder/netarkivet_guidelines_01.gif 130.225.27.144 2008-11-05T14:00:13Z application/http; msgtype=response 2537 - 42060http://netarkivet.dk/netarkivet_alm/billeder/netarkivet_guidelines_01.gif - 2008-11-05T14:00:13Z application/http; msgtype=request 251 - 44991http://netarkivet.dk/netarkivet_alm/billeder/netarkivet_guidelines_01.gif - 2008-11-05T14:00:13Z text/anvl 75 - 45609http://netarkivet.dk/netarkivet_alm/billeder/netarkivet_guidelines_08.gif 130.225.27.144 2008-11-05T14:00:17Z application/http; msgtype=response 528 - 46027http://netarkivet.dk/netarkivet_alm/billeder/netarkivet_guidelines_08.gif - 2008-11-05T14:00:17Z application/http; msgtype=request 251 - 46948http://netarkivet.dk/netarkivet_alm/billeder/netarkivet_guidelines_08.gif - 2008-11-05T14:00:17Z text/anvl 75 - 47566http://netarkivet.dk/netarkivet_alm/billeder/netarkivet_guidelines_20.gif 130.225.27.144 2008-11-05T14:00:22Z application/http; msgtype=response 499 - 47984http://netarkivet.dk/netarkivet_alm/billeder/netarkivet_guidelines_20.gif - 2008-11-05T14:00:22Z application/http; msgtype=request 251 - 48876http://netarkivet.dk/netarkivet_alm/billeder/netarkivet_guidelines_20.gif - 2008-11-05T14:00:22Z text/anvl 75 - 49494http://netarkivet.dk/netarkivet_alm/billeder/netarkivet_guidelines_16.gif 130.225.27.144 2008-11-05T14:00:26Z application/http; msgtype=response 303 - 49912http://netarkivet.dk/netarkivet_alm/billeder/netarkivet_guidelines_16.gif - 2008-11-05T14:00:26Z application/http; msgtype=request 251 - 50608http://netarkivet.dk/netarkivet_alm/billeder/netarkivet_guidelines_16.gif - 2008-11-05T14:00:26Z text/anvl 75 - 51226http://netarkivet.dk/netarkivet.css 130.225.27.144 2008-11-05T14:00:30Z application/http; msgtype=response 1576 - 51644http://netarkivet.dk/netarkivet.css - 2008-11-05T14:00:30Z application/http; msgtype=request 213 - 53576http://netarkivet.dk/netarkivet.css - 2008-11-05T14:00:30Z text/anvl 75 - 54118http://netarkivet.dk/nyheder/index-da.php?highlight=20070704 130.225.27.144 2008-11-05T14:00:34Z application/http; msgtype=response 11571 - 54498http://netarkivet.dk/nyheder/index-da.php?highlight=20070704 - 2008-11-05T14:00:34Z application/http; msgtype=request 238 - 66451http://netarkivet.dk/nyheder/index-da.php?highlight=20070704 - 2008-11-05T14:00:34Z text/anvl 5603 - 67043http://netarkivet.dk/nyheder/netarchivesuite.gif 130.225.27.144 2008-11-05T14:00:36Z application/http; msgtype=response 1374 - 72978http://netarkivet.dk/nyheder/netarchivesuite.gif - 2008-11-05T14:00:36Z application/http; msgtype=request 253 - 74721http://netarkivet.dk/nyheder/netarchivesuite.gif - 2008-11-05T14:00:36Z text/anvl 103 - 75316http://netarkivet.dk/links/index-da.php 130.225.27.144 2008-11-05T14:00:38Z application/http; msgtype=response 10544 - 75738http://netarkivet.dk/links/index-da.php - 2008-11-05T14:00:38Z application/http; msgtype=request 217 - 86643http://netarkivet.dk/links/index-da.php - 2008-11-05T14:00:38Z text/anvl 5598 - 87193http://netarkivet.dk/presse/Pressemeddelelse_om_Netarkivet.pdf 130.225.27.144 2008-11-05T14:00:40Z application/http; msgtype=response 69043 - 93102http://netarkivet.dk/presse/Pressemeddelelse_om_Netarkivet.pdf - 2008-11-05T14:00:40Z application/http; msgtype=request 240 - 162529http://netarkivet.dk/presse/Pressemeddelelse_om_Netarkivet.pdf - 2008-11-05T14:00:40Z text/anvl 76 - 163125http://netarkivet.dk/publikationer/DFrevy.pdf 130.225.27.144 2008-11-05T14:00:42Z application/http; msgtype=response 1030637 - 163533http://netarkivet.dk/publikationer/DFrevy.pdf - 2008-11-05T14:00:42Z application/http; msgtype=request 223 - 1194539http://netarkivet.dk/publikationer/DFrevy.pdf - 2008-11-05T14:00:42Z text/anvl 76 - 1195101- - 2008-11-05T13:59:26Z application/warc-fields 425 netarkivet-20081105135926-00001.warc 0dns:www.netarkivet.dk 130.226.220.16 2008-11-05T13:59:25Z text/dns 58 - 675http://www.netarkivet.dk/robots.txt 130.225.27.144 2008-11-05T13:59:28Z application/http; msgtype=response 520 - 987http://www.netarkivet.dk/robots.txt - 2008-11-05T13:59:28Z application/http; msgtype=request 205 - 1862http://www.netarkivet.dk/robots.txt - 2008-11-05T13:59:28Z text/anvl 174 - 2396http://www.netarkivet.dk/ 130.225.27.144 2008-11-05T13:59:30Z application/http; msgtype=response 500 - 2876http://www.netarkivet.dk/ - 2008-11-05T13:59:30Z application/http; msgtype=request 159 - 3721http://www.netarkivet.dk/ - 2008-11-05T13:59:30Z text/anvl 111 - 4199http://netarkivet.dk/robots.txt 130.225.27.144 2008-11-05T13:59:35Z application/http; msgtype=response 470 - 4606http://netarkivet.dk/robots.txt - 2008-11-05T13:59:35Z application/http; msgtype=request 211 - 5427http://netarkivet.dk/robots.txt - 2008-11-05T13:59:35Z text/anvl 78 - 5963http://netarkivet.dk/netarkivet_alm/billeder/spacer.gif 130.225.27.144 2008-11-05T13:59:39Z application/http; msgtype=response 290 - 6342http://netarkivet.dk/netarkivet_alm/billeder/spacer.gif - 2008-11-05T13:59:39Z application/http; msgtype=request 233 - 7007http://netarkivet.dk/netarkivet_alm/billeder/spacer.gif - 2008-11-05T13:59:39Z text/anvl 75 - 7589http://netarkivet.dk/netarkivet_mouseover/billeder/netarkivet_guidelines_09.gif 130.225.27.144 2008-11-05T13:59:43Z application/http; msgtype=response 457 - 7989http://netarkivet.dk/netarkivet_mouseover/billeder/netarkivet_guidelines_09.gif - 2008-11-05T13:59:43Z application/http; msgtype=request 257 - 8845http://netarkivet.dk/netarkivet_mouseover/billeder/netarkivet_guidelines_09.gif - 2008-11-05T13:59:43Z text/anvl 75 - 9475http://netarkivet.dk/netarkivet_mouseover/billeder/netarkivet_guidelines_07.gif 130.225.27.144 2008-11-05T13:59:47Z application/http; msgtype=response 656 - 9899http://netarkivet.dk/netarkivet_mouseover/billeder/netarkivet_guidelines_07.gif - 2008-11-05T13:59:47Z application/http; msgtype=request 257 - 10954http://netarkivet.dk/netarkivet_mouseover/billeder/netarkivet_guidelines_07.gif - 2008-11-05T13:59:47Z text/anvl 75 - 11584http://netarkivet.dk/netarkivet_mouseover/billeder/netarkivet_guidelines_11.gif 130.225.27.144 2008-11-05T13:59:51Z application/http; msgtype=response 541 - 12008http://netarkivet.dk/netarkivet_mouseover/billeder/netarkivet_guidelines_11.gif - 2008-11-05T13:59:51Z application/http; msgtype=request 257 - 12948http://netarkivet.dk/netarkivet_mouseover/billeder/netarkivet_guidelines_11.gif - 2008-11-05T13:59:51Z text/anvl 75 - 13578http://netarkivet.dk/netarkivet_alm/billeder/netarkivet_guidelines_19.gif 130.225.27.144 2008-11-05T13:59:55Z application/http; msgtype=response 544 - 14002http://netarkivet.dk/netarkivet_alm/billeder/netarkivet_guidelines_19.gif - 2008-11-05T13:59:55Z application/http; msgtype=request 251 - 14939http://netarkivet.dk/netarkivet_alm/billeder/netarkivet_guidelines_19.gif - 2008-11-05T13:59:55Z text/anvl 75 - 15557http://netarkivet.dk/netarkivet_alm/billeder/netarkivet_guidelines_13.gif 130.225.27.144 2008-11-05T13:59:59Z application/http; msgtype=response 1927 - 15975http://netarkivet.dk/netarkivet_alm/billeder/netarkivet_guidelines_13.gif - 2008-11-05T13:59:59Z application/http; msgtype=request 251 - 18296http://netarkivet.dk/netarkivet_alm/billeder/netarkivet_guidelines_13.gif - 2008-11-05T13:59:59Z text/anvl 75 - 18914http://netarkivet.dk/netarkivet_alm/billeder/netarkivet_guidelines_17.gif 130.225.27.144 2008-11-05T14:00:03Z application/http; msgtype=response 411 - 19332http://netarkivet.dk/netarkivet_alm/billeder/netarkivet_guidelines_17.gif - 2008-11-05T14:00:03Z application/http; msgtype=request 251 - 20136http://netarkivet.dk/netarkivet_alm/billeder/netarkivet_guidelines_17.gif - 2008-11-05T14:00:03Z text/anvl 75 - 20754http://netarkivet.dk/netarkivet_alm/billeder/netarkivet_guidelines_12.gif 130.225.27.144 2008-11-05T14:00:07Z application/http; msgtype=response 317 - 21172http://netarkivet.dk/netarkivet_alm/billeder/netarkivet_guidelines_12.gif - 2008-11-05T14:00:07Z application/http; msgtype=request 251 - 21882http://netarkivet.dk/netarkivet_alm/billeder/netarkivet_guidelines_12.gif - 2008-11-05T14:00:07Z text/anvl 75 - 22500http://netarkivet.dk/netarkivet_mouseover/billeder/netarkivet_guidelines_06.gif 130.225.27.144 2008-11-05T14:00:11Z application/http; msgtype=response 704 - 22918http://netarkivet.dk/netarkivet_mouseover/billeder/netarkivet_guidelines_06.gif - 2008-11-05T14:00:11Z application/http; msgtype=request 257 - 24021http://netarkivet.dk/netarkivet_mouseover/billeder/netarkivet_guidelines_06.gif - 2008-11-05T14:00:11Z text/anvl 75 - 24651http://netarkivet.dk/netarkivet_alm/billeder/netarkivet_guidelines_07.gif 130.225.27.144 2008-11-05T14:00:15Z application/http; msgtype=response 656 - 25075http://netarkivet.dk/netarkivet_alm/billeder/netarkivet_guidelines_07.gif - 2008-11-05T14:00:15Z application/http; msgtype=request 251 - 26124http://netarkivet.dk/netarkivet_alm/billeder/netarkivet_guidelines_07.gif - 2008-11-05T14:00:15Z text/anvl 75 - 26742http://netarkivet.dk/netarkivet_mouseover/billeder/netarkivet_guidelines_08.gif 130.225.27.144 2008-11-05T14:00:20Z application/http; msgtype=response 528 - 27160http://netarkivet.dk/netarkivet_mouseover/billeder/netarkivet_guidelines_08.gif - 2008-11-05T14:00:20Z application/http; msgtype=request 257 - 28087http://netarkivet.dk/netarkivet_mouseover/billeder/netarkivet_guidelines_08.gif - 2008-11-05T14:00:20Z text/anvl 75 - 28717http://netarkivet.dk/netarkivet_mouseover/billeder/netarkivet_guidelines_04.gif 130.225.27.144 2008-11-05T14:00:24Z application/http; msgtype=response 550 - 29141http://netarkivet.dk/netarkivet_mouseover/billeder/netarkivet_guidelines_04.gif - 2008-11-05T14:00:24Z application/http; msgtype=request 257 - 30090http://netarkivet.dk/netarkivet_mouseover/billeder/netarkivet_guidelines_04.gif - 2008-11-05T14:00:24Z text/anvl 75 - 30720http://netarkivet.dk/netarkivet_alm/billeder/netarkivet_guidelines_10.gif 130.225.27.144 2008-11-05T14:00:28Z application/http; msgtype=response 323 - 31144http://netarkivet.dk/netarkivet_alm/billeder/netarkivet_guidelines_10.gif - 2008-11-05T14:00:28Z application/http; msgtype=request 251 - 31860http://netarkivet.dk/netarkivet_alm/billeder/netarkivet_guidelines_10.gif - 2008-11-05T14:00:28Z text/anvl 75 - 32478http://netarkivet.dk/netarkivet_alm/billeder/netarkivet_guidelines_11.gif 130.225.27.144 2008-11-05T14:00:32Z application/http; msgtype=response 541 - 32896http://netarkivet.dk/netarkivet_alm/billeder/netarkivet_guidelines_11.gif - 2008-11-05T14:00:32Z application/http; msgtype=request 251 - 33830http://netarkivet.dk/netarkivet_alm/billeder/netarkivet_guidelines_11.gif - 2008-11-05T14:00:32Z text/anvl 75 - 34448dns:netarchive.dk 130.226.220.16 2008-11-05T14:00:34Z text/dns 55 - 34866http://netarchive.dk/robots.txt 130.225.27.144 2008-11-05T14:00:36Z application/http; msgtype=response 470 - 35171http://netarchive.dk/robots.txt - 2008-11-05T14:00:36Z application/http; msgtype=request 202 - 35992http://netarchive.dk/robots.txt - 2008-11-05T14:00:36Z text/anvl 70 - 36519http://netarchive.dk/suite 130.225.27.144 2008-11-05T14:00:38Z application/http; msgtype=response 14684 - 36890http://netarchive.dk/suite - 2008-11-05T14:00:38Z application/http; msgtype=request 231 - 51922http://netarchive.dk/suite - 2008-11-05T14:00:38Z text/anvl 3382 - 52473http://netarchive.dk/suite/Welcome?action=AttachFile&do=view&target=netarkivet.gif 130.225.27.144 2008-11-05T14:00:40Z application/http; msgtype=response 10485 - 56153http://netarchive.dk/suite/Welcome?action=AttachFile&do=view&target=netarkivet.gif - 2008-11-05T14:00:40Z application/http; msgtype=request 253 - 67042http://netarchive.dk/suite/Welcome?action=AttachFile&do=view&target=netarkivet.gif - 2008-11-05T14:00:40Z text/anvl 71 - 67671- - 2008-11-05T14:00:44Z application/warc-fields 425 netarkivet-20081105140044-00002.warc 0http://netarchive.dk/suite/TitleIndex 130.225.27.144 2008-11-05T14:00:43Z application/http; msgtype=response 35074 - 675http://netarchive.dk/suite/TitleIndex - 2008-11-05T14:00:43Z application/http; msgtype=request 208 - 36108http://netarchive.dk/suite/TitleIndex - 2008-11-05T14:00:43Z text/anvl 25793 - 36647mimetype:application/warc-fieldsurl:nullmimetype:text/dnsurl:dns:netarkivet.dkmimetype:application/http; msgtype=responseurl:http://netarkivet.dk/robots.txtmimetype:application/http; msgtype=requesturl:http://netarkivet.dk/robots.txtmimetype:text/anvlurl:http://netarkivet.dk/robots.txtmimetype:application/http; msgtype=responseurl:http://netarkivet.dk/mimetype:application/http; msgtype=requesturl:http://netarkivet.dk/mimetype:text/anvlurl:http://netarkivet.dk/mimetype:application/http; msgtype=responseurl:http://netarkivet.dk/index-da.phpmimetype:application/http; msgtype=requesturl:http://netarkivet.dk/index-da.phpmimetype:text/anvlurl:http://netarkivet.dk/index-da.phpmimetype:application/http; msgtype=responseurl:http://netarkivet.dk/netarkivet_mouseover/billeder/netarkivet_guidelines_03.gifmimetype:application/http; msgtype=requesturl:http://netarkivet.dk/netarkivet_mouseover/billeder/netarkivet_guidelines_03.gifmimetype:text/anvlurl:http://netarkivet.dk/netarkivet_mouseover/billeder/netarkivet_guidelines_03.gifmimetype:application/http; msgtype=responseurl:http://netarkivet.dk/netarkivet_alm/billeder/netarkivet_guidelines_06.gifmimetype:application/http; msgtype=requesturl:http://netarkivet.dk/netarkivet_alm/billeder/netarkivet_guidelines_06.gifmimetype:text/anvlurl:http://netarkivet.dk/netarkivet_alm/billeder/netarkivet_guidelines_06.gifmimetype:application/http; msgtype=responseurl:http://netarkivet.dk/netarkivet_mouseover/billeder/netarkivet_guidelines_05.gifmimetype:application/http; msgtype=requesturl:http://netarkivet.dk/netarkivet_mouseover/billeder/netarkivet_guidelines_05.gifmimetype:text/anvlurl:http://netarkivet.dk/netarkivet_mouseover/billeder/netarkivet_guidelines_05.gifmimetype:application/http; msgtype=responseurl:http://netarkivet.dk/netarkivet_alm/billeder/netarkivet_guidelines_04.gifmimetype:application/http; msgtype=requesturl:http://netarkivet.dk/netarkivet_alm/billeder/netarkivet_guidelines_04.gifmimetype:text/anvlurl:http://netarkivet.dk/netarkivet_alm/billeder/netarkivet_guidelines_04.gifmimetype:application/http; msgtype=responseurl:http://netarkivet.dk/netarkivet_alm/billeder/netarkivet_guidelines_09.gifmimetype:application/http; msgtype=requesturl:http://netarkivet.dk/netarkivet_alm/billeder/netarkivet_guidelines_09.gifmimetype:text/anvlurl:http://netarkivet.dk/netarkivet_alm/billeder/netarkivet_guidelines_09.gifmimetype:application/http; msgtype=responseurl:http://netarkivet.dk/netarkivet_alm/billeder/netarkivet_guidelines_05.gifmimetype:application/http; msgtype=requesturl:http://netarkivet.dk/netarkivet_alm/billeder/netarkivet_guidelines_05.gifmimetype:text/anvlurl:http://netarkivet.dk/netarkivet_alm/billeder/netarkivet_guidelines_05.gifmimetype:application/http; msgtype=responseurl:http://netarkivet.dk/netarkivet_alm/billeder/netarkivet_guidelines_14.gifmimetype:application/http; msgtype=requesturl:http://netarkivet.dk/netarkivet_alm/billeder/netarkivet_guidelines_14.gifmimetype:text/anvlurl:http://netarkivet.dk/netarkivet_alm/billeder/netarkivet_guidelines_14.gifmimetype:application/http; msgtype=responseurl:http://netarkivet.dk/netarkivet_alm/billeder/netarkivet_guidelines_02.gifmimetype:application/http; msgtype=requesturl:http://netarkivet.dk/netarkivet_alm/billeder/netarkivet_guidelines_02.gifmimetype:text/anvlurl:http://netarkivet.dk/netarkivet_alm/billeder/netarkivet_guidelines_02.gifmimetype:application/http; msgtype=responseurl:http://netarkivet.dk/netarkivet_alm/billeder/netarkivet_guidelines_03.gifmimetype:application/http; msgtype=requesturl:http://netarkivet.dk/netarkivet_alm/billeder/netarkivet_guidelines_03.gifmimetype:text/anvlurl:http://netarkivet.dk/netarkivet_alm/billeder/netarkivet_guidelines_03.gifmimetype:application/http; msgtype=responseurl:http://netarkivet.dk/netarkivet_alm/billeder/netarkivet_guidelines_01.gifmimetype:application/http; msgtype=requesturl:http://netarkivet.dk/netarkivet_alm/billeder/netarkivet_guidelines_01.gifmimetype:text/anvlurl:http://netarkivet.dk/netarkivet_alm/billeder/netarkivet_guidelines_01.gifmimetype:application/http; msgtype=responseurl:http://netarkivet.dk/netarkivet_alm/billeder/netarkivet_guidelines_08.gifmimetype:application/http; msgtype=requesturl:http://netarkivet.dk/netarkivet_alm/billeder/netarkivet_guidelines_08.gifmimetype:text/anvlurl:http://netarkivet.dk/netarkivet_alm/billeder/netarkivet_guidelines_08.gifmimetype:application/http; msgtype=responseurl:http://netarkivet.dk/netarkivet_alm/billeder/netarkivet_guidelines_20.gifmimetype:application/http; msgtype=requesturl:http://netarkivet.dk/netarkivet_alm/billeder/netarkivet_guidelines_20.gifmimetype:text/anvlurl:http://netarkivet.dk/netarkivet_alm/billeder/netarkivet_guidelines_20.gifmimetype:application/http; msgtype=responseurl:http://netarkivet.dk/netarkivet_alm/billeder/netarkivet_guidelines_16.gifmimetype:application/http; msgtype=requesturl:http://netarkivet.dk/netarkivet_alm/billeder/netarkivet_guidelines_16.gifmimetype:text/anvlurl:http://netarkivet.dk/netarkivet_alm/billeder/netarkivet_guidelines_16.gifmimetype:application/http; msgtype=responseurl:http://netarkivet.dk/netarkivet.cssmimetype:application/http; msgtype=requesturl:http://netarkivet.dk/netarkivet.cssmimetype:text/anvlurl:http://netarkivet.dk/netarkivet.cssmimetype:application/http; msgtype=responseurl:http://netarkivet.dk/nyheder/index-da.php?highlight=20070704mimetype:application/http; msgtype=requesturl:http://netarkivet.dk/nyheder/index-da.php?highlight=20070704mimetype:text/anvlurl:http://netarkivet.dk/nyheder/index-da.php?highlight=20070704mimetype:application/http; msgtype=responseurl:http://netarkivet.dk/nyheder/netarchivesuite.gifmimetype:application/http; msgtype=requesturl:http://netarkivet.dk/nyheder/netarchivesuite.gifmimetype:text/anvlurl:http://netarkivet.dk/nyheder/netarchivesuite.gifmimetype:application/http; msgtype=responseurl:http://netarkivet.dk/links/index-da.phpmimetype:application/http; msgtype=requesturl:http://netarkivet.dk/links/index-da.phpmimetype:text/anvlurl:http://netarkivet.dk/links/index-da.phpmimetype:application/http; msgtype=responseurl:http://netarkivet.dk/presse/Pressemeddelelse_om_Netarkivet.pdfmimetype:application/http; msgtype=requesturl:http://netarkivet.dk/presse/Pressemeddelelse_om_Netarkivet.pdfmimetype:text/anvlurl:http://netarkivet.dk/presse/Pressemeddelelse_om_Netarkivet.pdfmimetype:application/http; msgtype=responseurl:http://netarkivet.dk/publikationer/DFrevy.pdfmimetype:application/http; msgtype=requesturl:http://netarkivet.dk/publikationer/DFrevy.pdfmimetype:text/anvlurl:http://netarkivet.dk/publikationer/DFrevy.pdfTests run: 7, Failures: 0, Errors: 0, Skipped: 1, Time elapsed: 0.011 sec - in dk.netarkivet.common.utils.cdx.ExtractCDXFromWarcJobTesterRunning dk.netarkivet.common.utils.cdx.CDXRecordTesterTests run: 3, Failures: 0, Errors: 0, Skipped: 0, Time elapsed: 0.001 sec - in dk.netarkivet.common.utils.cdx.CDXRecordTesterRunning dk.netarkivet.common.utils.cdx.ExtractCDXJobTesterTests run: 5, Failures: 0, Errors: 0, Skipped: 0, Time elapsed: 0.001 sec - in dk.netarkivet.common.utils.cdx.ExtractCDXJobTesterRunning dk.netarkivet.common.utils.cdx.ARCFilenameCDXRecordFilterTesterTests run: 6, Failures: 0, Errors: 0, Skipped: 0, Time elapsed: 0.001 sec - in dk.netarkivet.common.utils.cdx.ARCFilenameCDXRecordFilterTesterRunning dk.netarkivet.common.utils.ZipUtilsTesterTests run: 3, Failures: 0, Errors: 0, Skipped: 0, Time elapsed: 0 sec - in dk.netarkivet.common.utils.ZipUtilsTesterRunning dk.netarkivet.common.utils.ExceptionUtilsTesterTests run: 3, Failures: 0, Errors: 0, Skipped: 0, Time elapsed: 0.001 sec - in dk.netarkivet.common.utils.ExceptionUtilsTesterRunning dk.netarkivet.common.utils.TablesortTesterTests run: 2, Failures: 0, Errors: 0, Skipped: 0, Time elapsed: 0 sec - in dk.netarkivet.common.utils.TablesortTesterRunning dk.netarkivet.common.utils.SparseBitSetTesterTests run: 19, Failures: 0, Errors: 0, Skipped: 0, Time elapsed: 0 sec - in dk.netarkivet.common.utils.SparseBitSetTesterRunning dk.netarkivet.common.utils.TimeUtilsTesterTests run: 2, Failures: 0, Errors: 0, Skipped: 0, Time elapsed: 2.334 sec - in dk.netarkivet.common.utils.TimeUtilsTesterRunning dk.netarkivet.common.utils.StringUtilsTesterTests run: 14, Failures: 0, Errors: 0, Skipped: 0, Time elapsed: 0.002 sec - in dk.netarkivet.common.utils.StringUtilsTesterRunning dk.netarkivet.common.utils.XmlUtilsTesterTests run: 1, Failures: 0, Errors: 0, Skipped: 0, Time elapsed: 0 sec - in dk.netarkivet.common.utils.XmlUtilsTesterRunning dk.netarkivet.common.utils.ReadOnlyByteArrayTesterTests run: 1, Failures: 0, Errors: 0, Skipped: 0, Time elapsed: 0 sec - in dk.netarkivet.common.utils.ReadOnlyByteArrayTesterRunning dk.netarkivet.common.utils.StreamUtilsTesterTests run: 3, Failures: 0, Errors: 0, Skipped: 0, Time elapsed: 0 sec - in dk.netarkivet.common.utils.StreamUtilsTesterRunning dk.netarkivet.common.utils.arc.ARCUtilsTesterTests run: 4, Failures: 0, Errors: 0, Skipped: 0, Time elapsed: 0 sec - in dk.netarkivet.common.utils.arc.ARCUtilsTesterRunning dk.netarkivet.common.utils.arc.ARCKeyTesterTests run: 1, Failures: 0, Errors: 0, Skipped: 0, Time elapsed: 0 sec - in dk.netarkivet.common.utils.arc.ARCKeyTesterRunning dk.netarkivet.common.utils.arc.ARCReaderTesterTests run: 1, Failures: 0, Errors: 0, Skipped: 0, Time elapsed: 0 sec - in dk.netarkivet.common.utils.arc.ARCReaderTesterRunning dk.netarkivet.common.utils.arc.ARCBatchJobTesterTests run: 8, Failures: 0, Errors: 0, Skipped: 1, Time elapsed: 0 sec - in dk.netarkivet.common.utils.arc.ARCBatchJobTesterRunning dk.netarkivet.common.utils.XmlTreeTesterTests run: 10, Failures: 0, Errors: 0, Skipped: 0, Time elapsed: 0 sec - in dk.netarkivet.common.utils.XmlTreeTesterRunning dk.netarkivet.common.utils.KeyValuePairTesterTests run: 2, Failures: 0, Errors: 0, Skipped: 0, Time elapsed: 0 sec - in dk.netarkivet.common.utils.KeyValuePairTesterRunning dk.netarkivet.common.utils.SimpleXmlTesterTests run: 8, Failures: 0, Errors: 0, Skipped: 0, Time elapsed: 0 sec - in dk.netarkivet.common.utils.SimpleXmlTesterRunning dk.netarkivet.common.utils.FileUtilsTestera File could not be deletedTests run: 18, Failures: 0, Errors: 0, Skipped: 1, Time elapsed: 0.819 sec - in dk.netarkivet.common.utils.FileUtilsTesterRunning dk.netarkivet.common.utils.FilterIteratorTesterTests run: 5, Failures: 0, Errors: 0, Skipped: 0, Time elapsed: 0.083 sec - in dk.netarkivet.common.utils.FilterIteratorTesterRunning dk.netarkivet.common.utils.DiscardingOutputStreamTesterTests run: 3, Failures: 0, Errors: 0, Skipped: 0, Time elapsed: 0.008 sec - in dk.netarkivet.common.utils.DiscardingOutputStreamTesterRunning dk.netarkivet.common.utils.batch.LoadableJarBatchJobTesterTests run: 4, Failures: 0, Errors: 0, Skipped: 0, Time elapsed: 0.057 sec - in dk.netarkivet.common.utils.batch.LoadableJarBatchJobTesterRunning dk.netarkivet.common.utils.batch.FileBatchJobTesterTests run: 5, Failures: 0, Errors: 0, Skipped: 0, Time elapsed: 0.35 sec - in dk.netarkivet.common.utils.batch.FileBatchJobTesterRunning dk.netarkivet.common.utils.batch.DatedFileListJobTesterTests run: 1, Failures: 0, Errors: 0, Skipped: 0, Time elapsed: 0.013 sec - in dk.netarkivet.common.utils.batch.DatedFileListJobTesterRunning dk.netarkivet.common.utils.batch.LoadableFileBatchJobTesterTests run: 1, Failures: 0, Errors: 0, Skipped: 1, Time elapsed: 0.001 sec - in dk.netarkivet.common.utils.batch.LoadableFileBatchJobTesterRunning dk.netarkivet.common.utils.batch.FileRemoverTesterTests run: 1, Failures: 0, Errors: 0, Skipped: 0, Time elapsed: 0.002 sec - in dk.netarkivet.common.utils.batch.FileRemoverTesterRunning dk.netarkivet.common.utils.batch.ByteClassLoaderTesterTests run: 1, Failures: 0, Errors: 0, Skipped: 1, Time elapsed: 0.003 sec - in dk.netarkivet.common.utils.batch.ByteClassLoaderTesterRunning dk.netarkivet.common.utils.batch.BatchFilterTesterTests run: 4, Failures: 0, Errors: 0, Skipped: 0, Time elapsed: 0.004 sec - in dk.netarkivet.common.utils.batch.BatchFilterTesterRunning dk.netarkivet.common.utils.batch.BatchLocalFilesTesterTests run: 7, Failures: 0, Errors: 0, Skipped: 0, Time elapsed: 0.441 sec - in dk.netarkivet.common.utils.batch.BatchLocalFilesTesterRunning dk.netarkivet.common.utils.SettingsFactoryTesterTests run: 1, Failures: 0, Errors: 0, Skipped: 0, Time elapsed: 0.023 sec - in dk.netarkivet.common.utils.SettingsFactoryTesterCleaned up dk.netarkivet.common.distribute.JMSConnectionMockupMQCleaned up dk.netarkivet.common.distribute.JMSConnectionMockupMQCleaned up dk.netarkivet.common.distribute.JMSConnectionMockupMQCleaned up dk.netarkivet.common.distribute.JMSConnectionMockupMQCleaned up dk.netarkivet.common.distribute.JMSConnectionMockupMQCleaned up dk.netarkivet.common.distribute.HTTPRemoteFileRegistryResults :Tests run: 271, Failures: 0, Errors: 0, Skipped: 11[JENKINS] Recording test results[INFO] [INFO] --- maven-jgit-buildnumber-plugin:1.2.9:extract-buildnumber (git-buildnumber) @ common-test ---[INFO] [INFO] --- maven-jar-plugin:2.4:jar (default-jar) @ common-test ---[INFO] Building jar: /home/cibuild02/workspace/NetarchiveSuite-sonar/common/common-test/target/common-test-5.3-SNAPSHOT.jar[INFO] [INFO] >>> maven-source-plugin:2.2.1:jar (attach-sources) @ common-test >>>[WARNING] Failed to getClass for org.apache.maven.plugin.source.SourceJarMojo[INFO] [INFO] <<< maven-source-plugin:2.2.1:jar (attach-sources) @ common-test <<<[INFO] [INFO] --- maven-source-plugin:2.2.1:jar (attach-sources) @ common-test ---[INFO] Building jar: /home/cibuild02/workspace/NetarchiveSuite-sonar/common/common-test/target/common-test-5.3-SNAPSHOT-sources.jar[INFO] [INFO] --- maven-javadoc-plugin:2.10.3:jar (attach-javadocs) @ common-test ---[INFO] Building jar: /home/cibuild02/workspace/NetarchiveSuite-sonar/common/common-test/target/common-test-5.3-SNAPSHOT-javadoc.jar[INFO] [INFO] --- maven-install-plugin:2.4:install (default-install) @ common-test ---[INFO] Installing /home/cibuild02/workspace/NetarchiveSuite-sonar/common/common-test/target/common-test-5.3-SNAPSHOT.jar to /home/cibuild02/.m2/repository/org/netarchivesuite/common-test/5.3-SNAPSHOT/common-test-5.3-SNAPSHOT.jar[INFO] Installing /home/cibuild02/workspace/NetarchiveSuite-sonar/common/common-test/pom.xml to /home/cibuild02/.m2/repository/org/netarchivesuite/common-test/5.3-SNAPSHOT/common-test-5.3-SNAPSHOT.pom[INFO] Installing /home/cibuild02/workspace/NetarchiveSuite-sonar/common/common-test/target/common-test-5.3-SNAPSHOT-sources.jar to /home/cibuild02/.m2/repository/org/netarchivesuite/common-test/5.3-SNAPSHOT/common-test-5.3-SNAPSHOT-sources.jar[INFO] Installing /home/cibuild02/workspace/NetarchiveSuite-sonar/common/common-test/target/common-test-5.3-SNAPSHOT-javadoc.jar to /home/cibuild02/.m2/repository/org/netarchivesuite/common-test/5.3-SNAPSHOT/common-test-5.3-SNAPSHOT-javadoc.jar[JENKINS] Archiving disabledPage generated: Jan 24, 2021 6:04:52 AMREST APIJenkins ver. 1.596Help us localize this page"
